[2023-03-29 17:46:19,854] {taskinstance.py:1032} INFO - Dependencies all met for <TaskInstance: SP_500_DATA_PIPELINE.extract_data_task manual__2023-03-29T17:46:15.004666+00:00 [queued]>
[2023-03-29 17:46:19,892] {taskinstance.py:1032} INFO - Dependencies all met for <TaskInstance: SP_500_DATA_PIPELINE.extract_data_task manual__2023-03-29T17:46:15.004666+00:00 [queued]>
[2023-03-29 17:46:19,894] {taskinstance.py:1238} INFO - 
--------------------------------------------------------------------------------
[2023-03-29 17:46:19,895] {taskinstance.py:1239} INFO - Starting attempt 1 of 3
[2023-03-29 17:46:19,897] {taskinstance.py:1240} INFO - 
--------------------------------------------------------------------------------
[2023-03-29 17:46:19,940] {taskinstance.py:1259} INFO - Executing <Task(PythonOperator): extract_data_task> on 2023-03-29 17:46:15.004666+00:00
[2023-03-29 17:46:19,954] {standard_task_runner.py:52} INFO - Started process 2841 to run task
[2023-03-29 17:46:19,963] {standard_task_runner.py:76} INFO - Running: ['***', 'tasks', 'run', 'SP_500_DATA_PIPELINE', 'extract_data_task', 'manual__2023-03-29T17:46:15.004666+00:00', '--job-id', '166', '--raw', '--subdir', 'DAGS_FOLDER/first_dag.py', '--cfg-path', '/tmp/tmpvk0sctpa', '--error-file', '/tmp/tmpeeoberjq']
[2023-03-29 17:46:19,966] {standard_task_runner.py:77} INFO - Job 166: Subtask extract_data_task
[2023-03-29 17:46:20,133] {logging_mixin.py:109} INFO - Running <TaskInstance: SP_500_DATA_PIPELINE.extract_data_task manual__2023-03-29T17:46:15.004666+00:00 [running]> on host eebc01130c53
[2023-03-29 17:46:20,293] {taskinstance.py:1426} INFO - Exporting the following env vars:
AIRFLOW_CTX_DAG_EMAIL=
AIRFLOW_CTX_DAG_OWNER=me
AIRFLOW_CTX_DAG_ID=SP_500_DATA_PIPELINE
AIRFLOW_CTX_TASK_ID=extract_data_task
AIRFLOW_CTX_EXECUTION_DATE=2023-03-29T17:46:15.004666+00:00
AIRFLOW_CTX_DAG_RUN_ID=manual__2023-03-29T17:46:15.004666+00:00
[2023-03-29 17:46:24,468] {warnings.py:110} WARNING - /home/***/.local/lib/python3.7/site-packages/pandas_datareader/tiingo.py:234: FutureWarning: In a future version of pandas all arguments of concat except for the argument 'objs' will be keyword-only
  return pd.concat(dfs, self._concat_axis)

[2023-03-29 17:46:24,520] {logging_mixin.py:109} INFO - ingestion from api completed
[2023-03-29 17:46:24,715] {logging_mixin.py:109} INFO - file has been saved at :sp_500_data.csv
[2023-03-29 17:46:24,722] {logging_mixin.py:109} INFO - sp_500_data.csv
[2023-03-29 17:46:24,728] {python.py:175} INFO - Done. Returned value was: None
[2023-03-29 17:46:24,788] {taskinstance.py:1277} INFO - Marking task as SUCCESS. dag_id=SP_500_DATA_PIPELINE, task_id=extract_data_task, execution_date=20230329T174615, start_date=20230329T174619, end_date=20230329T174624
[2023-03-29 17:46:24,992] {local_task_job.py:154} INFO - Task exited with return code 0
[2023-03-29 17:46:25,288] {local_task_job.py:264} INFO - 1 downstream tasks scheduled from follow-on schedule check
