[2023-03-29 14:47:32,886] {taskinstance.py:1032} INFO - Dependencies all met for <TaskInstance: SP_500_DATA_PIPELINE_v1.ingest_to_gcs manual__2023-03-29T14:47:16.172839+00:00 [queued]>
[2023-03-29 14:47:32,935] {taskinstance.py:1032} INFO - Dependencies all met for <TaskInstance: SP_500_DATA_PIPELINE_v1.ingest_to_gcs manual__2023-03-29T14:47:16.172839+00:00 [queued]>
[2023-03-29 14:47:32,942] {taskinstance.py:1238} INFO - 
--------------------------------------------------------------------------------
[2023-03-29 14:47:32,946] {taskinstance.py:1239} INFO - Starting attempt 1 of 3
[2023-03-29 14:47:32,950] {taskinstance.py:1240} INFO - 
--------------------------------------------------------------------------------
[2023-03-29 14:47:33,030] {taskinstance.py:1259} INFO - Executing <Task(PythonOperator): ingest_to_gcs> on 2023-03-29 14:47:16.172839+00:00
[2023-03-29 14:47:33,041] {standard_task_runner.py:52} INFO - Started process 1288 to run task
[2023-03-29 14:47:33,062] {standard_task_runner.py:76} INFO - Running: ['***', 'tasks', 'run', 'SP_500_DATA_PIPELINE_v1', 'ingest_to_gcs', 'manual__2023-03-29T14:47:16.172839+00:00', '--job-id', '134', '--raw', '--subdir', 'DAGS_FOLDER/first_dag.py', '--cfg-path', '/tmp/tmponddguaz', '--error-file', '/tmp/tmpnjjzeu2r']
[2023-03-29 14:47:33,066] {standard_task_runner.py:77} INFO - Job 134: Subtask ingest_to_gcs
[2023-03-29 14:47:33,216] {logging_mixin.py:109} INFO - Running <TaskInstance: SP_500_DATA_PIPELINE_v1.ingest_to_gcs manual__2023-03-29T14:47:16.172839+00:00 [running]> on host ebd786f8513c
[2023-03-29 14:47:33,394] {taskinstance.py:1426} INFO - Exporting the following env vars:
AIRFLOW_CTX_DAG_EMAIL=
AIRFLOW_CTX_DAG_OWNER=me
AIRFLOW_CTX_DAG_ID=SP_500_DATA_PIPELINE_v1
AIRFLOW_CTX_TASK_ID=ingest_to_gcs
AIRFLOW_CTX_EXECUTION_DATE=2023-03-29T14:47:16.172839+00:00
AIRFLOW_CTX_DAG_RUN_ID=manual__2023-03-29T14:47:16.172839+00:00
[2023-03-29 14:47:34,313] {logging_mixin.py:109} INFO - File sp_500_data.csv locally and  uploaded to input-data/sp_500_data.csv in bucket dtc_data_lake_dataengineering-378316.
[2023-03-29 14:47:34,316] {python.py:175} INFO - Done. Returned value was: None
[2023-03-29 14:47:34,354] {taskinstance.py:1277} INFO - Marking task as SUCCESS. dag_id=SP_500_DATA_PIPELINE_v1, task_id=ingest_to_gcs, execution_date=20230329T144716, start_date=20230329T144732, end_date=20230329T144734
[2023-03-29 14:47:34,453] {local_task_job.py:154} INFO - Task exited with return code 0
[2023-03-29 14:47:34,602] {local_task_job.py:264} INFO - 1 downstream tasks scheduled from follow-on schedule check
