[2023-03-29 11:22:25,919] {taskinstance.py:1032} INFO - Dependencies all met for <TaskInstance: SP_500_DATA_PIPELINE_v2.ingest_to_gcs manual__2023-03-29T11:22:09.636499+00:00 [queued]>
[2023-03-29 11:22:25,979] {taskinstance.py:1032} INFO - Dependencies all met for <TaskInstance: SP_500_DATA_PIPELINE_v2.ingest_to_gcs manual__2023-03-29T11:22:09.636499+00:00 [queued]>
[2023-03-29 11:22:25,981] {taskinstance.py:1238} INFO - 
--------------------------------------------------------------------------------
[2023-03-29 11:22:25,983] {taskinstance.py:1239} INFO - Starting attempt 1 of 3
[2023-03-29 11:22:25,985] {taskinstance.py:1240} INFO - 
--------------------------------------------------------------------------------
[2023-03-29 11:22:26,043] {taskinstance.py:1259} INFO - Executing <Task(PythonOperator): ingest_to_gcs> on 2023-03-29 11:22:09.636499+00:00
[2023-03-29 11:22:26,056] {standard_task_runner.py:52} INFO - Started process 6970 to run task
[2023-03-29 11:22:26,076] {standard_task_runner.py:76} INFO - Running: ['***', 'tasks', 'run', 'SP_500_DATA_PIPELINE_v2', 'ingest_to_gcs', 'manual__2023-03-29T11:22:09.636499+00:00', '--job-id', '88', '--raw', '--subdir', 'DAGS_FOLDER/first_dag.py', '--cfg-path', '/tmp/tmptofvahi1', '--error-file', '/tmp/tmpciubhax3']
[2023-03-29 11:22:26,081] {standard_task_runner.py:77} INFO - Job 88: Subtask ingest_to_gcs
[2023-03-29 11:22:26,325] {logging_mixin.py:109} INFO - Running <TaskInstance: SP_500_DATA_PIPELINE_v2.ingest_to_gcs manual__2023-03-29T11:22:09.636499+00:00 [running]> on host 5ebc180c7cc0
[2023-03-29 11:22:26,576] {taskinstance.py:1426} INFO - Exporting the following env vars:
AIRFLOW_CTX_DAG_EMAIL=
AIRFLOW_CTX_DAG_OWNER=me
AIRFLOW_CTX_DAG_ID=SP_500_DATA_PIPELINE_v2
AIRFLOW_CTX_TASK_ID=ingest_to_gcs
AIRFLOW_CTX_EXECUTION_DATE=2023-03-29T11:22:09.636499+00:00
AIRFLOW_CTX_DAG_RUN_ID=manual__2023-03-29T11:22:09.636499+00:00
[2023-03-29 11:22:27,379] {logging_mixin.py:109} INFO - File sp_500_data.csv locally and  uploaded to input-data/sp_500_data.csv in bucket dtc_data_lake_dataengineering-378316.
[2023-03-29 11:22:27,382] {python.py:175} INFO - Done. Returned value was: None
[2023-03-29 11:22:27,465] {taskinstance.py:1277} INFO - Marking task as SUCCESS. dag_id=SP_500_DATA_PIPELINE_v2, task_id=ingest_to_gcs, execution_date=20230329T112209, start_date=20230329T112225, end_date=20230329T112227
[2023-03-29 11:22:27,627] {local_task_job.py:154} INFO - Task exited with return code 0
[2023-03-29 11:22:27,748] {local_task_job.py:264} INFO - 1 downstream tasks scheduled from follow-on schedule check
