[2023-03-29 13:04:52,458] {taskinstance.py:1032} INFO - Dependencies all met for <TaskInstance: SP_500_DATA_PIPELINE_v2.extract_data_task manual__2023-03-29T13:04:44.453384+00:00 [queued]>
[2023-03-29 13:04:52,583] {taskinstance.py:1032} INFO - Dependencies all met for <TaskInstance: SP_500_DATA_PIPELINE_v2.extract_data_task manual__2023-03-29T13:04:44.453384+00:00 [queued]>
[2023-03-29 13:04:52,586] {taskinstance.py:1238} INFO - 
--------------------------------------------------------------------------------
[2023-03-29 13:04:52,587] {taskinstance.py:1239} INFO - Starting attempt 1 of 3
[2023-03-29 13:04:52,590] {taskinstance.py:1240} INFO - 
--------------------------------------------------------------------------------
[2023-03-29 13:04:52,643] {taskinstance.py:1259} INFO - Executing <Task(PythonOperator): extract_data_task> on 2023-03-29 13:04:44.453384+00:00
[2023-03-29 13:04:52,659] {standard_task_runner.py:52} INFO - Started process 12121 to run task
[2023-03-29 13:04:52,667] {standard_task_runner.py:76} INFO - Running: ['***', 'tasks', 'run', 'SP_500_DATA_PIPELINE_v2', 'extract_data_task', 'manual__2023-03-29T13:04:44.453384+00:00', '--job-id', '96', '--raw', '--subdir', 'DAGS_FOLDER/first_dag.py', '--cfg-path', '/tmp/tmpdkjtwdpq', '--error-file', '/tmp/tmpy5aa86e0']
[2023-03-29 13:04:52,672] {standard_task_runner.py:77} INFO - Job 96: Subtask extract_data_task
[2023-03-29 13:04:52,820] {logging_mixin.py:109} INFO - Running <TaskInstance: SP_500_DATA_PIPELINE_v2.extract_data_task manual__2023-03-29T13:04:44.453384+00:00 [running]> on host 5ebc180c7cc0
[2023-03-29 13:04:52,992] {taskinstance.py:1426} INFO - Exporting the following env vars:
AIRFLOW_CTX_DAG_EMAIL=
AIRFLOW_CTX_DAG_OWNER=me
AIRFLOW_CTX_DAG_ID=SP_500_DATA_PIPELINE_v2
AIRFLOW_CTX_TASK_ID=extract_data_task
AIRFLOW_CTX_EXECUTION_DATE=2023-03-29T13:04:44.453384+00:00
AIRFLOW_CTX_DAG_RUN_ID=manual__2023-03-29T13:04:44.453384+00:00
[2023-03-29 13:04:56,559] {warnings.py:110} WARNING - /home/***/.local/lib/python3.7/site-packages/pandas_datareader/tiingo.py:234: FutureWarning: In a future version of pandas all arguments of concat except for the argument 'objs' will be keyword-only
  return pd.concat(dfs, self._concat_axis)

[2023-03-29 13:04:56,601] {logging_mixin.py:109} INFO - ingestion from api completed
[2023-03-29 13:04:56,698] {logging_mixin.py:109} INFO - file has been saved at :sp_500_data.csv
[2023-03-29 13:04:56,701] {logging_mixin.py:109} INFO - sp_500_data.csv
[2023-03-29 13:04:56,703] {python.py:175} INFO - Done. Returned value was: None
[2023-03-29 13:04:56,739] {taskinstance.py:1277} INFO - Marking task as SUCCESS. dag_id=SP_500_DATA_PIPELINE_v2, task_id=extract_data_task, execution_date=20230329T130444, start_date=20230329T130452, end_date=20230329T130456
[2023-03-29 13:04:56,832] {local_task_job.py:154} INFO - Task exited with return code 0
[2023-03-29 13:04:56,952] {local_task_job.py:264} INFO - 1 downstream tasks scheduled from follow-on schedule check
