[2023-03-29 16:40:56,840] {taskinstance.py:1032} INFO - Dependencies all met for <TaskInstance: SP_500_DATA_PIPELINE_FINAL.ingest_to_gcs manual__2023-03-29T16:40:41.607407+00:00 [queued]>
[2023-03-29 16:40:56,887] {taskinstance.py:1032} INFO - Dependencies all met for <TaskInstance: SP_500_DATA_PIPELINE_FINAL.ingest_to_gcs manual__2023-03-29T16:40:41.607407+00:00 [queued]>
[2023-03-29 16:40:56,890] {taskinstance.py:1238} INFO - 
--------------------------------------------------------------------------------
[2023-03-29 16:40:56,891] {taskinstance.py:1239} INFO - Starting attempt 1 of 3
[2023-03-29 16:40:56,893] {taskinstance.py:1240} INFO - 
--------------------------------------------------------------------------------
[2023-03-29 16:40:56,948] {taskinstance.py:1259} INFO - Executing <Task(PythonOperator): ingest_to_gcs> on 2023-03-29 16:40:41.607407+00:00
[2023-03-29 16:40:56,959] {standard_task_runner.py:52} INFO - Started process 7684 to run task
[2023-03-29 16:40:56,973] {standard_task_runner.py:76} INFO - Running: ['***', 'tasks', 'run', 'SP_500_DATA_PIPELINE_FINAL', 'ingest_to_gcs', 'manual__2023-03-29T16:40:41.607407+00:00', '--job-id', '149', '--raw', '--subdir', 'DAGS_FOLDER/first_dag.py', '--cfg-path', '/tmp/tmpminwxz9o', '--error-file', '/tmp/tmpvrfigcaa']
[2023-03-29 16:40:56,977] {standard_task_runner.py:77} INFO - Job 149: Subtask ingest_to_gcs
[2023-03-29 16:40:57,137] {logging_mixin.py:109} INFO - Running <TaskInstance: SP_500_DATA_PIPELINE_FINAL.ingest_to_gcs manual__2023-03-29T16:40:41.607407+00:00 [running]> on host ebd786f8513c
[2023-03-29 16:40:57,471] {taskinstance.py:1426} INFO - Exporting the following env vars:
AIRFLOW_CTX_DAG_EMAIL=
AIRFLOW_CTX_DAG_OWNER=me
AIRFLOW_CTX_DAG_ID=SP_500_DATA_PIPELINE_FINAL
AIRFLOW_CTX_TASK_ID=ingest_to_gcs
AIRFLOW_CTX_EXECUTION_DATE=2023-03-29T16:40:41.607407+00:00
AIRFLOW_CTX_DAG_RUN_ID=manual__2023-03-29T16:40:41.607407+00:00
[2023-03-29 16:40:58,256] {logging_mixin.py:109} INFO - File sp_500_data.csv locally and  uploaded to input-data/sp_500_data.csv in bucket dtc_data_lake_dataengineering-378316.
[2023-03-29 16:40:58,259] {python.py:175} INFO - Done. Returned value was: None
[2023-03-29 16:40:58,298] {taskinstance.py:1277} INFO - Marking task as SUCCESS. dag_id=SP_500_DATA_PIPELINE_FINAL, task_id=ingest_to_gcs, execution_date=20230329T164041, start_date=20230329T164056, end_date=20230329T164058
[2023-03-29 16:40:58,398] {local_task_job.py:154} INFO - Task exited with return code 0
[2023-03-29 16:40:58,553] {local_task_job.py:264} INFO - 1 downstream tasks scheduled from follow-on schedule check
