[2023-03-29 14:34:37,423] {taskinstance.py:1032} INFO - Dependencies all met for <TaskInstance: SP_500_DATA_PIPELINE_v1.ingest_to_gcs manual__2023-03-29T14:34:09.749558+00:00 [queued]>
[2023-03-29 14:34:37,487] {taskinstance.py:1032} INFO - Dependencies all met for <TaskInstance: SP_500_DATA_PIPELINE_v1.ingest_to_gcs manual__2023-03-29T14:34:09.749558+00:00 [queued]>
[2023-03-29 14:34:37,497] {taskinstance.py:1238} INFO - 
--------------------------------------------------------------------------------
[2023-03-29 14:34:37,500] {taskinstance.py:1239} INFO - Starting attempt 1 of 3
[2023-03-29 14:34:37,506] {taskinstance.py:1240} INFO - 
--------------------------------------------------------------------------------
[2023-03-29 14:34:37,667] {taskinstance.py:1259} INFO - Executing <Task(PythonOperator): ingest_to_gcs> on 2023-03-29 14:34:09.749558+00:00
[2023-03-29 14:34:37,686] {standard_task_runner.py:52} INFO - Started process 505 to run task
[2023-03-29 14:34:37,706] {standard_task_runner.py:76} INFO - Running: ['***', 'tasks', 'run', 'SP_500_DATA_PIPELINE_v1', 'ingest_to_gcs', 'manual__2023-03-29T14:34:09.749558+00:00', '--job-id', '131', '--raw', '--subdir', 'DAGS_FOLDER/first_dag.py', '--cfg-path', '/tmp/tmp4z88zqqb', '--error-file', '/tmp/tmpi_qessov']
[2023-03-29 14:34:37,712] {standard_task_runner.py:77} INFO - Job 131: Subtask ingest_to_gcs
[2023-03-29 14:34:37,938] {logging_mixin.py:109} INFO - Running <TaskInstance: SP_500_DATA_PIPELINE_v1.ingest_to_gcs manual__2023-03-29T14:34:09.749558+00:00 [running]> on host ebd786f8513c
[2023-03-29 14:34:38,111] {taskinstance.py:1426} INFO - Exporting the following env vars:
AIRFLOW_CTX_DAG_EMAIL=
AIRFLOW_CTX_DAG_OWNER=me
AIRFLOW_CTX_DAG_ID=SP_500_DATA_PIPELINE_v1
AIRFLOW_CTX_TASK_ID=ingest_to_gcs
AIRFLOW_CTX_EXECUTION_DATE=2023-03-29T14:34:09.749558+00:00
AIRFLOW_CTX_DAG_RUN_ID=manual__2023-03-29T14:34:09.749558+00:00
[2023-03-29 14:34:38,993] {logging_mixin.py:109} INFO - File sp_500_data.csv locally and  uploaded to input-data/sp_500_data.csv in bucket dtc_data_lake_dataengineering-378316.
[2023-03-29 14:34:38,995] {python.py:175} INFO - Done. Returned value was: None
[2023-03-29 14:34:39,038] {taskinstance.py:1277} INFO - Marking task as SUCCESS. dag_id=SP_500_DATA_PIPELINE_v1, task_id=ingest_to_gcs, execution_date=20230329T143409, start_date=20230329T143437, end_date=20230329T143439
[2023-03-29 14:34:39,127] {local_task_job.py:154} INFO - Task exited with return code 0
[2023-03-29 14:34:39,385] {local_task_job.py:264} INFO - 1 downstream tasks scheduled from follow-on schedule check
