[2023-03-29 03:55:13,280] {taskinstance.py:1032} INFO - Dependencies all met for <TaskInstance: SP_500_DATA_PIPELINE_v2.ingest_to_gcs manual__2023-03-29T03:54:37.493629+00:00 [queued]>
[2023-03-29 03:55:13,408] {taskinstance.py:1032} INFO - Dependencies all met for <TaskInstance: SP_500_DATA_PIPELINE_v2.ingest_to_gcs manual__2023-03-29T03:54:37.493629+00:00 [queued]>
[2023-03-29 03:55:13,417] {taskinstance.py:1238} INFO - 
--------------------------------------------------------------------------------
[2023-03-29 03:55:13,420] {taskinstance.py:1239} INFO - Starting attempt 1 of 3
[2023-03-29 03:55:13,423] {taskinstance.py:1240} INFO - 
--------------------------------------------------------------------------------
[2023-03-29 03:55:13,549] {taskinstance.py:1259} INFO - Executing <Task(PythonOperator): ingest_to_gcs> on 2023-03-29 03:54:37.493629+00:00
[2023-03-29 03:55:13,568] {standard_task_runner.py:52} INFO - Started process 1903 to run task
[2023-03-29 03:55:13,628] {standard_task_runner.py:76} INFO - Running: ['***', 'tasks', 'run', 'SP_500_DATA_PIPELINE_v2', 'ingest_to_gcs', 'manual__2023-03-29T03:54:37.493629+00:00', '--job-id', '75', '--raw', '--subdir', 'DAGS_FOLDER/first_dag.py', '--cfg-path', '/tmp/tmp5hq9lj59', '--error-file', '/tmp/tmpapl51lym']
[2023-03-29 03:55:13,660] {standard_task_runner.py:77} INFO - Job 75: Subtask ingest_to_gcs
[2023-03-29 03:55:14,441] {logging_mixin.py:109} INFO - Running <TaskInstance: SP_500_DATA_PIPELINE_v2.ingest_to_gcs manual__2023-03-29T03:54:37.493629+00:00 [running]> on host 5ebc180c7cc0
[2023-03-29 03:55:14,989] {taskinstance.py:1426} INFO - Exporting the following env vars:
AIRFLOW_CTX_DAG_EMAIL=
AIRFLOW_CTX_DAG_OWNER=me
AIRFLOW_CTX_DAG_ID=SP_500_DATA_PIPELINE_v2
AIRFLOW_CTX_TASK_ID=ingest_to_gcs
AIRFLOW_CTX_EXECUTION_DATE=2023-03-29T03:54:37.493629+00:00
AIRFLOW_CTX_DAG_RUN_ID=manual__2023-03-29T03:54:37.493629+00:00
[2023-03-29 03:55:17,025] {logging_mixin.py:109} INFO - File sp_500_data.csv locally and  uploaded to input-data/sp_500_data.csv in bucket dtc_data_lake_dataengineering-378316.
[2023-03-29 03:55:17,028] {python.py:175} INFO - Done. Returned value was: None
[2023-03-29 03:55:17,176] {taskinstance.py:1277} INFO - Marking task as SUCCESS. dag_id=SP_500_DATA_PIPELINE_v2, task_id=ingest_to_gcs, execution_date=20230329T035437, start_date=20230329T035513, end_date=20230329T035517
[2023-03-29 03:55:17,332] {local_task_job.py:154} INFO - Task exited with return code 0
[2023-03-29 03:55:17,645] {local_task_job.py:264} INFO - 0 downstream tasks scheduled from follow-on schedule check
