[2023-03-29 00:59:12,695] {taskinstance.py:1032} INFO - Dependencies all met for <TaskInstance: SP_500_DATA_PIPELINE_v2.ingest_to_gcs manual__2023-03-29T00:58:54.309427+00:00 [queued]>
[2023-03-29 00:59:12,745] {taskinstance.py:1032} INFO - Dependencies all met for <TaskInstance: SP_500_DATA_PIPELINE_v2.ingest_to_gcs manual__2023-03-29T00:58:54.309427+00:00 [queued]>
[2023-03-29 00:59:12,748] {taskinstance.py:1238} INFO - 
--------------------------------------------------------------------------------
[2023-03-29 00:59:12,749] {taskinstance.py:1239} INFO - Starting attempt 1 of 3
[2023-03-29 00:59:12,751] {taskinstance.py:1240} INFO - 
--------------------------------------------------------------------------------
[2023-03-29 00:59:12,798] {taskinstance.py:1259} INFO - Executing <Task(PythonOperator): ingest_to_gcs> on 2023-03-29 00:58:54.309427+00:00
[2023-03-29 00:59:12,807] {standard_task_runner.py:52} INFO - Started process 1869 to run task
[2023-03-29 00:59:12,817] {standard_task_runner.py:76} INFO - Running: ['***', 'tasks', 'run', 'SP_500_DATA_PIPELINE_v2', 'ingest_to_gcs', 'manual__2023-03-29T00:58:54.309427+00:00', '--job-id', '46', '--raw', '--subdir', 'DAGS_FOLDER/first_dag.py', '--cfg-path', '/tmp/tmp1fwt_d8q', '--error-file', '/tmp/tmp4kfxlauj']
[2023-03-29 00:59:12,822] {standard_task_runner.py:77} INFO - Job 46: Subtask ingest_to_gcs
[2023-03-29 00:59:12,956] {logging_mixin.py:109} INFO - Running <TaskInstance: SP_500_DATA_PIPELINE_v2.ingest_to_gcs manual__2023-03-29T00:58:54.309427+00:00 [running]> on host 67d8effe805a
[2023-03-29 00:59:13,100] {taskinstance.py:1426} INFO - Exporting the following env vars:
AIRFLOW_CTX_DAG_EMAIL=
AIRFLOW_CTX_DAG_OWNER=me
AIRFLOW_CTX_DAG_ID=SP_500_DATA_PIPELINE_v2
AIRFLOW_CTX_TASK_ID=ingest_to_gcs
AIRFLOW_CTX_EXECUTION_DATE=2023-03-29T00:58:54.309427+00:00
AIRFLOW_CTX_DAG_RUN_ID=manual__2023-03-29T00:58:54.309427+00:00
[2023-03-29 00:59:13,791] {logging_mixin.py:109} INFO - File sp_500_data.csv locally and  uploaded to input-data/sp_500_data.csv in bucket dtc_data_lake_dataengineering-378316.
[2023-03-29 00:59:13,794] {python.py:175} INFO - Done. Returned value was: None
[2023-03-29 00:59:13,842] {taskinstance.py:1277} INFO - Marking task as SUCCESS. dag_id=SP_500_DATA_PIPELINE_v2, task_id=ingest_to_gcs, execution_date=20230329T005854, start_date=20230329T005912, end_date=20230329T005913
[2023-03-29 00:59:13,924] {local_task_job.py:154} INFO - Task exited with return code 0
[2023-03-29 00:59:14,028] {local_task_job.py:264} INFO - 1 downstream tasks scheduled from follow-on schedule check
