[2023-03-29 13:42:41,637] {taskinstance.py:1032} INFO - Dependencies all met for <TaskInstance: SP_500_DATA_PIPELINE_v2.ingest_to_gcs manual__2023-03-29T13:42:24.222819+00:00 [queued]>
[2023-03-29 13:42:41,732] {taskinstance.py:1032} INFO - Dependencies all met for <TaskInstance: SP_500_DATA_PIPELINE_v2.ingest_to_gcs manual__2023-03-29T13:42:24.222819+00:00 [queued]>
[2023-03-29 13:42:41,734] {taskinstance.py:1238} INFO - 
--------------------------------------------------------------------------------
[2023-03-29 13:42:41,737] {taskinstance.py:1239} INFO - Starting attempt 1 of 3
[2023-03-29 13:42:41,739] {taskinstance.py:1240} INFO - 
--------------------------------------------------------------------------------
[2023-03-29 13:42:41,793] {taskinstance.py:1259} INFO - Executing <Task(PythonOperator): ingest_to_gcs> on 2023-03-29 13:42:24.222819+00:00
[2023-03-29 13:42:41,804] {standard_task_runner.py:52} INFO - Started process 14819 to run task
[2023-03-29 13:42:41,820] {standard_task_runner.py:76} INFO - Running: ['***', 'tasks', 'run', 'SP_500_DATA_PIPELINE_v2', 'ingest_to_gcs', 'manual__2023-03-29T13:42:24.222819+00:00', '--job-id', '118', '--raw', '--subdir', 'DAGS_FOLDER/first_dag.py', '--cfg-path', '/tmp/tmp7qehg4uq', '--error-file', '/tmp/tmp_haw2bfi']
[2023-03-29 13:42:41,824] {standard_task_runner.py:77} INFO - Job 118: Subtask ingest_to_gcs
[2023-03-29 13:42:41,995] {logging_mixin.py:109} INFO - Running <TaskInstance: SP_500_DATA_PIPELINE_v2.ingest_to_gcs manual__2023-03-29T13:42:24.222819+00:00 [running]> on host 5ebc180c7cc0
[2023-03-29 13:42:42,191] {taskinstance.py:1426} INFO - Exporting the following env vars:
AIRFLOW_CTX_DAG_EMAIL=
AIRFLOW_CTX_DAG_OWNER=me
AIRFLOW_CTX_DAG_ID=SP_500_DATA_PIPELINE_v2
AIRFLOW_CTX_TASK_ID=ingest_to_gcs
AIRFLOW_CTX_EXECUTION_DATE=2023-03-29T13:42:24.222819+00:00
AIRFLOW_CTX_DAG_RUN_ID=manual__2023-03-29T13:42:24.222819+00:00
[2023-03-29 13:42:43,030] {logging_mixin.py:109} INFO - File sp_500_data.csv locally and  uploaded to input-data/sp_500_data.csv in bucket dtc_data_lake_dataengineering-378316.
[2023-03-29 13:42:43,033] {python.py:175} INFO - Done. Returned value was: None
[2023-03-29 13:42:43,071] {taskinstance.py:1277} INFO - Marking task as SUCCESS. dag_id=SP_500_DATA_PIPELINE_v2, task_id=ingest_to_gcs, execution_date=20230329T134224, start_date=20230329T134241, end_date=20230329T134243
[2023-03-29 13:42:43,181] {local_task_job.py:154} INFO - Task exited with return code 0
[2023-03-29 13:42:43,315] {local_task_job.py:264} INFO - 1 downstream tasks scheduled from follow-on schedule check
