[2023-03-29 14:47:22,157] {taskinstance.py:1032} INFO - Dependencies all met for <TaskInstance: SP_500_DATA_PIPELINE_v1.extract_data_task manual__2023-03-29T14:47:16.172839+00:00 [queued]>
[2023-03-29 14:47:22,196] {taskinstance.py:1032} INFO - Dependencies all met for <TaskInstance: SP_500_DATA_PIPELINE_v1.extract_data_task manual__2023-03-29T14:47:16.172839+00:00 [queued]>
[2023-03-29 14:47:22,198] {taskinstance.py:1238} INFO - 
--------------------------------------------------------------------------------
[2023-03-29 14:47:22,199] {taskinstance.py:1239} INFO - Starting attempt 1 of 3
[2023-03-29 14:47:22,201] {taskinstance.py:1240} INFO - 
--------------------------------------------------------------------------------
[2023-03-29 14:47:22,242] {taskinstance.py:1259} INFO - Executing <Task(PythonOperator): extract_data_task> on 2023-03-29 14:47:16.172839+00:00
[2023-03-29 14:47:22,253] {standard_task_runner.py:52} INFO - Started process 1267 to run task
[2023-03-29 14:47:22,262] {standard_task_runner.py:76} INFO - Running: ['***', 'tasks', 'run', 'SP_500_DATA_PIPELINE_v1', 'extract_data_task', 'manual__2023-03-29T14:47:16.172839+00:00', '--job-id', '133', '--raw', '--subdir', 'DAGS_FOLDER/first_dag.py', '--cfg-path', '/tmp/tmpuln8tlxc', '--error-file', '/tmp/tmpblusrs2_']
[2023-03-29 14:47:22,265] {standard_task_runner.py:77} INFO - Job 133: Subtask extract_data_task
[2023-03-29 14:47:22,388] {logging_mixin.py:109} INFO - Running <TaskInstance: SP_500_DATA_PIPELINE_v1.extract_data_task manual__2023-03-29T14:47:16.172839+00:00 [running]> on host ebd786f8513c
[2023-03-29 14:47:22,527] {taskinstance.py:1426} INFO - Exporting the following env vars:
AIRFLOW_CTX_DAG_EMAIL=
AIRFLOW_CTX_DAG_OWNER=me
AIRFLOW_CTX_DAG_ID=SP_500_DATA_PIPELINE_v1
AIRFLOW_CTX_TASK_ID=extract_data_task
AIRFLOW_CTX_EXECUTION_DATE=2023-03-29T14:47:16.172839+00:00
AIRFLOW_CTX_DAG_RUN_ID=manual__2023-03-29T14:47:16.172839+00:00
[2023-03-29 14:47:26,097] {warnings.py:110} WARNING - /home/***/.local/lib/python3.7/site-packages/pandas_datareader/tiingo.py:234: FutureWarning: In a future version of pandas all arguments of concat except for the argument 'objs' will be keyword-only
  return pd.concat(dfs, self._concat_axis)

[2023-03-29 14:47:26,204] {logging_mixin.py:109} INFO - ingestion from api completed
[2023-03-29 14:47:26,432] {logging_mixin.py:109} INFO - file has been saved at :sp_500_data.csv
[2023-03-29 14:47:26,444] {logging_mixin.py:109} INFO - sp_500_data.csv
[2023-03-29 14:47:26,447] {python.py:175} INFO - Done. Returned value was: None
[2023-03-29 14:47:26,519] {taskinstance.py:1277} INFO - Marking task as SUCCESS. dag_id=SP_500_DATA_PIPELINE_v1, task_id=extract_data_task, execution_date=20230329T144716, start_date=20230329T144722, end_date=20230329T144726
[2023-03-29 14:47:26,662] {local_task_job.py:154} INFO - Task exited with return code 0
[2023-03-29 14:47:27,017] {local_task_job.py:264} INFO - 1 downstream tasks scheduled from follow-on schedule check
