[2023-03-29 16:41:03,145] {taskinstance.py:1032} INFO - Dependencies all met for <TaskInstance: SP_500_DATA_PIPELINE_FINAL.transform_data_task manual__2023-03-29T16:40:41.607407+00:00 [queued]>
[2023-03-29 16:41:03,188] {taskinstance.py:1032} INFO - Dependencies all met for <TaskInstance: SP_500_DATA_PIPELINE_FINAL.transform_data_task manual__2023-03-29T16:40:41.607407+00:00 [queued]>
[2023-03-29 16:41:03,190] {taskinstance.py:1238} INFO - 
--------------------------------------------------------------------------------
[2023-03-29 16:41:03,191] {taskinstance.py:1239} INFO - Starting attempt 1 of 3
[2023-03-29 16:41:03,192] {taskinstance.py:1240} INFO - 
--------------------------------------------------------------------------------
[2023-03-29 16:41:03,234] {taskinstance.py:1259} INFO - Executing <Task(PythonOperator): transform_data_task> on 2023-03-29 16:40:41.607407+00:00
[2023-03-29 16:41:03,244] {standard_task_runner.py:52} INFO - Started process 7689 to run task
[2023-03-29 16:41:03,253] {standard_task_runner.py:76} INFO - Running: ['***', 'tasks', 'run', 'SP_500_DATA_PIPELINE_FINAL', 'transform_data_task', 'manual__2023-03-29T16:40:41.607407+00:00', '--job-id', '150', '--raw', '--subdir', 'DAGS_FOLDER/first_dag.py', '--cfg-path', '/tmp/tmpebtkc3zb', '--error-file', '/tmp/tmpb0s6m6k3']
[2023-03-29 16:41:03,256] {standard_task_runner.py:77} INFO - Job 150: Subtask transform_data_task
[2023-03-29 16:41:03,388] {logging_mixin.py:109} INFO - Running <TaskInstance: SP_500_DATA_PIPELINE_FINAL.transform_data_task manual__2023-03-29T16:40:41.607407+00:00 [running]> on host ebd786f8513c
[2023-03-29 16:41:03,523] {taskinstance.py:1426} INFO - Exporting the following env vars:
AIRFLOW_CTX_DAG_EMAIL=
AIRFLOW_CTX_DAG_OWNER=me
AIRFLOW_CTX_DAG_ID=SP_500_DATA_PIPELINE_FINAL
AIRFLOW_CTX_TASK_ID=transform_data_task
AIRFLOW_CTX_EXECUTION_DATE=2023-03-29T16:40:41.607407+00:00
AIRFLOW_CTX_DAG_RUN_ID=manual__2023-03-29T16:40:41.607407+00:00
[2023-03-29 16:42:34,245] {stock_data_transform.py:132} ERROR - An error occurred during transformation: Recursive view `stock_data` detected (cycle: `stock_data` -> `stock_data`)
[2023-03-29 16:43:35,790] {python.py:175} INFO - Done. Returned value was: None
[2023-03-29 16:43:35,954] {taskinstance.py:1277} INFO - Marking task as SUCCESS. dag_id=SP_500_DATA_PIPELINE_FINAL, task_id=transform_data_task, execution_date=20230329T164041, start_date=20230329T164103, end_date=20230329T164335
[2023-03-29 16:43:36,281] {local_task_job.py:154} INFO - Task exited with return code 0
[2023-03-29 16:43:36,526] {local_task_job.py:264} INFO - 1 downstream tasks scheduled from follow-on schedule check
