[2023-03-29 10:53:04,065] {taskinstance.py:1032} INFO - Dependencies all met for <TaskInstance: SP_500_DATA_PIPELINE_v2.ingest_to_gcs manual__2023-03-29T10:52:47.586098+00:00 [queued]>
[2023-03-29 10:53:04,178] {taskinstance.py:1032} INFO - Dependencies all met for <TaskInstance: SP_500_DATA_PIPELINE_v2.ingest_to_gcs manual__2023-03-29T10:52:47.586098+00:00 [queued]>
[2023-03-29 10:53:04,181] {taskinstance.py:1238} INFO - 
--------------------------------------------------------------------------------
[2023-03-29 10:53:04,182] {taskinstance.py:1239} INFO - Starting attempt 1 of 3
[2023-03-29 10:53:04,184] {taskinstance.py:1240} INFO - 
--------------------------------------------------------------------------------
[2023-03-29 10:53:04,323] {taskinstance.py:1259} INFO - Executing <Task(PythonOperator): ingest_to_gcs> on 2023-03-29 10:52:47.586098+00:00
[2023-03-29 10:53:04,349] {standard_task_runner.py:52} INFO - Started process 5118 to run task
[2023-03-29 10:53:04,400] {standard_task_runner.py:76} INFO - Running: ['***', 'tasks', 'run', 'SP_500_DATA_PIPELINE_v2', 'ingest_to_gcs', 'manual__2023-03-29T10:52:47.586098+00:00', '--job-id', '83', '--raw', '--subdir', 'DAGS_FOLDER/first_dag.py', '--cfg-path', '/tmp/tmps9b9q2ur', '--error-file', '/tmp/tmpvp557_ed']
[2023-03-29 10:53:04,417] {standard_task_runner.py:77} INFO - Job 83: Subtask ingest_to_gcs
[2023-03-29 10:53:04,701] {logging_mixin.py:109} INFO - Running <TaskInstance: SP_500_DATA_PIPELINE_v2.ingest_to_gcs manual__2023-03-29T10:52:47.586098+00:00 [running]> on host 5ebc180c7cc0
[2023-03-29 10:53:04,894] {taskinstance.py:1426} INFO - Exporting the following env vars:
AIRFLOW_CTX_DAG_EMAIL=
AIRFLOW_CTX_DAG_OWNER=me
AIRFLOW_CTX_DAG_ID=SP_500_DATA_PIPELINE_v2
AIRFLOW_CTX_TASK_ID=ingest_to_gcs
AIRFLOW_CTX_EXECUTION_DATE=2023-03-29T10:52:47.586098+00:00
AIRFLOW_CTX_DAG_RUN_ID=manual__2023-03-29T10:52:47.586098+00:00
[2023-03-29 10:53:06,084] {logging_mixin.py:109} INFO - File sp_500_data.csv locally and  uploaded to input-data/sp_500_data.csv in bucket dtc_data_lake_dataengineering-378316.
[2023-03-29 10:53:06,096] {python.py:175} INFO - Done. Returned value was: None
[2023-03-29 10:53:06,210] {taskinstance.py:1277} INFO - Marking task as SUCCESS. dag_id=SP_500_DATA_PIPELINE_v2, task_id=ingest_to_gcs, execution_date=20230329T105247, start_date=20230329T105304, end_date=20230329T105306
[2023-03-29 10:53:06,423] {local_task_job.py:154} INFO - Task exited with return code 0
[2023-03-29 10:53:06,617] {local_task_job.py:264} INFO - 0 downstream tasks scheduled from follow-on schedule check
