[2023-03-29 17:38:11,531] {taskinstance.py:1032} INFO - Dependencies all met for <TaskInstance: SP_500_DATA_PIPELINE.ingest_to_gcs manual__2023-03-29T17:37:55.815145+00:00 [queued]>
[2023-03-29 17:38:11,606] {taskinstance.py:1032} INFO - Dependencies all met for <TaskInstance: SP_500_DATA_PIPELINE.ingest_to_gcs manual__2023-03-29T17:37:55.815145+00:00 [queued]>
[2023-03-29 17:38:11,608] {taskinstance.py:1238} INFO - 
--------------------------------------------------------------------------------
[2023-03-29 17:38:11,611] {taskinstance.py:1239} INFO - Starting attempt 1 of 3
[2023-03-29 17:38:11,612] {taskinstance.py:1240} INFO - 
--------------------------------------------------------------------------------
[2023-03-29 17:38:11,668] {taskinstance.py:1259} INFO - Executing <Task(PythonOperator): ingest_to_gcs> on 2023-03-29 17:37:55.815145+00:00
[2023-03-29 17:38:11,695] {standard_task_runner.py:52} INFO - Started process 2119 to run task
[2023-03-29 17:38:11,724] {standard_task_runner.py:76} INFO - Running: ['***', 'tasks', 'run', 'SP_500_DATA_PIPELINE', 'ingest_to_gcs', 'manual__2023-03-29T17:37:55.815145+00:00', '--job-id', '163', '--raw', '--subdir', 'DAGS_FOLDER/first_dag.py', '--cfg-path', '/tmp/tmphbynrsw2', '--error-file', '/tmp/tmpmez_0i8y']
[2023-03-29 17:38:11,729] {standard_task_runner.py:77} INFO - Job 163: Subtask ingest_to_gcs
[2023-03-29 17:38:12,015] {logging_mixin.py:109} INFO - Running <TaskInstance: SP_500_DATA_PIPELINE.ingest_to_gcs manual__2023-03-29T17:37:55.815145+00:00 [running]> on host eebc01130c53
[2023-03-29 17:38:12,303] {taskinstance.py:1426} INFO - Exporting the following env vars:
AIRFLOW_CTX_DAG_EMAIL=
AIRFLOW_CTX_DAG_OWNER=me
AIRFLOW_CTX_DAG_ID=SP_500_DATA_PIPELINE
AIRFLOW_CTX_TASK_ID=ingest_to_gcs
AIRFLOW_CTX_EXECUTION_DATE=2023-03-29T17:37:55.815145+00:00
AIRFLOW_CTX_DAG_RUN_ID=manual__2023-03-29T17:37:55.815145+00:00
[2023-03-29 17:38:13,425] {logging_mixin.py:109} INFO - File sp_500_data.csv locally and  uploaded to input-data/sp_500_data.csv in bucket dtc_data_lake_dataengineering-378316.
[2023-03-29 17:38:13,428] {python.py:175} INFO - Done. Returned value was: None
[2023-03-29 17:38:13,501] {taskinstance.py:1277} INFO - Marking task as SUCCESS. dag_id=SP_500_DATA_PIPELINE, task_id=ingest_to_gcs, execution_date=20230329T173755, start_date=20230329T173811, end_date=20230329T173813
[2023-03-29 17:38:13,682] {local_task_job.py:154} INFO - Task exited with return code 0
[2023-03-29 17:38:13,974] {local_task_job.py:264} INFO - 1 downstream tasks scheduled from follow-on schedule check
