[2023-03-29 19:29:58,652] {taskinstance.py:1032} INFO - Dependencies all met for <TaskInstance: SP_500_DATA_PIPELINE_v1.ingest_to_gcs manual__2023-03-29T19:19:52.803586+00:00 [queued]>
[2023-03-29 19:29:58,711] {taskinstance.py:1032} INFO - Dependencies all met for <TaskInstance: SP_500_DATA_PIPELINE_v1.ingest_to_gcs manual__2023-03-29T19:19:52.803586+00:00 [queued]>
[2023-03-29 19:29:58,716] {taskinstance.py:1238} INFO - 
--------------------------------------------------------------------------------
[2023-03-29 19:29:58,721] {taskinstance.py:1239} INFO - Starting attempt 1 of 3
[2023-03-29 19:29:58,723] {taskinstance.py:1240} INFO - 
--------------------------------------------------------------------------------
[2023-03-29 19:29:58,787] {taskinstance.py:1259} INFO - Executing <Task(PythonOperator): ingest_to_gcs> on 2023-03-29 19:19:52.803586+00:00
[2023-03-29 19:29:58,798] {standard_task_runner.py:52} INFO - Started process 1164 to run task
[2023-03-29 19:29:58,818] {standard_task_runner.py:76} INFO - Running: ['***', 'tasks', 'run', 'SP_500_DATA_PIPELINE_v1', 'ingest_to_gcs', 'manual__2023-03-29T19:19:52.803586+00:00', '--job-id', '187', '--raw', '--subdir', 'DAGS_FOLDER/first_dag.py', '--cfg-path', '/tmp/tmpwdgxvwxa', '--error-file', '/tmp/tmpj5qy28g1']
[2023-03-29 19:29:58,821] {standard_task_runner.py:77} INFO - Job 187: Subtask ingest_to_gcs
[2023-03-29 19:29:58,969] {logging_mixin.py:109} INFO - Running <TaskInstance: SP_500_DATA_PIPELINE_v1.ingest_to_gcs manual__2023-03-29T19:19:52.803586+00:00 [running]> on host f6db1c430e11
[2023-03-29 19:29:59,172] {taskinstance.py:1426} INFO - Exporting the following env vars:
AIRFLOW_CTX_DAG_EMAIL=
AIRFLOW_CTX_DAG_OWNER=me
AIRFLOW_CTX_DAG_ID=SP_500_DATA_PIPELINE_v1
AIRFLOW_CTX_TASK_ID=ingest_to_gcs
AIRFLOW_CTX_EXECUTION_DATE=2023-03-29T19:19:52.803586+00:00
AIRFLOW_CTX_DAG_RUN_ID=manual__2023-03-29T19:19:52.803586+00:00
[2023-03-29 19:30:03,123] {logging_mixin.py:109} INFO - File sp_500_data.csv locally and  uploaded to input-data/sp_500_data.csv in bucket dtc_data_lake_dataengineering-378316.
[2023-03-29 19:30:03,134] {python.py:175} INFO - Done. Returned value was: None
[2023-03-29 19:30:03,206] {taskinstance.py:1277} INFO - Marking task as SUCCESS. dag_id=SP_500_DATA_PIPELINE_v1, task_id=ingest_to_gcs, execution_date=20230329T191952, start_date=20230329T192958, end_date=20230329T193003
[2023-03-29 19:30:03,328] {local_task_job.py:154} INFO - Task exited with return code 0
[2023-03-29 19:30:03,467] {local_task_job.py:264} INFO - 1 downstream tasks scheduled from follow-on schedule check
