[2023-03-29 04:08:48,667] {taskinstance.py:1032} INFO - Dependencies all met for <TaskInstance: SP_500_DATA_PIPELINE_v2.ingest_to_gcs manual__2023-03-29T04:08:32.555285+00:00 [queued]>
[2023-03-29 04:08:48,715] {taskinstance.py:1032} INFO - Dependencies all met for <TaskInstance: SP_500_DATA_PIPELINE_v2.ingest_to_gcs manual__2023-03-29T04:08:32.555285+00:00 [queued]>
[2023-03-29 04:08:48,718] {taskinstance.py:1238} INFO - 
--------------------------------------------------------------------------------
[2023-03-29 04:08:48,720] {taskinstance.py:1239} INFO - Starting attempt 1 of 3
[2023-03-29 04:08:48,721] {taskinstance.py:1240} INFO - 
--------------------------------------------------------------------------------
[2023-03-29 04:08:48,767] {taskinstance.py:1259} INFO - Executing <Task(PythonOperator): ingest_to_gcs> on 2023-03-29 04:08:32.555285+00:00
[2023-03-29 04:08:48,776] {standard_task_runner.py:52} INFO - Started process 2744 to run task
[2023-03-29 04:08:48,785] {standard_task_runner.py:76} INFO - Running: ['***', 'tasks', 'run', 'SP_500_DATA_PIPELINE_v2', 'ingest_to_gcs', 'manual__2023-03-29T04:08:32.555285+00:00', '--job-id', '78', '--raw', '--subdir', 'DAGS_FOLDER/first_dag.py', '--cfg-path', '/tmp/tmpeph7pin_', '--error-file', '/tmp/tmpl2gp431s']
[2023-03-29 04:08:48,790] {standard_task_runner.py:77} INFO - Job 78: Subtask ingest_to_gcs
[2023-03-29 04:08:48,919] {logging_mixin.py:109} INFO - Running <TaskInstance: SP_500_DATA_PIPELINE_v2.ingest_to_gcs manual__2023-03-29T04:08:32.555285+00:00 [running]> on host 5ebc180c7cc0
[2023-03-29 04:08:49,061] {taskinstance.py:1426} INFO - Exporting the following env vars:
AIRFLOW_CTX_DAG_EMAIL=
AIRFLOW_CTX_DAG_OWNER=me
AIRFLOW_CTX_DAG_ID=SP_500_DATA_PIPELINE_v2
AIRFLOW_CTX_TASK_ID=ingest_to_gcs
AIRFLOW_CTX_EXECUTION_DATE=2023-03-29T04:08:32.555285+00:00
AIRFLOW_CTX_DAG_RUN_ID=manual__2023-03-29T04:08:32.555285+00:00
[2023-03-29 04:08:49,745] {logging_mixin.py:109} INFO - File sp_500_data.csv locally and  uploaded to input-data/sp_500_data.csv in bucket dtc_data_lake_dataengineering-378316.
[2023-03-29 04:08:49,747] {python.py:175} INFO - Done. Returned value was: None
[2023-03-29 04:08:49,785] {taskinstance.py:1277} INFO - Marking task as SUCCESS. dag_id=SP_500_DATA_PIPELINE_v2, task_id=ingest_to_gcs, execution_date=20230329T040832, start_date=20230329T040848, end_date=20230329T040849
[2023-03-29 04:08:49,862] {local_task_job.py:154} INFO - Task exited with return code 0
[2023-03-29 04:08:49,949] {local_task_job.py:264} INFO - 1 downstream tasks scheduled from follow-on schedule check
