[2023-03-29 17:46:31,281] {taskinstance.py:1032} INFO - Dependencies all met for <TaskInstance: SP_500_DATA_PIPELINE.ingest_to_gcs manual__2023-03-29T17:46:15.004666+00:00 [queued]>
[2023-03-29 17:46:31,331] {taskinstance.py:1032} INFO - Dependencies all met for <TaskInstance: SP_500_DATA_PIPELINE.ingest_to_gcs manual__2023-03-29T17:46:15.004666+00:00 [queued]>
[2023-03-29 17:46:31,334] {taskinstance.py:1238} INFO - 
--------------------------------------------------------------------------------
[2023-03-29 17:46:31,337] {taskinstance.py:1239} INFO - Starting attempt 1 of 3
[2023-03-29 17:46:31,339] {taskinstance.py:1240} INFO - 
--------------------------------------------------------------------------------
[2023-03-29 17:46:31,390] {taskinstance.py:1259} INFO - Executing <Task(PythonOperator): ingest_to_gcs> on 2023-03-29 17:46:15.004666+00:00
[2023-03-29 17:46:31,404] {standard_task_runner.py:52} INFO - Started process 2862 to run task
[2023-03-29 17:46:31,430] {standard_task_runner.py:76} INFO - Running: ['***', 'tasks', 'run', 'SP_500_DATA_PIPELINE', 'ingest_to_gcs', 'manual__2023-03-29T17:46:15.004666+00:00', '--job-id', '167', '--raw', '--subdir', 'DAGS_FOLDER/first_dag.py', '--cfg-path', '/tmp/tmptbxpwcmz', '--error-file', '/tmp/tmpnn2geo6f']
[2023-03-29 17:46:31,434] {standard_task_runner.py:77} INFO - Job 167: Subtask ingest_to_gcs
[2023-03-29 17:46:31,635] {logging_mixin.py:109} INFO - Running <TaskInstance: SP_500_DATA_PIPELINE.ingest_to_gcs manual__2023-03-29T17:46:15.004666+00:00 [running]> on host eebc01130c53
[2023-03-29 17:46:31,845] {taskinstance.py:1426} INFO - Exporting the following env vars:
AIRFLOW_CTX_DAG_EMAIL=
AIRFLOW_CTX_DAG_OWNER=me
AIRFLOW_CTX_DAG_ID=SP_500_DATA_PIPELINE
AIRFLOW_CTX_TASK_ID=ingest_to_gcs
AIRFLOW_CTX_EXECUTION_DATE=2023-03-29T17:46:15.004666+00:00
AIRFLOW_CTX_DAG_RUN_ID=manual__2023-03-29T17:46:15.004666+00:00
[2023-03-29 17:46:32,859] {logging_mixin.py:109} INFO - File sp_500_data.csv locally and  uploaded to input-data/sp_500_data.csv in bucket dtc_data_lake_dataengineering-378316.
[2023-03-29 17:46:32,861] {python.py:175} INFO - Done. Returned value was: None
[2023-03-29 17:46:32,903] {taskinstance.py:1277} INFO - Marking task as SUCCESS. dag_id=SP_500_DATA_PIPELINE, task_id=ingest_to_gcs, execution_date=20230329T174615, start_date=20230329T174631, end_date=20230329T174632
[2023-03-29 17:46:33,013] {local_task_job.py:154} INFO - Task exited with return code 0
[2023-03-29 17:46:33,156] {local_task_job.py:264} INFO - 1 downstream tasks scheduled from follow-on schedule check
