[2023-03-29 00:04:59,270] {taskinstance.py:1032} INFO - Dependencies all met for <TaskInstance: SP_500_DATA_PIPELINE_v2.extract_data_task manual__2023-03-29T00:03:40.064101+00:00 [queued]>
[2023-03-29 00:04:59,380] {taskinstance.py:1032} INFO - Dependencies all met for <TaskInstance: SP_500_DATA_PIPELINE_v2.extract_data_task manual__2023-03-29T00:03:40.064101+00:00 [queued]>
[2023-03-29 00:04:59,384] {taskinstance.py:1238} INFO - 
--------------------------------------------------------------------------------
[2023-03-29 00:04:59,386] {taskinstance.py:1239} INFO - Starting attempt 2 of 3
[2023-03-29 00:04:59,387] {taskinstance.py:1240} INFO - 
--------------------------------------------------------------------------------
[2023-03-29 00:04:59,513] {taskinstance.py:1259} INFO - Executing <Task(PythonOperator): extract_data_task> on 2023-03-29 00:03:40.064101+00:00
[2023-03-29 00:04:59,534] {standard_task_runner.py:52} INFO - Started process 1251 to run task
[2023-03-29 00:04:59,601] {standard_task_runner.py:76} INFO - Running: ['***', 'tasks', 'run', 'SP_500_DATA_PIPELINE_v2', 'extract_data_task', 'manual__2023-03-29T00:03:40.064101+00:00', '--job-id', '29', '--raw', '--subdir', 'DAGS_FOLDER/first_dag.py', '--cfg-path', '/tmp/tmpjc2a1sn5', '--error-file', '/tmp/tmp7fibnvb6']
[2023-03-29 00:04:59,612] {standard_task_runner.py:77} INFO - Job 29: Subtask extract_data_task
[2023-03-29 00:04:59,842] {logging_mixin.py:109} INFO - Running <TaskInstance: SP_500_DATA_PIPELINE_v2.extract_data_task manual__2023-03-29T00:03:40.064101+00:00 [running]> on host 092c34bd7a0c
[2023-03-29 00:05:00,116] {taskinstance.py:1426} INFO - Exporting the following env vars:
AIRFLOW_CTX_DAG_EMAIL=
AIRFLOW_CTX_DAG_OWNER=me
AIRFLOW_CTX_DAG_ID=SP_500_DATA_PIPELINE_v2
AIRFLOW_CTX_TASK_ID=extract_data_task
AIRFLOW_CTX_EXECUTION_DATE=2023-03-29T00:03:40.064101+00:00
AIRFLOW_CTX_DAG_RUN_ID=manual__2023-03-29T00:03:40.064101+00:00
[2023-03-29 00:05:05,151] {warnings.py:110} WARNING - /home/***/.local/lib/python3.7/site-packages/pandas_datareader/tiingo.py:234: FutureWarning: In a future version of pandas all arguments of concat except for the argument 'objs' will be keyword-only
  return pd.concat(dfs, self._concat_axis)

[2023-03-29 00:05:05,218] {logging_mixin.py:109} INFO - ingestion from api completed
