[2023-04-12 18:10:18,418] {taskinstance.py:1032} INFO - Dependencies all met for <TaskInstance: SP_500_DATA_PIPELINE_v1.extract_data_task scheduled__2023-03-30T12:17:13.287873+00:00 [queued]>
[2023-04-12 18:10:18,499] {taskinstance.py:1032} INFO - Dependencies all met for <TaskInstance: SP_500_DATA_PIPELINE_v1.extract_data_task scheduled__2023-03-30T12:17:13.287873+00:00 [queued]>
[2023-04-12 18:10:18,502] {taskinstance.py:1238} INFO - 
--------------------------------------------------------------------------------
[2023-04-12 18:10:18,504] {taskinstance.py:1239} INFO - Starting attempt 2 of 3
[2023-04-12 18:10:18,507] {taskinstance.py:1240} INFO - 
--------------------------------------------------------------------------------
[2023-04-12 18:10:18,612] {taskinstance.py:1259} INFO - Executing <Task(PythonOperator): extract_data_task> on 2023-03-30 12:17:13.287873+00:00
[2023-04-12 18:10:18,622] {standard_task_runner.py:52} INFO - Started process 378 to run task
[2023-04-12 18:10:18,644] {standard_task_runner.py:76} INFO - Running: ['***', 'tasks', 'run', 'SP_500_DATA_PIPELINE_v1', 'extract_data_task', 'scheduled__2023-03-30T12:17:13.287873+00:00', '--job-id', '208', '--raw', '--subdir', 'DAGS_FOLDER/sp_500_data_processing_dag.py', '--cfg-path', '/tmp/tmpb3g6fbjk', '--error-file', '/tmp/tmp8ktzeapq']
[2023-04-12 18:10:18,649] {standard_task_runner.py:77} INFO - Job 208: Subtask extract_data_task
[2023-04-12 18:10:18,798] {logging_mixin.py:109} INFO - Running <TaskInstance: SP_500_DATA_PIPELINE_v1.extract_data_task scheduled__2023-03-30T12:17:13.287873+00:00 [running]> on host 7b33c6d8ff37
[2023-04-12 18:10:18,983] {taskinstance.py:1426} INFO - Exporting the following env vars:
AIRFLOW_CTX_DAG_EMAIL=
AIRFLOW_CTX_DAG_OWNER=me
AIRFLOW_CTX_DAG_ID=SP_500_DATA_PIPELINE_v1
AIRFLOW_CTX_TASK_ID=extract_data_task
AIRFLOW_CTX_EXECUTION_DATE=2023-03-30T12:17:13.287873+00:00
AIRFLOW_CTX_DAG_RUN_ID=scheduled__2023-03-30T12:17:13.287873+00:00
[2023-04-12 18:10:23,380] {warnings.py:110} WARNING - /home/***/.local/lib/python3.7/site-packages/pandas_datareader/tiingo.py:234: FutureWarning: In a future version of pandas all arguments of concat except for the argument 'objs' will be keyword-only
  return pd.concat(dfs, self._concat_axis)

[2023-04-12 18:11:28,955] {logging_mixin.py:109} INFO - Error while extracting data for BRK.B: Unable to read URL: https://api.tiingo.com/tiingo/daily/BRK.B/prices?startDate=2018-04-13&endDate=2023-04-12&format=json
Response Text:
b'{"detail":"Error: Ticker \'BRK.B\' not found"}'
[2023-04-12 18:11:48,670] {logging_mixin.py:109} INFO - Error while extracting data for BF.B: Unable to read URL: https://api.tiingo.com/tiingo/daily/BF.B/prices?startDate=2018-04-13&endDate=2023-04-12&format=json
Response Text:
b'{"detail":"Error: Ticker \'BF.B\' not found"}'
[2023-04-12 18:18:17,224] {local_task_job.py:212} WARNING - State of this instance has been externally set to failed. Terminating instance.
[2023-04-12 18:18:17,239] {process_utils.py:124} INFO - Sending Signals.SIGTERM to group 378. PIDs of all processes in the group: [378]
[2023-04-12 18:18:17,250] {process_utils.py:75} INFO - Sending the signal Signals.SIGTERM to group 378
[2023-04-12 18:18:17,253] {taskinstance.py:1408} ERROR - Received SIGTERM. Terminating subprocesses.
[2023-04-12 18:18:17,258] {logging_mixin.py:109} INFO - Error while extracting data for SJM: Task received SIGTERM signal
[2023-04-12 18:19:17,261] {process_utils.py:138} WARNING - process psutil.Process(pid=378, name='airflow task ru', status='sleeping', started='18:10:17') did not respond to SIGTERM. Trying SIGKILL
[2023-04-12 18:19:17,282] {process_utils.py:75} INFO - Sending the signal Signals.SIGKILL to group 378
[2023-04-12 18:19:17,550] {process_utils.py:70} INFO - Process psutil.Process(pid=378, name='airflow task ru', status='terminated', exitcode=<Negsignal.SIGKILL: -9>, started='18:10:17') (378) terminated with exit code Negsignal.SIGKILL
[2023-04-12 18:19:17,566] {standard_task_runner.py:135} ERROR - Job 208 was killed before it finished (likely due to running out of memory)
