[2023-03-29 13:05:03,572] {taskinstance.py:1032} INFO - Dependencies all met for <TaskInstance: SP_500_DATA_PIPELINE_v2.ingest_to_gcs manual__2023-03-29T13:04:44.453384+00:00 [queued]>
[2023-03-29 13:05:03,621] {taskinstance.py:1032} INFO - Dependencies all met for <TaskInstance: SP_500_DATA_PIPELINE_v2.ingest_to_gcs manual__2023-03-29T13:04:44.453384+00:00 [queued]>
[2023-03-29 13:05:03,623] {taskinstance.py:1238} INFO - 
--------------------------------------------------------------------------------
[2023-03-29 13:05:03,626] {taskinstance.py:1239} INFO - Starting attempt 1 of 3
[2023-03-29 13:05:03,628] {taskinstance.py:1240} INFO - 
--------------------------------------------------------------------------------
[2023-03-29 13:05:03,690] {taskinstance.py:1259} INFO - Executing <Task(PythonOperator): ingest_to_gcs> on 2023-03-29 13:04:44.453384+00:00
[2023-03-29 13:05:03,701] {standard_task_runner.py:52} INFO - Started process 12142 to run task
[2023-03-29 13:05:03,716] {standard_task_runner.py:76} INFO - Running: ['***', 'tasks', 'run', 'SP_500_DATA_PIPELINE_v2', 'ingest_to_gcs', 'manual__2023-03-29T13:04:44.453384+00:00', '--job-id', '97', '--raw', '--subdir', 'DAGS_FOLDER/first_dag.py', '--cfg-path', '/tmp/tmppmp332f8', '--error-file', '/tmp/tmp3myu4u36']
[2023-03-29 13:05:03,720] {standard_task_runner.py:77} INFO - Job 97: Subtask ingest_to_gcs
[2023-03-29 13:05:03,854] {logging_mixin.py:109} INFO - Running <TaskInstance: SP_500_DATA_PIPELINE_v2.ingest_to_gcs manual__2023-03-29T13:04:44.453384+00:00 [running]> on host 5ebc180c7cc0
[2023-03-29 13:05:04,056] {taskinstance.py:1426} INFO - Exporting the following env vars:
AIRFLOW_CTX_DAG_EMAIL=
AIRFLOW_CTX_DAG_OWNER=me
AIRFLOW_CTX_DAG_ID=SP_500_DATA_PIPELINE_v2
AIRFLOW_CTX_TASK_ID=ingest_to_gcs
AIRFLOW_CTX_EXECUTION_DATE=2023-03-29T13:04:44.453384+00:00
AIRFLOW_CTX_DAG_RUN_ID=manual__2023-03-29T13:04:44.453384+00:00
[2023-03-29 13:05:05,052] {logging_mixin.py:109} INFO - File sp_500_data.csv locally and  uploaded to input-data/sp_500_data.csv in bucket dtc_data_lake_dataengineering-378316.
[2023-03-29 13:05:05,054] {python.py:175} INFO - Done. Returned value was: None
[2023-03-29 13:05:05,092] {taskinstance.py:1277} INFO - Marking task as SUCCESS. dag_id=SP_500_DATA_PIPELINE_v2, task_id=ingest_to_gcs, execution_date=20230329T130444, start_date=20230329T130503, end_date=20230329T130505
[2023-03-29 13:05:05,186] {local_task_job.py:154} INFO - Task exited with return code 0
[2023-03-29 13:05:05,318] {local_task_job.py:264} INFO - 1 downstream tasks scheduled from follow-on schedule check
