[2023-06-02 23:51:24,569] {taskinstance.py:1032} INFO - Dependencies all met for <TaskInstance: SP_500_DATA_PIPELINE_v1.extract_data_task manual__2023-06-02T23:50:01+00:00 [queued]>
[2023-06-02 23:51:24,653] {taskinstance.py:1032} INFO - Dependencies all met for <TaskInstance: SP_500_DATA_PIPELINE_v1.extract_data_task manual__2023-06-02T23:50:01+00:00 [queued]>
[2023-06-02 23:51:24,656] {taskinstance.py:1238} INFO - 
--------------------------------------------------------------------------------
[2023-06-02 23:51:24,657] {taskinstance.py:1239} INFO - Starting attempt 2 of 3
[2023-06-02 23:51:24,661] {taskinstance.py:1240} INFO - 
--------------------------------------------------------------------------------
[2023-06-02 23:51:24,746] {taskinstance.py:1259} INFO - Executing <Task(PythonOperator): extract_data_task> on 2023-06-02 23:50:01+00:00
[2023-06-02 23:51:24,760] {standard_task_runner.py:52} INFO - Started process 3933 to run task
[2023-06-02 23:51:24,782] {standard_task_runner.py:76} INFO - Running: ['***', 'tasks', 'run', 'SP_500_DATA_PIPELINE_v1', 'extract_data_task', 'manual__2023-06-02T23:50:01+00:00', '--job-id', '228', '--raw', '--subdir', 'DAGS_FOLDER/sp_500_data_processing_dag.py', '--cfg-path', '/tmp/tmp6x3bw0wh', '--error-file', '/tmp/tmpai61por3']
[2023-06-02 23:51:24,787] {standard_task_runner.py:77} INFO - Job 228: Subtask extract_data_task
[2023-06-02 23:51:25,157] {logging_mixin.py:109} INFO - Running <TaskInstance: SP_500_DATA_PIPELINE_v1.extract_data_task manual__2023-06-02T23:50:01+00:00 [running]> on host cf00c191c0f8
[2023-06-02 23:51:25,421] {taskinstance.py:1426} INFO - Exporting the following env vars:
AIRFLOW_CTX_DAG_EMAIL=
AIRFLOW_CTX_DAG_OWNER=me
AIRFLOW_CTX_DAG_ID=SP_500_DATA_PIPELINE_v1
AIRFLOW_CTX_TASK_ID=extract_data_task
AIRFLOW_CTX_EXECUTION_DATE=2023-06-02T23:50:01+00:00
AIRFLOW_CTX_DAG_RUN_ID=manual__2023-06-02T23:50:01+00:00
[2023-06-02 23:51:34,540] {logging_mixin.py:109} INFO - Error while extracting data for MMM: The tiingo API key must be provided either through the api_key variable or through the environmental variable TIINGO_API_KEY.
[2023-06-02 23:51:34,549] {logging_mixin.py:109} INFO - Error while extracting data for AOS: The tiingo API key must be provided either through the api_key variable or through the environmental variable TIINGO_API_KEY.
[2023-06-02 23:51:34,555] {logging_mixin.py:109} INFO - Error while extracting data for ABT: The tiingo API key must be provided either through the api_key variable or through the environmental variable TIINGO_API_KEY.
[2023-06-02 23:51:34,561] {logging_mixin.py:109} INFO - Error while extracting data for ABBV: The tiingo API key must be provided either through the api_key variable or through the environmental variable TIINGO_API_KEY.
[2023-06-02 23:51:34,566] {logging_mixin.py:109} INFO - Error while extracting data for ACN: The tiingo API key must be provided either through the api_key variable or through the environmental variable TIINGO_API_KEY.
[2023-06-02 23:51:34,577] {logging_mixin.py:109} INFO - Error while extracting data for ATVI: The tiingo API key must be provided either through the api_key variable or through the environmental variable TIINGO_API_KEY.
[2023-06-02 23:51:34,585] {logging_mixin.py:109} INFO - Error while extracting data for ADM: The tiingo API key must be provided either through the api_key variable or through the environmental variable TIINGO_API_KEY.
[2023-06-02 23:51:34,595] {logging_mixin.py:109} INFO - Error while extracting data for ADBE: The tiingo API key must be provided either through the api_key variable or through the environmental variable TIINGO_API_KEY.
[2023-06-02 23:51:34,604] {logging_mixin.py:109} INFO - Error while extracting data for ADP: The tiingo API key must be provided either through the api_key variable or through the environmental variable TIINGO_API_KEY.
[2023-06-02 23:51:34,612] {logging_mixin.py:109} INFO - Error while extracting data for AAP: The tiingo API key must be provided either through the api_key variable or through the environmental variable TIINGO_API_KEY.
[2023-06-02 23:51:34,618] {logging_mixin.py:109} INFO - Error while extracting data for AES: The tiingo API key must be provided either through the api_key variable or through the environmental variable TIINGO_API_KEY.
[2023-06-02 23:51:34,629] {logging_mixin.py:109} INFO - Error while extracting data for AFL: The tiingo API key must be provided either through the api_key variable or through the environmental variable TIINGO_API_KEY.
[2023-06-02 23:51:34,639] {logging_mixin.py:109} INFO - Error while extracting data for A: The tiingo API key must be provided either through the api_key variable or through the environmental variable TIINGO_API_KEY.
[2023-06-02 23:51:34,648] {logging_mixin.py:109} INFO - Error while extracting data for APD: The tiingo API key must be provided either through the api_key variable or through the environmental variable TIINGO_API_KEY.
[2023-06-02 23:51:34,655] {logging_mixin.py:109} INFO - Error while extracting data for AKAM: The tiingo API key must be provided either through the api_key variable or through the environmental variable TIINGO_API_KEY.
[2023-06-02 23:51:34,661] {logging_mixin.py:109} INFO - Error while extracting data for ALK: The tiingo API key must be provided either through the api_key variable or through the environmental variable TIINGO_API_KEY.
[2023-06-02 23:51:34,669] {logging_mixin.py:109} INFO - Error while extracting data for ALB: The tiingo API key must be provided either through the api_key variable or through the environmental variable TIINGO_API_KEY.
[2023-06-02 23:51:34,674] {logging_mixin.py:109} INFO - Error while extracting data for ARE: The tiingo API key must be provided either through the api_key variable or through the environmental variable TIINGO_API_KEY.
[2023-06-02 23:51:34,680] {logging_mixin.py:109} INFO - Error while extracting data for ALGN: The tiingo API key must be provided either through the api_key variable or through the environmental variable TIINGO_API_KEY.
[2023-06-02 23:51:34,687] {logging_mixin.py:109} INFO - Error while extracting data for ALLE: The tiingo API key must be provided either through the api_key variable or through the environmental variable TIINGO_API_KEY.
[2023-06-02 23:51:34,695] {logging_mixin.py:109} INFO - Error while extracting data for LNT: The tiingo API key must be provided either through the api_key variable or through the environmental variable TIINGO_API_KEY.
[2023-06-02 23:51:34,702] {logging_mixin.py:109} INFO - Error while extracting data for ALL: The tiingo API key must be provided either through the api_key variable or through the environmental variable TIINGO_API_KEY.
[2023-06-02 23:51:34,709] {logging_mixin.py:109} INFO - Error while extracting data for GOOGL: The tiingo API key must be provided either through the api_key variable or through the environmental variable TIINGO_API_KEY.
[2023-06-02 23:51:34,719] {logging_mixin.py:109} INFO - Error while extracting data for GOOG: The tiingo API key must be provided either through the api_key variable or through the environmental variable TIINGO_API_KEY.
[2023-06-02 23:51:34,724] {logging_mixin.py:109} INFO - Error while extracting data for MO: The tiingo API key must be provided either through the api_key variable or through the environmental variable TIINGO_API_KEY.
[2023-06-02 23:51:34,732] {logging_mixin.py:109} INFO - Error while extracting data for AMZN: The tiingo API key must be provided either through the api_key variable or through the environmental variable TIINGO_API_KEY.
[2023-06-02 23:51:34,743] {logging_mixin.py:109} INFO - Error while extracting data for AMCR: The tiingo API key must be provided either through the api_key variable or through the environmental variable TIINGO_API_KEY.
[2023-06-02 23:51:34,752] {logging_mixin.py:109} INFO - Error while extracting data for AMD: The tiingo API key must be provided either through the api_key variable or through the environmental variable TIINGO_API_KEY.
[2023-06-02 23:51:34,760] {logging_mixin.py:109} INFO - Error while extracting data for AEE: The tiingo API key must be provided either through the api_key variable or through the environmental variable TIINGO_API_KEY.
[2023-06-02 23:51:34,769] {logging_mixin.py:109} INFO - Error while extracting data for AAL: The tiingo API key must be provided either through the api_key variable or through the environmental variable TIINGO_API_KEY.
[2023-06-02 23:51:34,776] {logging_mixin.py:109} INFO - Error while extracting data for AEP: The tiingo API key must be provided either through the api_key variable or through the environmental variable TIINGO_API_KEY.
[2023-06-02 23:51:34,785] {logging_mixin.py:109} INFO - Error while extracting data for AXP: The tiingo API key must be provided either through the api_key variable or through the environmental variable TIINGO_API_KEY.
[2023-06-02 23:51:34,793] {logging_mixin.py:109} INFO - Error while extracting data for AIG: The tiingo API key must be provided either through the api_key variable or through the environmental variable TIINGO_API_KEY.
[2023-06-02 23:51:34,801] {logging_mixin.py:109} INFO - Error while extracting data for AMT: The tiingo API key must be provided either through the api_key variable or through the environmental variable TIINGO_API_KEY.
[2023-06-02 23:51:34,807] {logging_mixin.py:109} INFO - Error while extracting data for AWK: The tiingo API key must be provided either through the api_key variable or through the environmental variable TIINGO_API_KEY.
[2023-06-02 23:51:34,815] {logging_mixin.py:109} INFO - Error while extracting data for AMP: The tiingo API key must be provided either through the api_key variable or through the environmental variable TIINGO_API_KEY.
[2023-06-02 23:51:34,824] {logging_mixin.py:109} INFO - Error while extracting data for ABC: The tiingo API key must be provided either through the api_key variable or through the environmental variable TIINGO_API_KEY.
[2023-06-02 23:51:34,829] {logging_mixin.py:109} INFO - Error while extracting data for AME: The tiingo API key must be provided either through the api_key variable or through the environmental variable TIINGO_API_KEY.
[2023-06-02 23:51:34,834] {logging_mixin.py:109} INFO - Error while extracting data for AMGN: The tiingo API key must be provided either through the api_key variable or through the environmental variable TIINGO_API_KEY.
[2023-06-02 23:51:34,844] {logging_mixin.py:109} INFO - Error while extracting data for APH: The tiingo API key must be provided either through the api_key variable or through the environmental variable TIINGO_API_KEY.
[2023-06-02 23:51:34,853] {logging_mixin.py:109} INFO - Error while extracting data for ADI: The tiingo API key must be provided either through the api_key variable or through the environmental variable TIINGO_API_KEY.
[2023-06-02 23:51:34,860] {logging_mixin.py:109} INFO - Error while extracting data for ANSS: The tiingo API key must be provided either through the api_key variable or through the environmental variable TIINGO_API_KEY.
[2023-06-02 23:51:34,868] {logging_mixin.py:109} INFO - Error while extracting data for AON: The tiingo API key must be provided either through the api_key variable or through the environmental variable TIINGO_API_KEY.
[2023-06-02 23:51:34,876] {logging_mixin.py:109} INFO - Error while extracting data for APA: The tiingo API key must be provided either through the api_key variable or through the environmental variable TIINGO_API_KEY.
[2023-06-02 23:51:34,883] {logging_mixin.py:109} INFO - Error while extracting data for AAPL: The tiingo API key must be provided either through the api_key variable or through the environmental variable TIINGO_API_KEY.
[2023-06-02 23:51:34,890] {logging_mixin.py:109} INFO - Error while extracting data for AMAT: The tiingo API key must be provided either through the api_key variable or through the environmental variable TIINGO_API_KEY.
[2023-06-02 23:51:34,897] {logging_mixin.py:109} INFO - Error while extracting data for APTV: The tiingo API key must be provided either through the api_key variable or through the environmental variable TIINGO_API_KEY.
[2023-06-02 23:51:34,905] {logging_mixin.py:109} INFO - Error while extracting data for ACGL: The tiingo API key must be provided either through the api_key variable or through the environmental variable TIINGO_API_KEY.
[2023-06-02 23:51:34,914] {logging_mixin.py:109} INFO - Error while extracting data for ANET: The tiingo API key must be provided either through the api_key variable or through the environmental variable TIINGO_API_KEY.
[2023-06-02 23:51:34,922] {logging_mixin.py:109} INFO - Error while extracting data for AJG: The tiingo API key must be provided either through the api_key variable or through the environmental variable TIINGO_API_KEY.
[2023-06-02 23:51:34,931] {logging_mixin.py:109} INFO - Error while extracting data for AIZ: The tiingo API key must be provided either through the api_key variable or through the environmental variable TIINGO_API_KEY.
[2023-06-02 23:51:34,939] {logging_mixin.py:109} INFO - Error while extracting data for T: The tiingo API key must be provided either through the api_key variable or through the environmental variable TIINGO_API_KEY.
[2023-06-02 23:51:34,948] {logging_mixin.py:109} INFO - Error while extracting data for ATO: The tiingo API key must be provided either through the api_key variable or through the environmental variable TIINGO_API_KEY.
[2023-06-02 23:51:34,956] {logging_mixin.py:109} INFO - Error while extracting data for ADSK: The tiingo API key must be provided either through the api_key variable or through the environmental variable TIINGO_API_KEY.
[2023-06-02 23:51:34,965] {logging_mixin.py:109} INFO - Error while extracting data for AZO: The tiingo API key must be provided either through the api_key variable or through the environmental variable TIINGO_API_KEY.
[2023-06-02 23:51:34,973] {logging_mixin.py:109} INFO - Error while extracting data for AVB: The tiingo API key must be provided either through the api_key variable or through the environmental variable TIINGO_API_KEY.
[2023-06-02 23:51:34,980] {logging_mixin.py:109} INFO - Error while extracting data for AVY: The tiingo API key must be provided either through the api_key variable or through the environmental variable TIINGO_API_KEY.
[2023-06-02 23:51:34,990] {logging_mixin.py:109} INFO - Error while extracting data for AXON: The tiingo API key must be provided either through the api_key variable or through the environmental variable TIINGO_API_KEY.
[2023-06-02 23:51:35,006] {logging_mixin.py:109} INFO - Error while extracting data for BKR: The tiingo API key must be provided either through the api_key variable or through the environmental variable TIINGO_API_KEY.
[2023-06-02 23:51:35,012] {logging_mixin.py:109} INFO - Error while extracting data for BALL: The tiingo API key must be provided either through the api_key variable or through the environmental variable TIINGO_API_KEY.
[2023-06-02 23:51:35,017] {logging_mixin.py:109} INFO - Error while extracting data for BAC: The tiingo API key must be provided either through the api_key variable or through the environmental variable TIINGO_API_KEY.
[2023-06-02 23:51:35,022] {logging_mixin.py:109} INFO - Error while extracting data for BBWI: The tiingo API key must be provided either through the api_key variable or through the environmental variable TIINGO_API_KEY.
[2023-06-02 23:51:35,028] {logging_mixin.py:109} INFO - Error while extracting data for BAX: The tiingo API key must be provided either through the api_key variable or through the environmental variable TIINGO_API_KEY.
[2023-06-02 23:51:35,034] {logging_mixin.py:109} INFO - Error while extracting data for BDX: The tiingo API key must be provided either through the api_key variable or through the environmental variable TIINGO_API_KEY.
[2023-06-02 23:51:35,050] {logging_mixin.py:109} INFO - Error while extracting data for WRB: The tiingo API key must be provided either through the api_key variable or through the environmental variable TIINGO_API_KEY.
[2023-06-02 23:51:35,055] {logging_mixin.py:109} INFO - Error while extracting data for BRK.B: The tiingo API key must be provided either through the api_key variable or through the environmental variable TIINGO_API_KEY.
[2023-06-02 23:51:35,066] {logging_mixin.py:109} INFO - Error while extracting data for BBY: The tiingo API key must be provided either through the api_key variable or through the environmental variable TIINGO_API_KEY.
[2023-06-02 23:51:35,072] {logging_mixin.py:109} INFO - Error while extracting data for BIO: The tiingo API key must be provided either through the api_key variable or through the environmental variable TIINGO_API_KEY.
[2023-06-02 23:51:35,084] {logging_mixin.py:109} INFO - Error while extracting data for TECH: The tiingo API key must be provided either through the api_key variable or through the environmental variable TIINGO_API_KEY.
[2023-06-02 23:51:35,089] {logging_mixin.py:109} INFO - Error while extracting data for BIIB: The tiingo API key must be provided either through the api_key variable or through the environmental variable TIINGO_API_KEY.
[2023-06-02 23:51:35,100] {logging_mixin.py:109} INFO - Error while extracting data for BLK: The tiingo API key must be provided either through the api_key variable or through the environmental variable TIINGO_API_KEY.
[2023-06-02 23:51:35,106] {logging_mixin.py:109} INFO - Error while extracting data for BK: The tiingo API key must be provided either through the api_key variable or through the environmental variable TIINGO_API_KEY.
[2023-06-02 23:51:35,116] {logging_mixin.py:109} INFO - Error while extracting data for BA: The tiingo API key must be provided either through the api_key variable or through the environmental variable TIINGO_API_KEY.
[2023-06-02 23:51:35,121] {logging_mixin.py:109} INFO - Error while extracting data for BKNG: The tiingo API key must be provided either through the api_key variable or through the environmental variable TIINGO_API_KEY.
[2023-06-02 23:51:35,129] {logging_mixin.py:109} INFO - Error while extracting data for BWA: The tiingo API key must be provided either through the api_key variable or through the environmental variable TIINGO_API_KEY.
[2023-06-02 23:51:35,138] {logging_mixin.py:109} INFO - Error while extracting data for BXP: The tiingo API key must be provided either through the api_key variable or through the environmental variable TIINGO_API_KEY.
[2023-06-02 23:51:35,144] {logging_mixin.py:109} INFO - Error while extracting data for BSX: The tiingo API key must be provided either through the api_key variable or through the environmental variable TIINGO_API_KEY.
[2023-06-02 23:51:35,152] {logging_mixin.py:109} INFO - Error while extracting data for BMY: The tiingo API key must be provided either through the api_key variable or through the environmental variable TIINGO_API_KEY.
[2023-06-02 23:51:35,156] {logging_mixin.py:109} INFO - Error while extracting data for AVGO: The tiingo API key must be provided either through the api_key variable or through the environmental variable TIINGO_API_KEY.
[2023-06-02 23:51:35,164] {logging_mixin.py:109} INFO - Error while extracting data for BR: The tiingo API key must be provided either through the api_key variable or through the environmental variable TIINGO_API_KEY.
[2023-06-02 23:51:35,170] {logging_mixin.py:109} INFO - Error while extracting data for BRO: The tiingo API key must be provided either through the api_key variable or through the environmental variable TIINGO_API_KEY.
[2023-06-02 23:51:35,176] {logging_mixin.py:109} INFO - Error while extracting data for BF.B: The tiingo API key must be provided either through the api_key variable or through the environmental variable TIINGO_API_KEY.
[2023-06-02 23:51:35,183] {logging_mixin.py:109} INFO - Error while extracting data for BG: The tiingo API key must be provided either through the api_key variable or through the environmental variable TIINGO_API_KEY.
[2023-06-02 23:51:35,191] {logging_mixin.py:109} INFO - Error while extracting data for CHRW: The tiingo API key must be provided either through the api_key variable or through the environmental variable TIINGO_API_KEY.
[2023-06-02 23:51:35,198] {logging_mixin.py:109} INFO - Error while extracting data for CDNS: The tiingo API key must be provided either through the api_key variable or through the environmental variable TIINGO_API_KEY.
[2023-06-02 23:51:35,206] {logging_mixin.py:109} INFO - Error while extracting data for CZR: The tiingo API key must be provided either through the api_key variable or through the environmental variable TIINGO_API_KEY.
[2023-06-02 23:51:35,215] {logging_mixin.py:109} INFO - Error while extracting data for CPT: The tiingo API key must be provided either through the api_key variable or through the environmental variable TIINGO_API_KEY.
[2023-06-02 23:51:35,221] {logging_mixin.py:109} INFO - Error while extracting data for CPB: The tiingo API key must be provided either through the api_key variable or through the environmental variable TIINGO_API_KEY.
[2023-06-02 23:51:35,229] {logging_mixin.py:109} INFO - Error while extracting data for COF: The tiingo API key must be provided either through the api_key variable or through the environmental variable TIINGO_API_KEY.
[2023-06-02 23:51:35,235] {logging_mixin.py:109} INFO - Error while extracting data for CAH: The tiingo API key must be provided either through the api_key variable or through the environmental variable TIINGO_API_KEY.
[2023-06-02 23:51:35,243] {logging_mixin.py:109} INFO - Error while extracting data for KMX: The tiingo API key must be provided either through the api_key variable or through the environmental variable TIINGO_API_KEY.
[2023-06-02 23:51:35,249] {logging_mixin.py:109} INFO - Error while extracting data for CCL: The tiingo API key must be provided either through the api_key variable or through the environmental variable TIINGO_API_KEY.
[2023-06-02 23:51:35,257] {logging_mixin.py:109} INFO - Error while extracting data for CARR: The tiingo API key must be provided either through the api_key variable or through the environmental variable TIINGO_API_KEY.
[2023-06-02 23:51:35,266] {logging_mixin.py:109} INFO - Error while extracting data for CTLT: The tiingo API key must be provided either through the api_key variable or through the environmental variable TIINGO_API_KEY.
[2023-06-02 23:51:35,273] {logging_mixin.py:109} INFO - Error while extracting data for CAT: The tiingo API key must be provided either through the api_key variable or through the environmental variable TIINGO_API_KEY.
[2023-06-02 23:51:35,286] {logging_mixin.py:109} INFO - Error while extracting data for CBOE: The tiingo API key must be provided either through the api_key variable or through the environmental variable TIINGO_API_KEY.
[2023-06-02 23:51:35,291] {logging_mixin.py:109} INFO - Error while extracting data for CBRE: The tiingo API key must be provided either through the api_key variable or through the environmental variable TIINGO_API_KEY.
[2023-06-02 23:51:35,295] {logging_mixin.py:109} INFO - Error while extracting data for CDW: The tiingo API key must be provided either through the api_key variable or through the environmental variable TIINGO_API_KEY.
[2023-06-02 23:51:35,300] {logging_mixin.py:109} INFO - Error while extracting data for CE: The tiingo API key must be provided either through the api_key variable or through the environmental variable TIINGO_API_KEY.
[2023-06-02 23:51:35,310] {logging_mixin.py:109} INFO - Error while extracting data for CNC: The tiingo API key must be provided either through the api_key variable or through the environmental variable TIINGO_API_KEY.
[2023-06-02 23:51:35,315] {logging_mixin.py:109} INFO - Error while extracting data for CNP: The tiingo API key must be provided either through the api_key variable or through the environmental variable TIINGO_API_KEY.
[2023-06-02 23:51:35,319] {logging_mixin.py:109} INFO - Error while extracting data for CDAY: The tiingo API key must be provided either through the api_key variable or through the environmental variable TIINGO_API_KEY.
[2023-06-02 23:51:35,326] {logging_mixin.py:109} INFO - Error while extracting data for CF: The tiingo API key must be provided either through the api_key variable or through the environmental variable TIINGO_API_KEY.
[2023-06-02 23:51:35,341] {logging_mixin.py:109} INFO - Error while extracting data for CRL: The tiingo API key must be provided either through the api_key variable or through the environmental variable TIINGO_API_KEY.
[2023-06-02 23:51:35,349] {logging_mixin.py:109} INFO - Error while extracting data for SCHW: The tiingo API key must be provided either through the api_key variable or through the environmental variable TIINGO_API_KEY.
[2023-06-02 23:51:35,353] {logging_mixin.py:109} INFO - Error while extracting data for CHTR: The tiingo API key must be provided either through the api_key variable or through the environmental variable TIINGO_API_KEY.
[2023-06-02 23:51:35,357] {logging_mixin.py:109} INFO - Error while extracting data for CVX: The tiingo API key must be provided either through the api_key variable or through the environmental variable TIINGO_API_KEY.
[2023-06-02 23:51:35,362] {logging_mixin.py:109} INFO - Error while extracting data for CMG: The tiingo API key must be provided either through the api_key variable or through the environmental variable TIINGO_API_KEY.
[2023-06-02 23:51:35,366] {logging_mixin.py:109} INFO - Error while extracting data for CB: The tiingo API key must be provided either through the api_key variable or through the environmental variable TIINGO_API_KEY.
[2023-06-02 23:51:35,370] {logging_mixin.py:109} INFO - Error while extracting data for CHD: The tiingo API key must be provided either through the api_key variable or through the environmental variable TIINGO_API_KEY.
[2023-06-02 23:51:35,377] {logging_mixin.py:109} INFO - Error while extracting data for CI: The tiingo API key must be provided either through the api_key variable or through the environmental variable TIINGO_API_KEY.
[2023-06-02 23:51:35,387] {logging_mixin.py:109} INFO - Error while extracting data for CINF: The tiingo API key must be provided either through the api_key variable or through the environmental variable TIINGO_API_KEY.
[2023-06-02 23:51:35,392] {logging_mixin.py:109} INFO - Error while extracting data for CTAS: The tiingo API key must be provided either through the api_key variable or through the environmental variable TIINGO_API_KEY.
[2023-06-02 23:51:35,397] {logging_mixin.py:109} INFO - Error while extracting data for CSCO: The tiingo API key must be provided either through the api_key variable or through the environmental variable TIINGO_API_KEY.
[2023-06-02 23:51:35,411] {logging_mixin.py:109} INFO - Error while extracting data for C: The tiingo API key must be provided either through the api_key variable or through the environmental variable TIINGO_API_KEY.
[2023-06-02 23:51:35,424] {logging_mixin.py:109} INFO - Error while extracting data for CFG: The tiingo API key must be provided either through the api_key variable or through the environmental variable TIINGO_API_KEY.
[2023-06-02 23:51:35,438] {logging_mixin.py:109} INFO - Error while extracting data for CLX: The tiingo API key must be provided either through the api_key variable or through the environmental variable TIINGO_API_KEY.
[2023-06-02 23:51:35,444] {logging_mixin.py:109} INFO - Error while extracting data for CME: The tiingo API key must be provided either through the api_key variable or through the environmental variable TIINGO_API_KEY.
[2023-06-02 23:51:35,455] {logging_mixin.py:109} INFO - Error while extracting data for CMS: The tiingo API key must be provided either through the api_key variable or through the environmental variable TIINGO_API_KEY.
[2023-06-02 23:51:35,462] {logging_mixin.py:109} INFO - Error while extracting data for KO: The tiingo API key must be provided either through the api_key variable or through the environmental variable TIINGO_API_KEY.
[2023-06-02 23:51:35,470] {logging_mixin.py:109} INFO - Error while extracting data for CTSH: The tiingo API key must be provided either through the api_key variable or through the environmental variable TIINGO_API_KEY.
[2023-06-02 23:51:35,482] {logging_mixin.py:109} INFO - Error while extracting data for CL: The tiingo API key must be provided either through the api_key variable or through the environmental variable TIINGO_API_KEY.
[2023-06-02 23:51:35,502] {logging_mixin.py:109} INFO - Error while extracting data for CMCSA: The tiingo API key must be provided either through the api_key variable or through the environmental variable TIINGO_API_KEY.
[2023-06-02 23:51:35,515] {logging_mixin.py:109} INFO - Error while extracting data for CMA: The tiingo API key must be provided either through the api_key variable or through the environmental variable TIINGO_API_KEY.
[2023-06-02 23:51:35,524] {logging_mixin.py:109} INFO - Error while extracting data for CAG: The tiingo API key must be provided either through the api_key variable or through the environmental variable TIINGO_API_KEY.
[2023-06-02 23:51:35,536] {logging_mixin.py:109} INFO - Error while extracting data for COP: The tiingo API key must be provided either through the api_key variable or through the environmental variable TIINGO_API_KEY.
[2023-06-02 23:51:35,545] {logging_mixin.py:109} INFO - Error while extracting data for ED: The tiingo API key must be provided either through the api_key variable or through the environmental variable TIINGO_API_KEY.
[2023-06-02 23:51:35,554] {logging_mixin.py:109} INFO - Error while extracting data for STZ: The tiingo API key must be provided either through the api_key variable or through the environmental variable TIINGO_API_KEY.
[2023-06-02 23:51:35,563] {logging_mixin.py:109} INFO - Error while extracting data for CEG: The tiingo API key must be provided either through the api_key variable or through the environmental variable TIINGO_API_KEY.
[2023-06-02 23:51:35,569] {logging_mixin.py:109} INFO - Error while extracting data for COO: The tiingo API key must be provided either through the api_key variable or through the environmental variable TIINGO_API_KEY.
[2023-06-02 23:51:35,583] {logging_mixin.py:109} INFO - Error while extracting data for CPRT: The tiingo API key must be provided either through the api_key variable or through the environmental variable TIINGO_API_KEY.
[2023-06-02 23:51:35,596] {logging_mixin.py:109} INFO - Error while extracting data for GLW: The tiingo API key must be provided either through the api_key variable or through the environmental variable TIINGO_API_KEY.
[2023-06-02 23:51:35,601] {logging_mixin.py:109} INFO - Error while extracting data for CTVA: The tiingo API key must be provided either through the api_key variable or through the environmental variable TIINGO_API_KEY.
[2023-06-02 23:51:35,607] {logging_mixin.py:109} INFO - Error while extracting data for CSGP: The tiingo API key must be provided either through the api_key variable or through the environmental variable TIINGO_API_KEY.
[2023-06-02 23:51:35,620] {logging_mixin.py:109} INFO - Error while extracting data for COST: The tiingo API key must be provided either through the api_key variable or through the environmental variable TIINGO_API_KEY.
[2023-06-02 23:51:35,630] {logging_mixin.py:109} INFO - Error while extracting data for CTRA: The tiingo API key must be provided either through the api_key variable or through the environmental variable TIINGO_API_KEY.
[2023-06-02 23:51:35,642] {logging_mixin.py:109} INFO - Error while extracting data for CCI: The tiingo API key must be provided either through the api_key variable or through the environmental variable TIINGO_API_KEY.
[2023-06-02 23:51:35,650] {logging_mixin.py:109} INFO - Error while extracting data for CSX: The tiingo API key must be provided either through the api_key variable or through the environmental variable TIINGO_API_KEY.
[2023-06-02 23:51:35,660] {logging_mixin.py:109} INFO - Error while extracting data for CMI: The tiingo API key must be provided either through the api_key variable or through the environmental variable TIINGO_API_KEY.
[2023-06-02 23:51:35,669] {logging_mixin.py:109} INFO - Error while extracting data for CVS: The tiingo API key must be provided either through the api_key variable or through the environmental variable TIINGO_API_KEY.
[2023-06-02 23:51:35,681] {logging_mixin.py:109} INFO - Error while extracting data for DHI: The tiingo API key must be provided either through the api_key variable or through the environmental variable TIINGO_API_KEY.
[2023-06-02 23:51:35,689] {logging_mixin.py:109} INFO - Error while extracting data for DHR: The tiingo API key must be provided either through the api_key variable or through the environmental variable TIINGO_API_KEY.
[2023-06-02 23:51:35,699] {logging_mixin.py:109} INFO - Error while extracting data for DRI: The tiingo API key must be provided either through the api_key variable or through the environmental variable TIINGO_API_KEY.
[2023-06-02 23:51:35,707] {logging_mixin.py:109} INFO - Error while extracting data for DVA: The tiingo API key must be provided either through the api_key variable or through the environmental variable TIINGO_API_KEY.
[2023-06-02 23:51:35,718] {logging_mixin.py:109} INFO - Error while extracting data for DE: The tiingo API key must be provided either through the api_key variable or through the environmental variable TIINGO_API_KEY.
[2023-06-02 23:51:35,730] {logging_mixin.py:109} INFO - Error while extracting data for DAL: The tiingo API key must be provided either through the api_key variable or through the environmental variable TIINGO_API_KEY.
[2023-06-02 23:51:35,744] {logging_mixin.py:109} INFO - Error while extracting data for XRAY: The tiingo API key must be provided either through the api_key variable or through the environmental variable TIINGO_API_KEY.
[2023-06-02 23:51:35,751] {logging_mixin.py:109} INFO - Error while extracting data for DVN: The tiingo API key must be provided either through the api_key variable or through the environmental variable TIINGO_API_KEY.
[2023-06-02 23:51:35,764] {logging_mixin.py:109} INFO - Error while extracting data for DXCM: The tiingo API key must be provided either through the api_key variable or through the environmental variable TIINGO_API_KEY.
[2023-06-02 23:51:35,775] {logging_mixin.py:109} INFO - Error while extracting data for FANG: The tiingo API key must be provided either through the api_key variable or through the environmental variable TIINGO_API_KEY.
[2023-06-02 23:51:35,787] {logging_mixin.py:109} INFO - Error while extracting data for DLR: The tiingo API key must be provided either through the api_key variable or through the environmental variable TIINGO_API_KEY.
[2023-06-02 23:51:35,794] {logging_mixin.py:109} INFO - Error while extracting data for DFS: The tiingo API key must be provided either through the api_key variable or through the environmental variable TIINGO_API_KEY.
[2023-06-02 23:51:35,810] {logging_mixin.py:109} INFO - Error while extracting data for DIS: The tiingo API key must be provided either through the api_key variable or through the environmental variable TIINGO_API_KEY.
[2023-06-02 23:51:35,815] {logging_mixin.py:109} INFO - Error while extracting data for DG: The tiingo API key must be provided either through the api_key variable or through the environmental variable TIINGO_API_KEY.
[2023-06-02 23:51:35,819] {logging_mixin.py:109} INFO - Error while extracting data for DLTR: The tiingo API key must be provided either through the api_key variable or through the environmental variable TIINGO_API_KEY.
[2023-06-02 23:51:35,824] {logging_mixin.py:109} INFO - Error while extracting data for D: The tiingo API key must be provided either through the api_key variable or through the environmental variable TIINGO_API_KEY.
[2023-06-02 23:51:35,828] {logging_mixin.py:109} INFO - Error while extracting data for DPZ: The tiingo API key must be provided either through the api_key variable or through the environmental variable TIINGO_API_KEY.
[2023-06-02 23:51:35,839] {logging_mixin.py:109} INFO - Error while extracting data for DOV: The tiingo API key must be provided either through the api_key variable or through the environmental variable TIINGO_API_KEY.
[2023-06-02 23:51:35,845] {logging_mixin.py:109} INFO - Error while extracting data for DOW: The tiingo API key must be provided either through the api_key variable or through the environmental variable TIINGO_API_KEY.
[2023-06-02 23:51:35,857] {logging_mixin.py:109} INFO - Error while extracting data for DTE: The tiingo API key must be provided either through the api_key variable or through the environmental variable TIINGO_API_KEY.
[2023-06-02 23:51:35,864] {logging_mixin.py:109} INFO - Error while extracting data for DUK: The tiingo API key must be provided either through the api_key variable or through the environmental variable TIINGO_API_KEY.
[2023-06-02 23:51:35,871] {logging_mixin.py:109} INFO - Error while extracting data for DD: The tiingo API key must be provided either through the api_key variable or through the environmental variable TIINGO_API_KEY.
[2023-06-02 23:51:35,879] {logging_mixin.py:109} INFO - Error while extracting data for DXC: The tiingo API key must be provided either through the api_key variable or through the environmental variable TIINGO_API_KEY.
[2023-06-02 23:51:35,889] {logging_mixin.py:109} INFO - Error while extracting data for EMN: The tiingo API key must be provided either through the api_key variable or through the environmental variable TIINGO_API_KEY.
[2023-06-02 23:51:35,901] {logging_mixin.py:109} INFO - Error while extracting data for ETN: The tiingo API key must be provided either through the api_key variable or through the environmental variable TIINGO_API_KEY.
[2023-06-02 23:51:35,909] {logging_mixin.py:109} INFO - Error while extracting data for EBAY: The tiingo API key must be provided either through the api_key variable or through the environmental variable TIINGO_API_KEY.
[2023-06-02 23:51:35,917] {logging_mixin.py:109} INFO - Error while extracting data for ECL: The tiingo API key must be provided either through the api_key variable or through the environmental variable TIINGO_API_KEY.
[2023-06-02 23:51:35,925] {logging_mixin.py:109} INFO - Error while extracting data for EIX: The tiingo API key must be provided either through the api_key variable or through the environmental variable TIINGO_API_KEY.
[2023-06-02 23:51:35,931] {logging_mixin.py:109} INFO - Error while extracting data for EW: The tiingo API key must be provided either through the api_key variable or through the environmental variable TIINGO_API_KEY.
[2023-06-02 23:51:35,939] {logging_mixin.py:109} INFO - Error while extracting data for EA: The tiingo API key must be provided either through the api_key variable or through the environmental variable TIINGO_API_KEY.
[2023-06-02 23:51:35,945] {logging_mixin.py:109} INFO - Error while extracting data for ELV: The tiingo API key must be provided either through the api_key variable or through the environmental variable TIINGO_API_KEY.
[2023-06-02 23:51:35,953] {logging_mixin.py:109} INFO - Error while extracting data for LLY: The tiingo API key must be provided either through the api_key variable or through the environmental variable TIINGO_API_KEY.
[2023-06-02 23:51:35,962] {logging_mixin.py:109} INFO - Error while extracting data for EMR: The tiingo API key must be provided either through the api_key variable or through the environmental variable TIINGO_API_KEY.
[2023-06-02 23:51:35,970] {logging_mixin.py:109} INFO - Error while extracting data for ENPH: The tiingo API key must be provided either through the api_key variable or through the environmental variable TIINGO_API_KEY.
[2023-06-02 23:51:35,978] {logging_mixin.py:109} INFO - Error while extracting data for ETR: The tiingo API key must be provided either through the api_key variable or through the environmental variable TIINGO_API_KEY.
[2023-06-02 23:51:35,986] {logging_mixin.py:109} INFO - Error while extracting data for EOG: The tiingo API key must be provided either through the api_key variable or through the environmental variable TIINGO_API_KEY.
[2023-06-02 23:51:35,994] {logging_mixin.py:109} INFO - Error while extracting data for EPAM: The tiingo API key must be provided either through the api_key variable or through the environmental variable TIINGO_API_KEY.
[2023-06-02 23:51:36,001] {logging_mixin.py:109} INFO - Error while extracting data for EQT: The tiingo API key must be provided either through the api_key variable or through the environmental variable TIINGO_API_KEY.
[2023-06-02 23:51:36,010] {logging_mixin.py:109} INFO - Error while extracting data for EFX: The tiingo API key must be provided either through the api_key variable or through the environmental variable TIINGO_API_KEY.
[2023-06-02 23:51:36,019] {logging_mixin.py:109} INFO - Error while extracting data for EQIX: The tiingo API key must be provided either through the api_key variable or through the environmental variable TIINGO_API_KEY.
[2023-06-02 23:51:36,027] {logging_mixin.py:109} INFO - Error while extracting data for EQR: The tiingo API key must be provided either through the api_key variable or through the environmental variable TIINGO_API_KEY.
[2023-06-02 23:51:36,036] {logging_mixin.py:109} INFO - Error while extracting data for ESS: The tiingo API key must be provided either through the api_key variable or through the environmental variable TIINGO_API_KEY.
[2023-06-02 23:51:36,044] {logging_mixin.py:109} INFO - Error while extracting data for EL: The tiingo API key must be provided either through the api_key variable or through the environmental variable TIINGO_API_KEY.
[2023-06-02 23:51:36,052] {logging_mixin.py:109} INFO - Error while extracting data for ETSY: The tiingo API key must be provided either through the api_key variable or through the environmental variable TIINGO_API_KEY.
[2023-06-02 23:51:36,062] {logging_mixin.py:109} INFO - Error while extracting data for RE: The tiingo API key must be provided either through the api_key variable or through the environmental variable TIINGO_API_KEY.
[2023-06-02 23:51:36,070] {logging_mixin.py:109} INFO - Error while extracting data for EVRG: The tiingo API key must be provided either through the api_key variable or through the environmental variable TIINGO_API_KEY.
[2023-06-02 23:51:36,080] {logging_mixin.py:109} INFO - Error while extracting data for ES: The tiingo API key must be provided either through the api_key variable or through the environmental variable TIINGO_API_KEY.
[2023-06-02 23:51:36,093] {logging_mixin.py:109} INFO - Error while extracting data for EXC: The tiingo API key must be provided either through the api_key variable or through the environmental variable TIINGO_API_KEY.
[2023-06-02 23:51:36,112] {logging_mixin.py:109} INFO - Error while extracting data for EXPE: The tiingo API key must be provided either through the api_key variable or through the environmental variable TIINGO_API_KEY.
[2023-06-02 23:51:36,131] {logging_mixin.py:109} INFO - Error while extracting data for EXPD: The tiingo API key must be provided either through the api_key variable or through the environmental variable TIINGO_API_KEY.
[2023-06-02 23:51:36,145] {logging_mixin.py:109} INFO - Error while extracting data for EXR: The tiingo API key must be provided either through the api_key variable or through the environmental variable TIINGO_API_KEY.
[2023-06-02 23:51:36,154] {logging_mixin.py:109} INFO - Error while extracting data for XOM: The tiingo API key must be provided either through the api_key variable or through the environmental variable TIINGO_API_KEY.
[2023-06-02 23:51:36,163] {logging_mixin.py:109} INFO - Error while extracting data for FFIV: The tiingo API key must be provided either through the api_key variable or through the environmental variable TIINGO_API_KEY.
[2023-06-02 23:51:36,170] {logging_mixin.py:109} INFO - Error while extracting data for FDS: The tiingo API key must be provided either through the api_key variable or through the environmental variable TIINGO_API_KEY.
[2023-06-02 23:51:36,177] {logging_mixin.py:109} INFO - Error while extracting data for FICO: The tiingo API key must be provided either through the api_key variable or through the environmental variable TIINGO_API_KEY.
[2023-06-02 23:51:36,185] {logging_mixin.py:109} INFO - Error while extracting data for FAST: The tiingo API key must be provided either through the api_key variable or through the environmental variable TIINGO_API_KEY.
[2023-06-02 23:51:36,189] {logging_mixin.py:109} INFO - Error while extracting data for FRT: The tiingo API key must be provided either through the api_key variable or through the environmental variable TIINGO_API_KEY.
[2023-06-02 23:51:36,200] {logging_mixin.py:109} INFO - Error while extracting data for FDX: The tiingo API key must be provided either through the api_key variable or through the environmental variable TIINGO_API_KEY.
[2023-06-02 23:51:36,209] {logging_mixin.py:109} INFO - Error while extracting data for FITB: The tiingo API key must be provided either through the api_key variable or through the environmental variable TIINGO_API_KEY.
[2023-06-02 23:51:36,218] {logging_mixin.py:109} INFO - Error while extracting data for FSLR: The tiingo API key must be provided either through the api_key variable or through the environmental variable TIINGO_API_KEY.
[2023-06-02 23:51:36,226] {logging_mixin.py:109} INFO - Error while extracting data for FE: The tiingo API key must be provided either through the api_key variable or through the environmental variable TIINGO_API_KEY.
[2023-06-02 23:51:36,233] {logging_mixin.py:109} INFO - Error while extracting data for FIS: The tiingo API key must be provided either through the api_key variable or through the environmental variable TIINGO_API_KEY.
[2023-06-02 23:51:36,240] {logging_mixin.py:109} INFO - Error while extracting data for FISV: The tiingo API key must be provided either through the api_key variable or through the environmental variable TIINGO_API_KEY.
[2023-06-02 23:51:36,246] {logging_mixin.py:109} INFO - Error while extracting data for FLT: The tiingo API key must be provided either through the api_key variable or through the environmental variable TIINGO_API_KEY.
[2023-06-02 23:51:36,254] {logging_mixin.py:109} INFO - Error while extracting data for FMC: The tiingo API key must be provided either through the api_key variable or through the environmental variable TIINGO_API_KEY.
[2023-06-02 23:51:36,262] {logging_mixin.py:109} INFO - Error while extracting data for F: The tiingo API key must be provided either through the api_key variable or through the environmental variable TIINGO_API_KEY.
[2023-06-02 23:51:36,270] {logging_mixin.py:109} INFO - Error while extracting data for FTNT: The tiingo API key must be provided either through the api_key variable or through the environmental variable TIINGO_API_KEY.
[2023-06-02 23:51:36,278] {logging_mixin.py:109} INFO - Error while extracting data for FTV: The tiingo API key must be provided either through the api_key variable or through the environmental variable TIINGO_API_KEY.
[2023-06-02 23:51:36,287] {logging_mixin.py:109} INFO - Error while extracting data for FOXA: The tiingo API key must be provided either through the api_key variable or through the environmental variable TIINGO_API_KEY.
[2023-06-02 23:51:36,295] {logging_mixin.py:109} INFO - Error while extracting data for FOX: The tiingo API key must be provided either through the api_key variable or through the environmental variable TIINGO_API_KEY.
[2023-06-02 23:51:36,301] {logging_mixin.py:109} INFO - Error while extracting data for BEN: The tiingo API key must be provided either through the api_key variable or through the environmental variable TIINGO_API_KEY.
[2023-06-02 23:51:36,312] {logging_mixin.py:109} INFO - Error while extracting data for FCX: The tiingo API key must be provided either through the api_key variable or through the environmental variable TIINGO_API_KEY.
[2023-06-02 23:51:36,322] {logging_mixin.py:109} INFO - Error while extracting data for GRMN: The tiingo API key must be provided either through the api_key variable or through the environmental variable TIINGO_API_KEY.
[2023-06-02 23:51:36,332] {logging_mixin.py:109} INFO - Error while extracting data for IT: The tiingo API key must be provided either through the api_key variable or through the environmental variable TIINGO_API_KEY.
[2023-06-02 23:51:36,341] {logging_mixin.py:109} INFO - Error while extracting data for GEHC: The tiingo API key must be provided either through the api_key variable or through the environmental variable TIINGO_API_KEY.
[2023-06-02 23:51:36,350] {logging_mixin.py:109} INFO - Error while extracting data for GEN: The tiingo API key must be provided either through the api_key variable or through the environmental variable TIINGO_API_KEY.
[2023-06-02 23:51:36,368] {logging_mixin.py:109} INFO - Error while extracting data for GNRC: The tiingo API key must be provided either through the api_key variable or through the environmental variable TIINGO_API_KEY.
[2023-06-02 23:51:36,374] {logging_mixin.py:109} INFO - Error while extracting data for GD: The tiingo API key must be provided either through the api_key variable or through the environmental variable TIINGO_API_KEY.
[2023-06-02 23:51:36,389] {logging_mixin.py:109} INFO - Error while extracting data for GE: The tiingo API key must be provided either through the api_key variable or through the environmental variable TIINGO_API_KEY.
[2023-06-02 23:51:36,404] {logging_mixin.py:109} INFO - Error while extracting data for GIS: The tiingo API key must be provided either through the api_key variable or through the environmental variable TIINGO_API_KEY.
[2023-06-02 23:51:36,417] {logging_mixin.py:109} INFO - Error while extracting data for GM: The tiingo API key must be provided either through the api_key variable or through the environmental variable TIINGO_API_KEY.
[2023-06-02 23:51:36,429] {logging_mixin.py:109} INFO - Error while extracting data for GPC: The tiingo API key must be provided either through the api_key variable or through the environmental variable TIINGO_API_KEY.
[2023-06-02 23:51:36,444] {logging_mixin.py:109} INFO - Error while extracting data for GILD: The tiingo API key must be provided either through the api_key variable or through the environmental variable TIINGO_API_KEY.
[2023-06-02 23:51:36,450] {logging_mixin.py:109} INFO - Error while extracting data for GL: The tiingo API key must be provided either through the api_key variable or through the environmental variable TIINGO_API_KEY.
[2023-06-02 23:51:36,460] {logging_mixin.py:109} INFO - Error while extracting data for GPN: The tiingo API key must be provided either through the api_key variable or through the environmental variable TIINGO_API_KEY.
[2023-06-02 23:51:36,471] {logging_mixin.py:109} INFO - Error while extracting data for GS: The tiingo API key must be provided either through the api_key variable or through the environmental variable TIINGO_API_KEY.
[2023-06-02 23:51:36,475] {logging_mixin.py:109} INFO - Error while extracting data for HAL: The tiingo API key must be provided either through the api_key variable or through the environmental variable TIINGO_API_KEY.
[2023-06-02 23:51:36,491] {logging_mixin.py:109} INFO - Error while extracting data for HIG: The tiingo API key must be provided either through the api_key variable or through the environmental variable TIINGO_API_KEY.
[2023-06-02 23:51:36,497] {logging_mixin.py:109} INFO - Error while extracting data for HAS: The tiingo API key must be provided either through the api_key variable or through the environmental variable TIINGO_API_KEY.
[2023-06-02 23:51:36,514] {logging_mixin.py:109} INFO - Error while extracting data for HCA: The tiingo API key must be provided either through the api_key variable or through the environmental variable TIINGO_API_KEY.
[2023-06-02 23:51:36,521] {logging_mixin.py:109} INFO - Error while extracting data for PEAK: The tiingo API key must be provided either through the api_key variable or through the environmental variable TIINGO_API_KEY.
[2023-06-02 23:51:36,535] {logging_mixin.py:109} INFO - Error while extracting data for HSIC: The tiingo API key must be provided either through the api_key variable or through the environmental variable TIINGO_API_KEY.
[2023-06-02 23:51:36,540] {logging_mixin.py:109} INFO - Error while extracting data for HSY: The tiingo API key must be provided either through the api_key variable or through the environmental variable TIINGO_API_KEY.
[2023-06-02 23:51:36,547] {logging_mixin.py:109} INFO - Error while extracting data for HES: The tiingo API key must be provided either through the api_key variable or through the environmental variable TIINGO_API_KEY.
[2023-06-02 23:51:36,555] {logging_mixin.py:109} INFO - Error while extracting data for HPE: The tiingo API key must be provided either through the api_key variable or through the environmental variable TIINGO_API_KEY.
[2023-06-02 23:51:36,568] {logging_mixin.py:109} INFO - Error while extracting data for HLT: The tiingo API key must be provided either through the api_key variable or through the environmental variable TIINGO_API_KEY.
[2023-06-02 23:51:36,578] {logging_mixin.py:109} INFO - Error while extracting data for HOLX: The tiingo API key must be provided either through the api_key variable or through the environmental variable TIINGO_API_KEY.
[2023-06-02 23:51:36,586] {logging_mixin.py:109} INFO - Error while extracting data for HD: The tiingo API key must be provided either through the api_key variable or through the environmental variable TIINGO_API_KEY.
[2023-06-02 23:51:36,593] {logging_mixin.py:109} INFO - Error while extracting data for HON: The tiingo API key must be provided either through the api_key variable or through the environmental variable TIINGO_API_KEY.
[2023-06-02 23:51:36,600] {logging_mixin.py:109} INFO - Error while extracting data for HRL: The tiingo API key must be provided either through the api_key variable or through the environmental variable TIINGO_API_KEY.
[2023-06-02 23:51:36,608] {logging_mixin.py:109} INFO - Error while extracting data for HST: The tiingo API key must be provided either through the api_key variable or through the environmental variable TIINGO_API_KEY.
[2023-06-02 23:51:36,620] {logging_mixin.py:109} INFO - Error while extracting data for HWM: The tiingo API key must be provided either through the api_key variable or through the environmental variable TIINGO_API_KEY.
[2023-06-02 23:51:36,629] {logging_mixin.py:109} INFO - Error while extracting data for HPQ: The tiingo API key must be provided either through the api_key variable or through the environmental variable TIINGO_API_KEY.
[2023-06-02 23:51:36,639] {logging_mixin.py:109} INFO - Error while extracting data for HUM: The tiingo API key must be provided either through the api_key variable or through the environmental variable TIINGO_API_KEY.
[2023-06-02 23:51:36,646] {logging_mixin.py:109} INFO - Error while extracting data for HBAN: The tiingo API key must be provided either through the api_key variable or through the environmental variable TIINGO_API_KEY.
[2023-06-02 23:51:36,655] {logging_mixin.py:109} INFO - Error while extracting data for HII: The tiingo API key must be provided either through the api_key variable or through the environmental variable TIINGO_API_KEY.
[2023-06-02 23:51:36,664] {logging_mixin.py:109} INFO - Error while extracting data for IBM: The tiingo API key must be provided either through the api_key variable or through the environmental variable TIINGO_API_KEY.
[2023-06-02 23:51:36,669] {logging_mixin.py:109} INFO - Error while extracting data for IEX: The tiingo API key must be provided either through the api_key variable or through the environmental variable TIINGO_API_KEY.
[2023-06-02 23:51:36,681] {logging_mixin.py:109} INFO - Error while extracting data for IDXX: The tiingo API key must be provided either through the api_key variable or through the environmental variable TIINGO_API_KEY.
[2023-06-02 23:51:36,685] {logging_mixin.py:109} INFO - Error while extracting data for ITW: The tiingo API key must be provided either through the api_key variable or through the environmental variable TIINGO_API_KEY.
[2023-06-02 23:51:36,697] {logging_mixin.py:109} INFO - Error while extracting data for ILMN: The tiingo API key must be provided either through the api_key variable or through the environmental variable TIINGO_API_KEY.
[2023-06-02 23:51:36,703] {logging_mixin.py:109} INFO - Error while extracting data for INCY: The tiingo API key must be provided either through the api_key variable or through the environmental variable TIINGO_API_KEY.
[2023-06-02 23:51:36,716] {logging_mixin.py:109} INFO - Error while extracting data for IR: The tiingo API key must be provided either through the api_key variable or through the environmental variable TIINGO_API_KEY.
[2023-06-02 23:51:36,721] {logging_mixin.py:109} INFO - Error while extracting data for PODD: The tiingo API key must be provided either through the api_key variable or through the environmental variable TIINGO_API_KEY.
[2023-06-02 23:51:36,732] {logging_mixin.py:109} INFO - Error while extracting data for INTC: The tiingo API key must be provided either through the api_key variable or through the environmental variable TIINGO_API_KEY.
[2023-06-02 23:51:36,737] {logging_mixin.py:109} INFO - Error while extracting data for ICE: The tiingo API key must be provided either through the api_key variable or through the environmental variable TIINGO_API_KEY.
[2023-06-02 23:51:36,748] {logging_mixin.py:109} INFO - Error while extracting data for IFF: The tiingo API key must be provided either through the api_key variable or through the environmental variable TIINGO_API_KEY.
[2023-06-02 23:51:36,754] {logging_mixin.py:109} INFO - Error while extracting data for IP: The tiingo API key must be provided either through the api_key variable or through the environmental variable TIINGO_API_KEY.
[2023-06-02 23:51:36,760] {logging_mixin.py:109} INFO - Error while extracting data for IPG: The tiingo API key must be provided either through the api_key variable or through the environmental variable TIINGO_API_KEY.
[2023-06-02 23:51:36,767] {logging_mixin.py:109} INFO - Error while extracting data for INTU: The tiingo API key must be provided either through the api_key variable or through the environmental variable TIINGO_API_KEY.
[2023-06-02 23:51:36,773] {logging_mixin.py:109} INFO - Error while extracting data for ISRG: The tiingo API key must be provided either through the api_key variable or through the environmental variable TIINGO_API_KEY.
[2023-06-02 23:51:36,779] {logging_mixin.py:109} INFO - Error while extracting data for IVZ: The tiingo API key must be provided either through the api_key variable or through the environmental variable TIINGO_API_KEY.
[2023-06-02 23:51:36,785] {logging_mixin.py:109} INFO - Error while extracting data for INVH: The tiingo API key must be provided either through the api_key variable or through the environmental variable TIINGO_API_KEY.
[2023-06-02 23:51:36,790] {logging_mixin.py:109} INFO - Error while extracting data for IQV: The tiingo API key must be provided either through the api_key variable or through the environmental variable TIINGO_API_KEY.
[2023-06-02 23:51:36,796] {logging_mixin.py:109} INFO - Error while extracting data for IRM: The tiingo API key must be provided either through the api_key variable or through the environmental variable TIINGO_API_KEY.
[2023-06-02 23:51:36,803] {logging_mixin.py:109} INFO - Error while extracting data for JBHT: The tiingo API key must be provided either through the api_key variable or through the environmental variable TIINGO_API_KEY.
[2023-06-02 23:51:36,810] {logging_mixin.py:109} INFO - Error while extracting data for JKHY: The tiingo API key must be provided either through the api_key variable or through the environmental variable TIINGO_API_KEY.
[2023-06-02 23:51:36,816] {logging_mixin.py:109} INFO - Error while extracting data for J: The tiingo API key must be provided either through the api_key variable or through the environmental variable TIINGO_API_KEY.
[2023-06-02 23:51:36,824] {logging_mixin.py:109} INFO - Error while extracting data for JNJ: The tiingo API key must be provided either through the api_key variable or through the environmental variable TIINGO_API_KEY.
[2023-06-02 23:51:36,830] {logging_mixin.py:109} INFO - Error while extracting data for JCI: The tiingo API key must be provided either through the api_key variable or through the environmental variable TIINGO_API_KEY.
[2023-06-02 23:51:36,839] {logging_mixin.py:109} INFO - Error while extracting data for JPM: The tiingo API key must be provided either through the api_key variable or through the environmental variable TIINGO_API_KEY.
[2023-06-02 23:51:36,848] {logging_mixin.py:109} INFO - Error while extracting data for JNPR: The tiingo API key must be provided either through the api_key variable or through the environmental variable TIINGO_API_KEY.
[2023-06-02 23:51:36,855] {logging_mixin.py:109} INFO - Error while extracting data for K: The tiingo API key must be provided either through the api_key variable or through the environmental variable TIINGO_API_KEY.
[2023-06-02 23:51:36,863] {logging_mixin.py:109} INFO - Error while extracting data for KDP: The tiingo API key must be provided either through the api_key variable or through the environmental variable TIINGO_API_KEY.
[2023-06-02 23:51:36,868] {logging_mixin.py:109} INFO - Error while extracting data for KEY: The tiingo API key must be provided either through the api_key variable or through the environmental variable TIINGO_API_KEY.
[2023-06-02 23:51:36,876] {logging_mixin.py:109} INFO - Error while extracting data for KEYS: The tiingo API key must be provided either through the api_key variable or through the environmental variable TIINGO_API_KEY.
[2023-06-02 23:51:36,882] {logging_mixin.py:109} INFO - Error while extracting data for KMB: The tiingo API key must be provided either through the api_key variable or through the environmental variable TIINGO_API_KEY.
[2023-06-02 23:51:36,887] {logging_mixin.py:109} INFO - Error while extracting data for KIM: The tiingo API key must be provided either through the api_key variable or through the environmental variable TIINGO_API_KEY.
[2023-06-02 23:51:36,896] {logging_mixin.py:109} INFO - Error while extracting data for KMI: The tiingo API key must be provided either through the api_key variable or through the environmental variable TIINGO_API_KEY.
[2023-06-02 23:51:36,901] {logging_mixin.py:109} INFO - Error while extracting data for KLAC: The tiingo API key must be provided either through the api_key variable or through the environmental variable TIINGO_API_KEY.
[2023-06-02 23:51:36,911] {logging_mixin.py:109} INFO - Error while extracting data for KHC: The tiingo API key must be provided either through the api_key variable or through the environmental variable TIINGO_API_KEY.
[2023-06-02 23:51:36,917] {logging_mixin.py:109} INFO - Error while extracting data for KR: The tiingo API key must be provided either through the api_key variable or through the environmental variable TIINGO_API_KEY.
[2023-06-02 23:51:36,931] {logging_mixin.py:109} INFO - Error while extracting data for LHX: The tiingo API key must be provided either through the api_key variable or through the environmental variable TIINGO_API_KEY.
