[2023-03-29 13:29:13,279] {taskinstance.py:1032} INFO - Dependencies all met for <TaskInstance: SP_500_DATA_PIPELINE_v2.ingest_to_gcs manual__2023-03-29T13:28:56.910609+00:00 [queued]>
[2023-03-29 13:29:13,323] {taskinstance.py:1032} INFO - Dependencies all met for <TaskInstance: SP_500_DATA_PIPELINE_v2.ingest_to_gcs manual__2023-03-29T13:28:56.910609+00:00 [queued]>
[2023-03-29 13:29:13,325] {taskinstance.py:1238} INFO - 
--------------------------------------------------------------------------------
[2023-03-29 13:29:13,327] {taskinstance.py:1239} INFO - Starting attempt 1 of 3
[2023-03-29 13:29:13,329] {taskinstance.py:1240} INFO - 
--------------------------------------------------------------------------------
[2023-03-29 13:29:13,371] {taskinstance.py:1259} INFO - Executing <Task(PythonOperator): ingest_to_gcs> on 2023-03-29 13:28:56.910609+00:00
[2023-03-29 13:29:13,382] {standard_task_runner.py:52} INFO - Started process 13737 to run task
[2023-03-29 13:29:13,391] {standard_task_runner.py:76} INFO - Running: ['***', 'tasks', 'run', 'SP_500_DATA_PIPELINE_v2', 'ingest_to_gcs', 'manual__2023-03-29T13:28:56.910609+00:00', '--job-id', '108', '--raw', '--subdir', 'DAGS_FOLDER/first_dag.py', '--cfg-path', '/tmp/tmp5k092_q0', '--error-file', '/tmp/tmp_64fyesk']
[2023-03-29 13:29:13,395] {standard_task_runner.py:77} INFO - Job 108: Subtask ingest_to_gcs
[2023-03-29 13:29:13,531] {logging_mixin.py:109} INFO - Running <TaskInstance: SP_500_DATA_PIPELINE_v2.ingest_to_gcs manual__2023-03-29T13:28:56.910609+00:00 [running]> on host 5ebc180c7cc0
[2023-03-29 13:29:13,693] {taskinstance.py:1426} INFO - Exporting the following env vars:
AIRFLOW_CTX_DAG_EMAIL=
AIRFLOW_CTX_DAG_OWNER=me
AIRFLOW_CTX_DAG_ID=SP_500_DATA_PIPELINE_v2
AIRFLOW_CTX_TASK_ID=ingest_to_gcs
AIRFLOW_CTX_EXECUTION_DATE=2023-03-29T13:28:56.910609+00:00
AIRFLOW_CTX_DAG_RUN_ID=manual__2023-03-29T13:28:56.910609+00:00
[2023-03-29 13:29:14,417] {logging_mixin.py:109} INFO - File sp_500_data.csv locally and  uploaded to input-data/sp_500_data.csv in bucket dtc_data_lake_dataengineering-378316.
[2023-03-29 13:29:14,419] {python.py:175} INFO - Done. Returned value was: None
[2023-03-29 13:29:14,455] {taskinstance.py:1277} INFO - Marking task as SUCCESS. dag_id=SP_500_DATA_PIPELINE_v2, task_id=ingest_to_gcs, execution_date=20230329T132856, start_date=20230329T132913, end_date=20230329T132914
[2023-03-29 13:29:14,547] {local_task_job.py:154} INFO - Task exited with return code 0
[2023-03-29 13:29:14,674] {local_task_job.py:264} INFO - 1 downstream tasks scheduled from follow-on schedule check
