[2023-03-29 13:38:47,819] {taskinstance.py:1032} INFO - Dependencies all met for <TaskInstance: SP_500_DATA_PIPELINE_v2.ingest_data_into_bigquery manual__2023-03-29T13:36:35.700618+00:00 [queued]>
[2023-03-29 13:38:47,867] {taskinstance.py:1032} INFO - Dependencies all met for <TaskInstance: SP_500_DATA_PIPELINE_v2.ingest_data_into_bigquery manual__2023-03-29T13:36:35.700618+00:00 [queued]>
[2023-03-29 13:38:47,869] {taskinstance.py:1238} INFO - 
--------------------------------------------------------------------------------
[2023-03-29 13:38:47,872] {taskinstance.py:1239} INFO - Starting attempt 1 of 3
[2023-03-29 13:38:47,874] {taskinstance.py:1240} INFO - 
--------------------------------------------------------------------------------
[2023-03-29 13:38:47,922] {taskinstance.py:1259} INFO - Executing <Task(PythonOperator): ingest_data_into_bigquery> on 2023-03-29 13:36:35.700618+00:00
[2023-03-29 13:38:47,938] {standard_task_runner.py:52} INFO - Started process 14601 to run task
[2023-03-29 13:38:47,956] {standard_task_runner.py:76} INFO - Running: ['***', 'tasks', 'run', 'SP_500_DATA_PIPELINE_v2', 'ingest_data_into_bigquery', 'manual__2023-03-29T13:36:35.700618+00:00', '--job-id', '116', '--raw', '--subdir', 'DAGS_FOLDER/first_dag.py', '--cfg-path', '/tmp/tmpywy9_tzd', '--error-file', '/tmp/tmpmjy90tnv']
[2023-03-29 13:38:47,962] {standard_task_runner.py:77} INFO - Job 116: Subtask ingest_data_into_bigquery
[2023-03-29 13:38:48,240] {logging_mixin.py:109} INFO - Running <TaskInstance: SP_500_DATA_PIPELINE_v2.ingest_data_into_bigquery manual__2023-03-29T13:36:35.700618+00:00 [running]> on host 5ebc180c7cc0
[2023-03-29 13:38:48,463] {taskinstance.py:1426} INFO - Exporting the following env vars:
AIRFLOW_CTX_DAG_EMAIL=
AIRFLOW_CTX_DAG_OWNER=me
AIRFLOW_CTX_DAG_ID=SP_500_DATA_PIPELINE_v2
AIRFLOW_CTX_TASK_ID=ingest_data_into_bigquery
AIRFLOW_CTX_EXECUTION_DATE=2023-03-29T13:36:35.700618+00:00
AIRFLOW_CTX_DAG_RUN_ID=manual__2023-03-29T13:36:35.700618+00:00
[2023-03-29 13:38:49,230] {logging_mixin.py:109} INFO - Error creating dataset: 409 POST https://bigquery.googleapis.com/bigquery/v2/projects/dataengineering-378316/datasets?prettyPrint=false: Already Exists: Dataset dataengineering-378316:sp_500_data
[2023-03-29 13:38:49,521] {logging_mixin.py:109} INFO - Table sp_500_data.sp_500_data_table already exists.
[2023-03-29 13:38:54,354] {logging_mixin.py:109} INFO - Loaded 0 rows into sp_500_data.sp_500_data_table
[2023-03-29 13:38:54,356] {python.py:175} INFO - Done. Returned value was: None
[2023-03-29 13:38:54,393] {taskinstance.py:1277} INFO - Marking task as SUCCESS. dag_id=SP_500_DATA_PIPELINE_v2, task_id=ingest_data_into_bigquery, execution_date=20230329T133635, start_date=20230329T133847, end_date=20230329T133854
[2023-03-29 13:38:54,498] {local_task_job.py:154} INFO - Task exited with return code 0
[2023-03-29 13:38:54,588] {local_task_job.py:264} INFO - 0 downstream tasks scheduled from follow-on schedule check
