[2023-03-29 17:38:20,264] {taskinstance.py:1032} INFO - Dependencies all met for <TaskInstance: SP_500_DATA_PIPELINE.transform_data_task manual__2023-03-29T17:37:55.815145+00:00 [queued]>
[2023-03-29 17:38:20,320] {taskinstance.py:1032} INFO - Dependencies all met for <TaskInstance: SP_500_DATA_PIPELINE.transform_data_task manual__2023-03-29T17:37:55.815145+00:00 [queued]>
[2023-03-29 17:38:20,322] {taskinstance.py:1238} INFO - 
--------------------------------------------------------------------------------
[2023-03-29 17:38:20,324] {taskinstance.py:1239} INFO - Starting attempt 1 of 3
[2023-03-29 17:38:20,325] {taskinstance.py:1240} INFO - 
--------------------------------------------------------------------------------
[2023-03-29 17:38:20,384] {taskinstance.py:1259} INFO - Executing <Task(PythonOperator): transform_data_task> on 2023-03-29 17:37:55.815145+00:00
[2023-03-29 17:38:20,396] {standard_task_runner.py:52} INFO - Started process 2124 to run task
[2023-03-29 17:38:20,411] {standard_task_runner.py:76} INFO - Running: ['***', 'tasks', 'run', 'SP_500_DATA_PIPELINE', 'transform_data_task', 'manual__2023-03-29T17:37:55.815145+00:00', '--job-id', '164', '--raw', '--subdir', 'DAGS_FOLDER/first_dag.py', '--cfg-path', '/tmp/tmpu3dyi19j', '--error-file', '/tmp/tmp_ei8kx2_']
[2023-03-29 17:38:20,416] {standard_task_runner.py:77} INFO - Job 164: Subtask transform_data_task
[2023-03-29 17:38:20,588] {logging_mixin.py:109} INFO - Running <TaskInstance: SP_500_DATA_PIPELINE.transform_data_task manual__2023-03-29T17:37:55.815145+00:00 [running]> on host eebc01130c53
[2023-03-29 17:38:20,745] {taskinstance.py:1426} INFO - Exporting the following env vars:
AIRFLOW_CTX_DAG_EMAIL=
AIRFLOW_CTX_DAG_OWNER=me
AIRFLOW_CTX_DAG_ID=SP_500_DATA_PIPELINE
AIRFLOW_CTX_TASK_ID=transform_data_task
AIRFLOW_CTX_EXECUTION_DATE=2023-03-29T17:37:55.815145+00:00
AIRFLOW_CTX_DAG_RUN_ID=manual__2023-03-29T17:37:55.815145+00:00
[2023-03-29 17:41:19,733] {logging_mixin.py:109} INFO - writing transformed data to gcs at  : gs://dtc_data_lake_dataengineering-378316/transformed-data/
[2023-03-29 17:42:20,826] {python.py:175} INFO - Done. Returned value was: None
[2023-03-29 17:42:20,904] {taskinstance.py:1277} INFO - Marking task as SUCCESS. dag_id=SP_500_DATA_PIPELINE, task_id=transform_data_task, execution_date=20230329T173755, start_date=20230329T173820, end_date=20230329T174220
[2023-03-29 17:42:21,032] {local_task_job.py:154} INFO - Task exited with return code 0
[2023-03-29 17:42:21,202] {local_task_job.py:264} INFO - 1 downstream tasks scheduled from follow-on schedule check
