[2024-11-18T10:11:40.387+0000] {local_task_job_runner.py:123} INFO - ::group::Pre task execution logs
[2024-11-18T10:11:40.399+0000] {taskinstance.py:2613} INFO - Dependencies all met for dep_context=non-requeueable deps ti=<TaskInstance: SP_500_DATA_PIPELINE_v1.extract_data_task manual__2024-11-18T10:11:38.920486+00:00 [queued]>
[2024-11-18T10:11:40.405+0000] {taskinstance.py:2613} INFO - Dependencies all met for dep_context=requeueable deps ti=<TaskInstance: SP_500_DATA_PIPELINE_v1.extract_data_task manual__2024-11-18T10:11:38.920486+00:00 [queued]>
[2024-11-18T10:11:40.406+0000] {taskinstance.py:2866} INFO - Starting attempt 1 of 3
[2024-11-18T10:11:40.416+0000] {taskinstance.py:2889} INFO - Executing <Task(PythonOperator): extract_data_task> on 2024-11-18 10:11:38.920486+00:00
[2024-11-18T10:11:40.437+0000] {warnings.py:112} WARNING - /home/***/.local/lib/python3.12/site-packages/***/task/task_runner/standard_task_runner.py:70: DeprecationWarning: This process (pid=1554) is multi-threaded, use of fork() may lead to deadlocks in the child.
  pid = os.fork()

[2024-11-18T10:11:40.440+0000] {standard_task_runner.py:72} INFO - Started process 1555 to run task
[2024-11-18T10:11:40.440+0000] {standard_task_runner.py:104} INFO - Running: ['***', 'tasks', 'run', 'SP_500_DATA_PIPELINE_v1', 'extract_data_task', 'manual__2024-11-18T10:11:38.920486+00:00', '--job-id', '13', '--raw', '--subdir', 'DAGS_FOLDER/sp_500_data_processing_dag.py', '--cfg-path', '/tmp/tmprn4z2kmf']
[2024-11-18T10:11:40.444+0000] {standard_task_runner.py:105} INFO - Job 13: Subtask extract_data_task
[2024-11-18T10:11:40.461+0000] {warnings.py:112} WARNING - /home/***/.local/lib/python3.12/site-packages/***/settings.py:209: DeprecationWarning: The sql_alchemy_conn option in [core] has been moved to the sql_alchemy_conn option in [database] - the old setting has been used, but please update your config.
  SQL_ALCHEMY_CONN = conf.get("database", "SQL_ALCHEMY_CONN")

[2024-11-18T10:11:40.487+0000] {task_command.py:467} INFO - Running <TaskInstance: SP_500_DATA_PIPELINE_v1.extract_data_task manual__2024-11-18T10:11:38.920486+00:00 [running]> on host 9db2eae589c0
[2024-11-18T10:11:40.538+0000] {taskinstance.py:3132} INFO - Exporting env vars: AIRFLOW_CTX_DAG_EMAIL='' AIRFLOW_CTX_DAG_OWNER='me' AIRFLOW_CTX_DAG_ID='SP_500_DATA_PIPELINE_v1' AIRFLOW_CTX_TASK_ID='extract_data_task' AIRFLOW_CTX_EXECUTION_DATE='2024-11-18T10:11:38.920486+00:00' AIRFLOW_CTX_TRY_NUMBER='1' AIRFLOW_CTX_DAG_RUN_ID='manual__2024-11-18T10:11:38.920486+00:00'
[2024-11-18T10:11:40.540+0000] {taskinstance.py:731} INFO - ::endgroup::
[2024-11-18T10:11:41.531+0000] {helper_functions.py:86} ERROR - Error while extracting data for MMM: concat() takes 1 positional argument but 2 were given
[2024-11-18T10:11:42.210+0000] {helper_functions.py:86} ERROR - Error while extracting data for AOS: concat() takes 1 positional argument but 2 were given
[2024-11-18T10:11:42.879+0000] {helper_functions.py:86} ERROR - Error while extracting data for ABT: concat() takes 1 positional argument but 2 were given
[2024-11-18T10:11:43.528+0000] {helper_functions.py:86} ERROR - Error while extracting data for ABBV: concat() takes 1 positional argument but 2 were given
[2024-11-18T10:11:44.167+0000] {helper_functions.py:86} ERROR - Error while extracting data for ACN: concat() takes 1 positional argument but 2 were given
[2024-11-18T10:11:44.821+0000] {helper_functions.py:86} ERROR - Error while extracting data for ADBE: concat() takes 1 positional argument but 2 were given
[2024-11-18T10:11:45.474+0000] {helper_functions.py:86} ERROR - Error while extracting data for AMD: concat() takes 1 positional argument but 2 were given
[2024-11-18T10:11:46.186+0000] {helper_functions.py:86} ERROR - Error while extracting data for AES: concat() takes 1 positional argument but 2 were given
[2024-11-18T10:11:46.870+0000] {helper_functions.py:86} ERROR - Error while extracting data for AFL: concat() takes 1 positional argument but 2 were given
[2024-11-18T10:11:47.543+0000] {helper_functions.py:86} ERROR - Error while extracting data for A: concat() takes 1 positional argument but 2 were given
[2024-11-18T10:11:48.223+0000] {helper_functions.py:86} ERROR - Error while extracting data for APD: concat() takes 1 positional argument but 2 were given
[2024-11-18T10:11:48.531+0000] {helper_functions.py:86} ERROR - Error while extracting data for ABNB: concat() takes 1 positional argument but 2 were given
[2024-11-18T10:11:49.182+0000] {helper_functions.py:86} ERROR - Error while extracting data for AKAM: concat() takes 1 positional argument but 2 were given
[2024-11-18T10:11:49.868+0000] {helper_functions.py:86} ERROR - Error while extracting data for ALB: concat() takes 1 positional argument but 2 were given
[2024-11-18T10:11:50.555+0000] {helper_functions.py:86} ERROR - Error while extracting data for ARE: concat() takes 1 positional argument but 2 were given
[2024-11-18T10:11:51.230+0000] {helper_functions.py:86} ERROR - Error while extracting data for ALGN: concat() takes 1 positional argument but 2 were given
[2024-11-18T10:11:51.914+0000] {helper_functions.py:86} ERROR - Error while extracting data for ALLE: concat() takes 1 positional argument but 2 were given
[2024-11-18T10:11:52.594+0000] {helper_functions.py:86} ERROR - Error while extracting data for LNT: concat() takes 1 positional argument but 2 were given
[2024-11-18T10:11:53.285+0000] {helper_functions.py:86} ERROR - Error while extracting data for ALL: concat() takes 1 positional argument but 2 were given
[2024-11-18T10:11:54.363+0000] {helper_functions.py:86} ERROR - Error while extracting data for GOOGL: concat() takes 1 positional argument but 2 were given
[2024-11-18T10:11:55.019+0000] {helper_functions.py:86} ERROR - Error while extracting data for GOOG: concat() takes 1 positional argument but 2 were given
[2024-11-18T10:11:57.096+0000] {helper_functions.py:86} ERROR - Error while extracting data for MO: concat() takes 1 positional argument but 2 were given
[2024-11-18T10:11:57.752+0000] {helper_functions.py:86} ERROR - Error while extracting data for AMZN: concat() takes 1 positional argument but 2 were given
[2024-11-18T10:11:58.245+0000] {helper_functions.py:86} ERROR - Error while extracting data for AMCR: concat() takes 1 positional argument but 2 were given
[2024-11-18T10:11:58.556+0000] {helper_functions.py:86} ERROR - Error while extracting data for AMTM: 'date'
[2024-11-18T10:11:59.229+0000] {helper_functions.py:86} ERROR - Error while extracting data for AEE: concat() takes 1 positional argument but 2 were given
[2024-11-18T10:11:59.903+0000] {helper_functions.py:86} ERROR - Error while extracting data for AEP: concat() takes 1 positional argument but 2 were given
[2024-11-18T10:12:00.590+0000] {helper_functions.py:86} ERROR - Error while extracting data for AXP: concat() takes 1 positional argument but 2 were given
[2024-11-18T10:12:01.317+0000] {helper_functions.py:86} ERROR - Error while extracting data for AIG: concat() takes 1 positional argument but 2 were given
[2024-11-18T10:12:01.961+0000] {helper_functions.py:86} ERROR - Error while extracting data for AMT: concat() takes 1 positional argument but 2 were given
[2024-11-18T10:12:02.622+0000] {helper_functions.py:86} ERROR - Error while extracting data for AWK: concat() takes 1 positional argument but 2 were given
[2024-11-18T10:12:03.314+0000] {helper_functions.py:86} ERROR - Error while extracting data for AMP: concat() takes 1 positional argument but 2 were given
[2024-11-18T10:12:04.021+0000] {helper_functions.py:86} ERROR - Error while extracting data for AME: concat() takes 1 positional argument but 2 were given
[2024-11-18T10:12:04.685+0000] {helper_functions.py:86} ERROR - Error while extracting data for AMGN: concat() takes 1 positional argument but 2 were given
[2024-11-18T10:12:05.357+0000] {helper_functions.py:86} ERROR - Error while extracting data for APH: concat() takes 1 positional argument but 2 were given
[2024-11-18T10:12:06.026+0000] {helper_functions.py:86} ERROR - Error while extracting data for ADI: concat() takes 1 positional argument but 2 were given
[2024-11-18T10:12:06.671+0000] {helper_functions.py:86} ERROR - Error while extracting data for ANSS: concat() takes 1 positional argument but 2 were given
[2024-11-18T10:12:07.333+0000] {helper_functions.py:86} ERROR - Error while extracting data for AON: concat() takes 1 positional argument but 2 were given
[2024-11-18T10:12:08.004+0000] {helper_functions.py:86} ERROR - Error while extracting data for APA: concat() takes 1 positional argument but 2 were given
[2024-11-18T10:12:08.649+0000] {helper_functions.py:86} ERROR - Error while extracting data for AAPL: concat() takes 1 positional argument but 2 were given
[2024-11-18T10:12:09.356+0000] {helper_functions.py:86} ERROR - Error while extracting data for AMAT: concat() takes 1 positional argument but 2 were given
[2024-11-18T10:12:10.023+0000] {helper_functions.py:86} ERROR - Error while extracting data for APTV: concat() takes 1 positional argument but 2 were given
[2024-11-18T10:12:10.724+0000] {helper_functions.py:86} ERROR - Error while extracting data for ACGL: concat() takes 1 positional argument but 2 were given
[2024-11-18T10:12:11.398+0000] {helper_functions.py:86} ERROR - Error while extracting data for ADM: concat() takes 1 positional argument but 2 were given
[2024-11-18T10:12:12.101+0000] {helper_functions.py:86} ERROR - Error while extracting data for ANET: concat() takes 1 positional argument but 2 were given
[2024-11-18T10:12:12.811+0000] {helper_functions.py:86} ERROR - Error while extracting data for AJG: concat() takes 1 positional argument but 2 were given
[2024-11-18T10:12:13.500+0000] {helper_functions.py:86} ERROR - Error while extracting data for AIZ: concat() takes 1 positional argument but 2 were given
[2024-11-18T10:12:14.181+0000] {helper_functions.py:86} ERROR - Error while extracting data for T: concat() takes 1 positional argument but 2 were given
[2024-11-18T10:12:14.842+0000] {helper_functions.py:86} ERROR - Error while extracting data for ATO: concat() takes 1 positional argument but 2 were given
[2024-11-18T10:12:15.508+0000] {helper_functions.py:86} ERROR - Error while extracting data for ADSK: concat() takes 1 positional argument but 2 were given
[2024-11-18T10:12:15.803+0000] {local_task_job_runner.py:346} WARNING - State of this instance has been externally set to failed. Terminating instance.
[2024-11-18T10:12:15.812+0000] {local_task_job_runner.py:245} INFO - ::endgroup::
[2024-11-18T10:12:15.816+0000] {process_utils.py:132} INFO - Sending 15 to group 1555. PIDs of all processes in the group: [1555]
[2024-11-18T10:12:15.818+0000] {process_utils.py:87} INFO - Sending the signal 15 to group 1555
[2024-11-18T10:12:15.820+0000] {taskinstance.py:3093} ERROR - Received SIGTERM. Terminating subprocesses.
[2024-11-18T10:12:15.863+0000] {taskinstance.py:340} INFO - ::group::Post task execution logs
[2024-11-18T10:12:15.917+0000] {process_utils.py:80} INFO - Process psutil.Process(pid=1555, status='terminated', exitcode=0, started='10:11:39') (1555) terminated with exit code 0
