[2023-03-29 16:19:43,728] {taskinstance.py:1032} INFO - Dependencies all met for <TaskInstance: SP_500_DATA_PIPELINE_v1.transform_data_task manual__2023-03-29T16:19:14.052251+00:00 [queued]>
[2023-03-29 16:19:43,839] {taskinstance.py:1032} INFO - Dependencies all met for <TaskInstance: SP_500_DATA_PIPELINE_v1.transform_data_task manual__2023-03-29T16:19:14.052251+00:00 [queued]>
[2023-03-29 16:19:43,842] {taskinstance.py:1238} INFO - 
--------------------------------------------------------------------------------
[2023-03-29 16:19:43,858] {taskinstance.py:1239} INFO - Starting attempt 1 of 3
[2023-03-29 16:19:43,865] {taskinstance.py:1240} INFO - 
--------------------------------------------------------------------------------
[2023-03-29 16:19:44,009] {taskinstance.py:1259} INFO - Executing <Task(PythonOperator): transform_data_task> on 2023-03-29 16:19:14.052251+00:00
[2023-03-29 16:19:44,072] {standard_task_runner.py:52} INFO - Started process 6081 to run task
[2023-03-29 16:19:44,097] {standard_task_runner.py:76} INFO - Running: ['***', 'tasks', 'run', 'SP_500_DATA_PIPELINE_v1', 'transform_data_task', 'manual__2023-03-29T16:19:14.052251+00:00', '--job-id', '139', '--raw', '--subdir', 'DAGS_FOLDER/first_dag.py', '--cfg-path', '/tmp/tmpfxmurjzz', '--error-file', '/tmp/tmp2xg4j246']
[2023-03-29 16:19:44,110] {standard_task_runner.py:77} INFO - Job 139: Subtask transform_data_task
[2023-03-29 16:19:44,414] {logging_mixin.py:109} INFO - Running <TaskInstance: SP_500_DATA_PIPELINE_v1.transform_data_task manual__2023-03-29T16:19:14.052251+00:00 [running]> on host ebd786f8513c
[2023-03-29 16:19:44,760] {taskinstance.py:1426} INFO - Exporting the following env vars:
AIRFLOW_CTX_DAG_EMAIL=
AIRFLOW_CTX_DAG_OWNER=me
AIRFLOW_CTX_DAG_ID=SP_500_DATA_PIPELINE_v1
AIRFLOW_CTX_TASK_ID=transform_data_task
AIRFLOW_CTX_EXECUTION_DATE=2023-03-29T16:19:14.052251+00:00
AIRFLOW_CTX_DAG_RUN_ID=manual__2023-03-29T16:19:14.052251+00:00
[2023-03-29 16:21:44,089] {stock_data_transform.py:133} ERROR - An error occurred during transformation: Recursive view `stock_data` detected (cycle: `stock_data` -> `stock_data`)
[2023-03-29 16:22:44,871] {python.py:175} INFO - Done. Returned value was: None
[2023-03-29 16:22:44,941] {taskinstance.py:1277} INFO - Marking task as SUCCESS. dag_id=SP_500_DATA_PIPELINE_v1, task_id=transform_data_task, execution_date=20230329T161914, start_date=20230329T161943, end_date=20230329T162244
[2023-03-29 16:22:45,052] {local_task_job.py:154} INFO - Task exited with return code 0
[2023-03-29 16:22:45,182] {local_task_job.py:264} INFO - 1 downstream tasks scheduled from follow-on schedule check
