[2023-03-29 13:09:15,397] {taskinstance.py:1032} INFO - Dependencies all met for <TaskInstance: SP_500_DATA_PIPELINE_v2.ingest_to_gcs manual__2023-03-29T13:08:59.565257+00:00 [queued]>
[2023-03-29 13:09:15,441] {taskinstance.py:1032} INFO - Dependencies all met for <TaskInstance: SP_500_DATA_PIPELINE_v2.ingest_to_gcs manual__2023-03-29T13:08:59.565257+00:00 [queued]>
[2023-03-29 13:09:15,443] {taskinstance.py:1238} INFO - 
--------------------------------------------------------------------------------
[2023-03-29 13:09:15,445] {taskinstance.py:1239} INFO - Starting attempt 1 of 3
[2023-03-29 13:09:15,446] {taskinstance.py:1240} INFO - 
--------------------------------------------------------------------------------
[2023-03-29 13:09:15,487] {taskinstance.py:1259} INFO - Executing <Task(PythonOperator): ingest_to_gcs> on 2023-03-29 13:08:59.565257+00:00
[2023-03-29 13:09:15,497] {standard_task_runner.py:52} INFO - Started process 12557 to run task
[2023-03-29 13:09:15,505] {standard_task_runner.py:76} INFO - Running: ['***', 'tasks', 'run', 'SP_500_DATA_PIPELINE_v2', 'ingest_to_gcs', 'manual__2023-03-29T13:08:59.565257+00:00', '--job-id', '102', '--raw', '--subdir', 'DAGS_FOLDER/first_dag.py', '--cfg-path', '/tmp/tmpfc6bt3cl', '--error-file', '/tmp/tmp1mgt3dvj']
[2023-03-29 13:09:15,509] {standard_task_runner.py:77} INFO - Job 102: Subtask ingest_to_gcs
[2023-03-29 13:09:15,635] {logging_mixin.py:109} INFO - Running <TaskInstance: SP_500_DATA_PIPELINE_v2.ingest_to_gcs manual__2023-03-29T13:08:59.565257+00:00 [running]> on host 5ebc180c7cc0
[2023-03-29 13:09:15,775] {taskinstance.py:1426} INFO - Exporting the following env vars:
AIRFLOW_CTX_DAG_EMAIL=
AIRFLOW_CTX_DAG_OWNER=me
AIRFLOW_CTX_DAG_ID=SP_500_DATA_PIPELINE_v2
AIRFLOW_CTX_TASK_ID=ingest_to_gcs
AIRFLOW_CTX_EXECUTION_DATE=2023-03-29T13:08:59.565257+00:00
AIRFLOW_CTX_DAG_RUN_ID=manual__2023-03-29T13:08:59.565257+00:00
[2023-03-29 13:09:16,424] {logging_mixin.py:109} INFO - File sp_500_data.csv locally and  uploaded to input-data/sp_500_data.csv in bucket dtc_data_lake_dataengineering-378316.
[2023-03-29 13:09:16,426] {python.py:175} INFO - Done. Returned value was: None
[2023-03-29 13:09:16,475] {taskinstance.py:1277} INFO - Marking task as SUCCESS. dag_id=SP_500_DATA_PIPELINE_v2, task_id=ingest_to_gcs, execution_date=20230329T130859, start_date=20230329T130915, end_date=20230329T130916
[2023-03-29 13:09:16,556] {local_task_job.py:154} INFO - Task exited with return code 0
[2023-03-29 13:09:16,680] {local_task_job.py:264} INFO - 1 downstream tasks scheduled from follow-on schedule check
