[2023-03-29 00:59:00,702] {taskinstance.py:1032} INFO - Dependencies all met for <TaskInstance: SP_500_DATA_PIPELINE_v2.extract_data_task manual__2023-03-29T00:58:54.309427+00:00 [queued]>
[2023-03-29 00:59:00,823] {taskinstance.py:1032} INFO - Dependencies all met for <TaskInstance: SP_500_DATA_PIPELINE_v2.extract_data_task manual__2023-03-29T00:58:54.309427+00:00 [queued]>
[2023-03-29 00:59:00,828] {taskinstance.py:1238} INFO - 
--------------------------------------------------------------------------------
[2023-03-29 00:59:00,840] {taskinstance.py:1239} INFO - Starting attempt 1 of 3
[2023-03-29 00:59:00,843] {taskinstance.py:1240} INFO - 
--------------------------------------------------------------------------------
[2023-03-29 00:59:00,993] {taskinstance.py:1259} INFO - Executing <Task(PythonOperator): extract_data_task> on 2023-03-29 00:58:54.309427+00:00
[2023-03-29 00:59:01,003] {standard_task_runner.py:52} INFO - Started process 1864 to run task
[2023-03-29 00:59:01,020] {standard_task_runner.py:76} INFO - Running: ['***', 'tasks', 'run', 'SP_500_DATA_PIPELINE_v2', 'extract_data_task', 'manual__2023-03-29T00:58:54.309427+00:00', '--job-id', '45', '--raw', '--subdir', 'DAGS_FOLDER/first_dag.py', '--cfg-path', '/tmp/tmprlw0nqp8', '--error-file', '/tmp/tmpvsqwufw6']
[2023-03-29 00:59:01,024] {standard_task_runner.py:77} INFO - Job 45: Subtask extract_data_task
[2023-03-29 00:59:01,246] {logging_mixin.py:109} INFO - Running <TaskInstance: SP_500_DATA_PIPELINE_v2.extract_data_task manual__2023-03-29T00:58:54.309427+00:00 [running]> on host 67d8effe805a
[2023-03-29 00:59:01,624] {taskinstance.py:1426} INFO - Exporting the following env vars:
AIRFLOW_CTX_DAG_EMAIL=
AIRFLOW_CTX_DAG_OWNER=me
AIRFLOW_CTX_DAG_ID=SP_500_DATA_PIPELINE_v2
AIRFLOW_CTX_TASK_ID=extract_data_task
AIRFLOW_CTX_EXECUTION_DATE=2023-03-29T00:58:54.309427+00:00
AIRFLOW_CTX_DAG_RUN_ID=manual__2023-03-29T00:58:54.309427+00:00
[2023-03-29 00:59:07,000] {warnings.py:110} WARNING - /home/***/.local/lib/python3.7/site-packages/pandas_datareader/tiingo.py:234: FutureWarning: In a future version of pandas all arguments of concat except for the argument 'objs' will be keyword-only
  return pd.concat(dfs, self._concat_axis)

[2023-03-29 00:59:07,098] {logging_mixin.py:109} INFO - ingestion from api completed
[2023-03-29 00:59:07,232] {logging_mixin.py:109} INFO - file has been saved at :sp_500_data.csv
[2023-03-29 00:59:07,234] {logging_mixin.py:109} INFO - sp_500_data.csv
[2023-03-29 00:59:07,236] {python.py:175} INFO - Done. Returned value was: None
[2023-03-29 00:59:07,316] {taskinstance.py:1277} INFO - Marking task as SUCCESS. dag_id=SP_500_DATA_PIPELINE_v2, task_id=extract_data_task, execution_date=20230329T005854, start_date=20230329T005900, end_date=20230329T005907
[2023-03-29 00:59:07,449] {local_task_job.py:154} INFO - Task exited with return code 0
[2023-03-29 00:59:07,902] {local_task_job.py:264} INFO - 0 downstream tasks scheduled from follow-on schedule check
