[2023-03-29 16:29:04,664] {taskinstance.py:1032} INFO - Dependencies all met for <TaskInstance: SP_500_DATA_PIPELINE_v1.ingest_to_gcs manual__2023-03-29T16:28:46.819260+00:00 [queued]>
[2023-03-29 16:29:04,718] {taskinstance.py:1032} INFO - Dependencies all met for <TaskInstance: SP_500_DATA_PIPELINE_v1.ingest_to_gcs manual__2023-03-29T16:28:46.819260+00:00 [queued]>
[2023-03-29 16:29:04,720] {taskinstance.py:1238} INFO - 
--------------------------------------------------------------------------------
[2023-03-29 16:29:04,722] {taskinstance.py:1239} INFO - Starting attempt 1 of 3
[2023-03-29 16:29:04,724] {taskinstance.py:1240} INFO - 
--------------------------------------------------------------------------------
[2023-03-29 16:29:04,777] {taskinstance.py:1259} INFO - Executing <Task(PythonOperator): ingest_to_gcs> on 2023-03-29 16:28:46.819260+00:00
[2023-03-29 16:29:04,792] {standard_task_runner.py:52} INFO - Started process 6764 to run task
[2023-03-29 16:29:04,810] {standard_task_runner.py:76} INFO - Running: ['***', 'tasks', 'run', 'SP_500_DATA_PIPELINE_v1', 'ingest_to_gcs', 'manual__2023-03-29T16:28:46.819260+00:00', '--job-id', '142', '--raw', '--subdir', 'DAGS_FOLDER/first_dag.py', '--cfg-path', '/tmp/tmps8l286m2', '--error-file', '/tmp/tmpyzvpgwoy']
[2023-03-29 16:29:04,815] {standard_task_runner.py:77} INFO - Job 142: Subtask ingest_to_gcs
[2023-03-29 16:29:05,009] {logging_mixin.py:109} INFO - Running <TaskInstance: SP_500_DATA_PIPELINE_v1.ingest_to_gcs manual__2023-03-29T16:28:46.819260+00:00 [running]> on host ebd786f8513c
[2023-03-29 16:29:05,231] {taskinstance.py:1426} INFO - Exporting the following env vars:
AIRFLOW_CTX_DAG_EMAIL=
AIRFLOW_CTX_DAG_OWNER=me
AIRFLOW_CTX_DAG_ID=SP_500_DATA_PIPELINE_v1
AIRFLOW_CTX_TASK_ID=ingest_to_gcs
AIRFLOW_CTX_EXECUTION_DATE=2023-03-29T16:28:46.819260+00:00
AIRFLOW_CTX_DAG_RUN_ID=manual__2023-03-29T16:28:46.819260+00:00
[2023-03-29 16:29:05,994] {logging_mixin.py:109} INFO - File sp_500_data.csv locally and  uploaded to input-data/sp_500_data.csv in bucket dtc_data_lake_dataengineering-378316.
[2023-03-29 16:29:05,997] {python.py:175} INFO - Done. Returned value was: None
[2023-03-29 16:29:06,047] {taskinstance.py:1277} INFO - Marking task as SUCCESS. dag_id=SP_500_DATA_PIPELINE_v1, task_id=ingest_to_gcs, execution_date=20230329T162846, start_date=20230329T162904, end_date=20230329T162906
[2023-03-29 16:29:06,111] {local_task_job.py:154} INFO - Task exited with return code 0
[2023-03-29 16:29:06,236] {local_task_job.py:264} INFO - 1 downstream tasks scheduled from follow-on schedule check
