[2023-04-12 22:59:59,288] {taskinstance.py:1032} INFO - Dependencies all met for <TaskInstance: SP_500_DATA_PIPELINE_v1.extract_data_task manual__2023-04-12T22:52:23.198690+00:00 [queued]>
[2023-04-12 22:59:59,341] {taskinstance.py:1032} INFO - Dependencies all met for <TaskInstance: SP_500_DATA_PIPELINE_v1.extract_data_task manual__2023-04-12T22:52:23.198690+00:00 [queued]>
[2023-04-12 22:59:59,344] {taskinstance.py:1238} INFO - 
--------------------------------------------------------------------------------
[2023-04-12 22:59:59,345] {taskinstance.py:1239} INFO - Starting attempt 1 of 3
[2023-04-12 22:59:59,348] {taskinstance.py:1240} INFO - 
--------------------------------------------------------------------------------
[2023-04-12 22:59:59,413] {taskinstance.py:1259} INFO - Executing <Task(PythonOperator): extract_data_task> on 2023-04-12 22:52:23.198690+00:00
[2023-04-12 22:59:59,443] {standard_task_runner.py:52} INFO - Started process 1398 to run task
[2023-04-12 22:59:59,458] {standard_task_runner.py:76} INFO - Running: ['***', 'tasks', 'run', 'SP_500_DATA_PIPELINE_v1', 'extract_data_task', 'manual__2023-04-12T22:52:23.198690+00:00', '--job-id', '218', '--raw', '--subdir', 'DAGS_FOLDER/sp_500_data_processing_dag.py', '--cfg-path', '/tmp/tmpz6ad44lz', '--error-file', '/tmp/tmp1vp3r1qk']
[2023-04-12 22:59:59,462] {standard_task_runner.py:77} INFO - Job 218: Subtask extract_data_task
[2023-04-12 22:59:59,661] {logging_mixin.py:109} INFO - Running <TaskInstance: SP_500_DATA_PIPELINE_v1.extract_data_task manual__2023-04-12T22:52:23.198690+00:00 [running]> on host 53f64a9dcab5
[2023-04-12 22:59:59,897] {taskinstance.py:1426} INFO - Exporting the following env vars:
AIRFLOW_CTX_DAG_EMAIL=
AIRFLOW_CTX_DAG_OWNER=me
AIRFLOW_CTX_DAG_ID=SP_500_DATA_PIPELINE_v1
AIRFLOW_CTX_TASK_ID=extract_data_task
AIRFLOW_CTX_EXECUTION_DATE=2023-04-12T22:52:23.198690+00:00
AIRFLOW_CTX_DAG_RUN_ID=manual__2023-04-12T22:52:23.198690+00:00
[2023-04-12 23:00:05,159] {warnings.py:110} WARNING - /home/***/.local/lib/python3.7/site-packages/pandas_datareader/tiingo.py:234: FutureWarning: In a future version of pandas all arguments of concat except for the argument 'objs' will be keyword-only
  return pd.concat(dfs, self._concat_axis)

[2023-04-12 23:01:03,849] {logging_mixin.py:109} INFO - Error while extracting data for BRK.B: Unable to read URL: https://api.tiingo.com/tiingo/daily/BRK.B/prices?startDate=2018-04-13&endDate=2023-04-12&format=json
Response Text:
b'{"detail":"Error: Ticker \'BRK.B\' not found"}'
[2023-04-12 23:01:19,364] {logging_mixin.py:109} INFO - Error while extracting data for BF.B: Unable to read URL: https://api.tiingo.com/tiingo/daily/BF.B/prices?startDate=2018-04-13&endDate=2023-04-12&format=json
Response Text:
b'{"detail":"Error: Ticker \'BF.B\' not found"}'
[2023-04-12 23:07:46,547] {logging_mixin.py:109} INFO - Failed to retrieve data for the following tickers: ['BRK.B', 'BF.B']
[2023-04-12 23:07:50,116] {logging_mixin.py:109} INFO - ingestion from api completed
[2023-04-12 23:08:39,943] {logging_mixin.py:109} INFO - file has been saved at :sp_500_data.csv
[2023-04-12 23:08:39,948] {logging_mixin.py:109} INFO - sp_500_data.csv
[2023-04-12 23:08:40,138] {python.py:175} INFO - Done. Returned value was: None
[2023-04-12 23:08:40,191] {taskinstance.py:1277} INFO - Marking task as SUCCESS. dag_id=SP_500_DATA_PIPELINE_v1, task_id=extract_data_task, execution_date=20230412T225223, start_date=20230412T225959, end_date=20230412T230840
[2023-04-12 23:08:40,392] {local_task_job.py:154} INFO - Task exited with return code 0
[2023-04-12 23:08:40,525] {local_task_job.py:264} INFO - 1 downstream tasks scheduled from follow-on schedule check
