[2023-03-29 17:06:35,589] {taskinstance.py:1032} INFO - Dependencies all met for <TaskInstance: SP_500_DATA_PIPELINE.ingest_to_gcs manual__2023-03-29T17:06:07.245402+00:00 [queued]>
[2023-03-29 17:06:35,646] {taskinstance.py:1032} INFO - Dependencies all met for <TaskInstance: SP_500_DATA_PIPELINE.ingest_to_gcs manual__2023-03-29T17:06:07.245402+00:00 [queued]>
[2023-03-29 17:06:35,650] {taskinstance.py:1238} INFO - 
--------------------------------------------------------------------------------
[2023-03-29 17:06:35,652] {taskinstance.py:1239} INFO - Starting attempt 1 of 3
[2023-03-29 17:06:35,653] {taskinstance.py:1240} INFO - 
--------------------------------------------------------------------------------
[2023-03-29 17:06:35,700] {taskinstance.py:1259} INFO - Executing <Task(PythonOperator): ingest_to_gcs> on 2023-03-29 17:06:07.245402+00:00
[2023-03-29 17:06:35,710] {standard_task_runner.py:52} INFO - Started process 375 to run task
[2023-03-29 17:06:35,720] {standard_task_runner.py:76} INFO - Running: ['***', 'tasks', 'run', 'SP_500_DATA_PIPELINE', 'ingest_to_gcs', 'manual__2023-03-29T17:06:07.245402+00:00', '--job-id', '159', '--raw', '--subdir', 'DAGS_FOLDER/first_dag.py', '--cfg-path', '/tmp/tmpcnym2doc', '--error-file', '/tmp/tmpdjs5say3']
[2023-03-29 17:06:35,723] {standard_task_runner.py:77} INFO - Job 159: Subtask ingest_to_gcs
[2023-03-29 17:06:35,880] {logging_mixin.py:109} INFO - Running <TaskInstance: SP_500_DATA_PIPELINE.ingest_to_gcs manual__2023-03-29T17:06:07.245402+00:00 [running]> on host eebc01130c53
[2023-03-29 17:06:36,048] {taskinstance.py:1426} INFO - Exporting the following env vars:
AIRFLOW_CTX_DAG_EMAIL=
AIRFLOW_CTX_DAG_OWNER=me
AIRFLOW_CTX_DAG_ID=SP_500_DATA_PIPELINE
AIRFLOW_CTX_TASK_ID=ingest_to_gcs
AIRFLOW_CTX_EXECUTION_DATE=2023-03-29T17:06:07.245402+00:00
AIRFLOW_CTX_DAG_RUN_ID=manual__2023-03-29T17:06:07.245402+00:00
[2023-03-29 17:06:36,901] {logging_mixin.py:109} INFO - File sp_500_data.csv locally and  uploaded to input-data/sp_500_data.csv in bucket dtc_data_lake_dataengineering-378316.
[2023-03-29 17:06:36,903] {python.py:175} INFO - Done. Returned value was: None
[2023-03-29 17:06:36,942] {taskinstance.py:1277} INFO - Marking task as SUCCESS. dag_id=SP_500_DATA_PIPELINE, task_id=ingest_to_gcs, execution_date=20230329T170607, start_date=20230329T170635, end_date=20230329T170636
[2023-03-29 17:06:37,043] {local_task_job.py:154} INFO - Task exited with return code 0
[2023-03-29 17:06:37,179] {local_task_job.py:264} INFO - 1 downstream tasks scheduled from follow-on schedule check
