[2023-03-29 16:40:46,759] {taskinstance.py:1032} INFO - Dependencies all met for <TaskInstance: SP_500_DATA_PIPELINE_FINAL.extract_data_task manual__2023-03-29T16:40:41.607407+00:00 [queued]>
[2023-03-29 16:40:46,795] {taskinstance.py:1032} INFO - Dependencies all met for <TaskInstance: SP_500_DATA_PIPELINE_FINAL.extract_data_task manual__2023-03-29T16:40:41.607407+00:00 [queued]>
[2023-03-29 16:40:46,796] {taskinstance.py:1238} INFO - 
--------------------------------------------------------------------------------
[2023-03-29 16:40:46,798] {taskinstance.py:1239} INFO - Starting attempt 1 of 3
[2023-03-29 16:40:46,799] {taskinstance.py:1240} INFO - 
--------------------------------------------------------------------------------
[2023-03-29 16:40:46,836] {taskinstance.py:1259} INFO - Executing <Task(PythonOperator): extract_data_task> on 2023-03-29 16:40:41.607407+00:00
[2023-03-29 16:40:46,848] {standard_task_runner.py:52} INFO - Started process 7663 to run task
[2023-03-29 16:40:46,857] {standard_task_runner.py:76} INFO - Running: ['***', 'tasks', 'run', 'SP_500_DATA_PIPELINE_FINAL', 'extract_data_task', 'manual__2023-03-29T16:40:41.607407+00:00', '--job-id', '148', '--raw', '--subdir', 'DAGS_FOLDER/first_dag.py', '--cfg-path', '/tmp/tmplclarm13', '--error-file', '/tmp/tmp7ctoynq7']
[2023-03-29 16:40:46,860] {standard_task_runner.py:77} INFO - Job 148: Subtask extract_data_task
[2023-03-29 16:40:46,995] {logging_mixin.py:109} INFO - Running <TaskInstance: SP_500_DATA_PIPELINE_FINAL.extract_data_task manual__2023-03-29T16:40:41.607407+00:00 [running]> on host ebd786f8513c
[2023-03-29 16:40:47,133] {taskinstance.py:1426} INFO - Exporting the following env vars:
AIRFLOW_CTX_DAG_EMAIL=
AIRFLOW_CTX_DAG_OWNER=me
AIRFLOW_CTX_DAG_ID=SP_500_DATA_PIPELINE_FINAL
AIRFLOW_CTX_TASK_ID=extract_data_task
AIRFLOW_CTX_EXECUTION_DATE=2023-03-29T16:40:41.607407+00:00
AIRFLOW_CTX_DAG_RUN_ID=manual__2023-03-29T16:40:41.607407+00:00
[2023-03-29 16:40:51,021] {warnings.py:110} WARNING - /home/***/.local/lib/python3.7/site-packages/pandas_datareader/tiingo.py:234: FutureWarning: In a future version of pandas all arguments of concat except for the argument 'objs' will be keyword-only
  return pd.concat(dfs, self._concat_axis)

[2023-03-29 16:40:51,070] {logging_mixin.py:109} INFO - ingestion from api completed
[2023-03-29 16:40:51,173] {logging_mixin.py:109} INFO - file has been saved at :sp_500_data.csv
[2023-03-29 16:40:51,175] {logging_mixin.py:109} INFO - sp_500_data.csv
[2023-03-29 16:40:51,179] {python.py:175} INFO - Done. Returned value was: None
[2023-03-29 16:40:51,233] {taskinstance.py:1277} INFO - Marking task as SUCCESS. dag_id=SP_500_DATA_PIPELINE_FINAL, task_id=extract_data_task, execution_date=20230329T164041, start_date=20230329T164046, end_date=20230329T164051
[2023-03-29 16:40:51,374] {local_task_job.py:154} INFO - Task exited with return code 0
[2023-03-29 16:40:51,517] {local_task_job.py:264} INFO - 1 downstream tasks scheduled from follow-on schedule check
