[2023-03-29 19:30:09,276] {taskinstance.py:1032} INFO - Dependencies all met for <TaskInstance: SP_500_DATA_PIPELINE_v1.transform_data_task manual__2023-03-29T19:19:52.803586+00:00 [queued]>
[2023-03-29 19:30:09,417] {taskinstance.py:1032} INFO - Dependencies all met for <TaskInstance: SP_500_DATA_PIPELINE_v1.transform_data_task manual__2023-03-29T19:19:52.803586+00:00 [queued]>
[2023-03-29 19:30:09,433] {taskinstance.py:1238} INFO - 
--------------------------------------------------------------------------------
[2023-03-29 19:30:09,437] {taskinstance.py:1239} INFO - Starting attempt 1 of 3
[2023-03-29 19:30:09,440] {taskinstance.py:1240} INFO - 
--------------------------------------------------------------------------------
[2023-03-29 19:30:09,523] {taskinstance.py:1259} INFO - Executing <Task(PythonOperator): transform_data_task> on 2023-03-29 19:19:52.803586+00:00
[2023-03-29 19:30:09,549] {standard_task_runner.py:52} INFO - Started process 1175 to run task
[2023-03-29 19:30:09,575] {standard_task_runner.py:76} INFO - Running: ['***', 'tasks', 'run', 'SP_500_DATA_PIPELINE_v1', 'transform_data_task', 'manual__2023-03-29T19:19:52.803586+00:00', '--job-id', '188', '--raw', '--subdir', 'DAGS_FOLDER/first_dag.py', '--cfg-path', '/tmp/tmpm9991kfj', '--error-file', '/tmp/tmpahjz46gx']
[2023-03-29 19:30:09,579] {standard_task_runner.py:77} INFO - Job 188: Subtask transform_data_task
[2023-03-29 19:30:09,738] {logging_mixin.py:109} INFO - Running <TaskInstance: SP_500_DATA_PIPELINE_v1.transform_data_task manual__2023-03-29T19:19:52.803586+00:00 [running]> on host f6db1c430e11
[2023-03-29 19:30:09,913] {taskinstance.py:1426} INFO - Exporting the following env vars:
AIRFLOW_CTX_DAG_EMAIL=
AIRFLOW_CTX_DAG_OWNER=me
AIRFLOW_CTX_DAG_ID=SP_500_DATA_PIPELINE_v1
AIRFLOW_CTX_TASK_ID=transform_data_task
AIRFLOW_CTX_EXECUTION_DATE=2023-03-29T19:19:52.803586+00:00
AIRFLOW_CTX_DAG_RUN_ID=manual__2023-03-29T19:19:52.803586+00:00
[2023-03-29 19:39:34,011] {logging_mixin.py:109} INFO - writing transformed data to gcs at  : gs://dtc_data_lake_dataengineering-378316/transformed-data/
[2023-03-29 19:40:35,310] {python.py:175} INFO - Done. Returned value was: None
[2023-03-29 19:40:35,361] {taskinstance.py:1277} INFO - Marking task as SUCCESS. dag_id=SP_500_DATA_PIPELINE_v1, task_id=transform_data_task, execution_date=20230329T191952, start_date=20230329T193009, end_date=20230329T194035
[2023-03-29 19:40:35,480] {local_task_job.py:154} INFO - Task exited with return code 0
[2023-03-29 19:40:35,611] {local_task_job.py:264} INFO - 0 downstream tasks scheduled from follow-on schedule check
