[2023-03-29 16:48:53,199] {taskinstance.py:1032} INFO - Dependencies all met for <TaskInstance: SP_500_DATA_PIPELINE.ingest_to_gcs manual__2023-03-29T16:48:36.515119+00:00 [queued]>
[2023-03-29 16:48:53,268] {taskinstance.py:1032} INFO - Dependencies all met for <TaskInstance: SP_500_DATA_PIPELINE.ingest_to_gcs manual__2023-03-29T16:48:36.515119+00:00 [queued]>
[2023-03-29 16:48:53,273] {taskinstance.py:1238} INFO - 
--------------------------------------------------------------------------------
[2023-03-29 16:48:53,275] {taskinstance.py:1239} INFO - Starting attempt 1 of 3
[2023-03-29 16:48:53,278] {taskinstance.py:1240} INFO - 
--------------------------------------------------------------------------------
[2023-03-29 16:48:53,351] {taskinstance.py:1259} INFO - Executing <Task(PythonOperator): ingest_to_gcs> on 2023-03-29 16:48:36.515119+00:00
[2023-03-29 16:48:53,361] {standard_task_runner.py:52} INFO - Started process 8286 to run task
[2023-03-29 16:48:53,378] {standard_task_runner.py:76} INFO - Running: ['***', 'tasks', 'run', 'SP_500_DATA_PIPELINE', 'ingest_to_gcs', 'manual__2023-03-29T16:48:36.515119+00:00', '--job-id', '153', '--raw', '--subdir', 'DAGS_FOLDER/first_dag.py', '--cfg-path', '/tmp/tmpogxtha_4', '--error-file', '/tmp/tmpj9d66ue_']
[2023-03-29 16:48:53,382] {standard_task_runner.py:77} INFO - Job 153: Subtask ingest_to_gcs
[2023-03-29 16:48:53,537] {logging_mixin.py:109} INFO - Running <TaskInstance: SP_500_DATA_PIPELINE.ingest_to_gcs manual__2023-03-29T16:48:36.515119+00:00 [running]> on host ebd786f8513c
[2023-03-29 16:48:53,782] {taskinstance.py:1426} INFO - Exporting the following env vars:
AIRFLOW_CTX_DAG_EMAIL=
AIRFLOW_CTX_DAG_OWNER=me
AIRFLOW_CTX_DAG_ID=SP_500_DATA_PIPELINE
AIRFLOW_CTX_TASK_ID=ingest_to_gcs
AIRFLOW_CTX_EXECUTION_DATE=2023-03-29T16:48:36.515119+00:00
AIRFLOW_CTX_DAG_RUN_ID=manual__2023-03-29T16:48:36.515119+00:00
[2023-03-29 16:48:54,547] {logging_mixin.py:109} INFO - File sp_500_data.csv locally and  uploaded to input-data/sp_500_data.csv in bucket dtc_data_lake_dataengineering-378316.
[2023-03-29 16:48:54,559] {python.py:175} INFO - Done. Returned value was: None
[2023-03-29 16:48:54,596] {taskinstance.py:1277} INFO - Marking task as SUCCESS. dag_id=SP_500_DATA_PIPELINE, task_id=ingest_to_gcs, execution_date=20230329T164836, start_date=20230329T164853, end_date=20230329T164854
[2023-03-29 16:48:54,668] {local_task_job.py:154} INFO - Task exited with return code 0
[2023-03-29 16:48:54,797] {local_task_job.py:264} INFO - 1 downstream tasks scheduled from follow-on schedule check
