[2024-11-18T10:07:39.319+0000] {local_task_job_runner.py:123} INFO - ::group::Pre task execution logs
[2024-11-18T10:07:39.330+0000] {taskinstance.py:2613} INFO - Dependencies all met for dep_context=non-requeueable deps ti=<TaskInstance: SP_500_DATA_PIPELINE_v1.extract_data_task manual__2024-11-18T10:07:37.083192+00:00 [queued]>
[2024-11-18T10:07:39.336+0000] {taskinstance.py:2613} INFO - Dependencies all met for dep_context=requeueable deps ti=<TaskInstance: SP_500_DATA_PIPELINE_v1.extract_data_task manual__2024-11-18T10:07:37.083192+00:00 [queued]>
[2024-11-18T10:07:39.337+0000] {taskinstance.py:2866} INFO - Starting attempt 1 of 3
[2024-11-18T10:07:39.345+0000] {taskinstance.py:2889} INFO - Executing <Task(PythonOperator): extract_data_task> on 2024-11-18 10:07:37.083192+00:00
[2024-11-18T10:07:39.354+0000] {warnings.py:112} WARNING - /home/***/.local/lib/python3.12/site-packages/***/task/task_runner/standard_task_runner.py:70: DeprecationWarning: This process (pid=1406) is multi-threaded, use of fork() may lead to deadlocks in the child.
  pid = os.fork()

[2024-11-18T10:07:39.357+0000] {standard_task_runner.py:72} INFO - Started process 1407 to run task
[2024-11-18T10:07:39.356+0000] {standard_task_runner.py:104} INFO - Running: ['***', 'tasks', 'run', 'SP_500_DATA_PIPELINE_v1', 'extract_data_task', 'manual__2024-11-18T10:07:37.083192+00:00', '--job-id', '12', '--raw', '--subdir', 'DAGS_FOLDER/sp_500_data_processing_dag.py', '--cfg-path', '/tmp/tmpem3exaom']
[2024-11-18T10:07:39.360+0000] {standard_task_runner.py:105} INFO - Job 12: Subtask extract_data_task
[2024-11-18T10:07:39.371+0000] {warnings.py:112} WARNING - /home/***/.local/lib/python3.12/site-packages/***/settings.py:209: DeprecationWarning: The sql_alchemy_conn option in [core] has been moved to the sql_alchemy_conn option in [database] - the old setting has been used, but please update your config.
  SQL_ALCHEMY_CONN = conf.get("database", "SQL_ALCHEMY_CONN")

[2024-11-18T10:07:39.401+0000] {task_command.py:467} INFO - Running <TaskInstance: SP_500_DATA_PIPELINE_v1.extract_data_task manual__2024-11-18T10:07:37.083192+00:00 [running]> on host 9db2eae589c0
[2024-11-18T10:07:39.458+0000] {taskinstance.py:3132} INFO - Exporting env vars: AIRFLOW_CTX_DAG_EMAIL='' AIRFLOW_CTX_DAG_OWNER='me' AIRFLOW_CTX_DAG_ID='SP_500_DATA_PIPELINE_v1' AIRFLOW_CTX_TASK_ID='extract_data_task' AIRFLOW_CTX_EXECUTION_DATE='2024-11-18T10:07:37.083192+00:00' AIRFLOW_CTX_TRY_NUMBER='1' AIRFLOW_CTX_DAG_RUN_ID='manual__2024-11-18T10:07:37.083192+00:00'
[2024-11-18T10:07:39.460+0000] {taskinstance.py:731} INFO - ::endgroup::
[2024-11-18T10:07:40.587+0000] {helper_functions.py:87} ERROR - Error while extracting data for MMM: concat() takes 1 positional argument but 2 were given
[2024-11-18T10:07:41.247+0000] {helper_functions.py:87} ERROR - Error while extracting data for AOS: concat() takes 1 positional argument but 2 were given
[2024-11-18T10:07:41.951+0000] {helper_functions.py:87} ERROR - Error while extracting data for ABT: concat() takes 1 positional argument but 2 were given
[2024-11-18T10:07:42.650+0000] {helper_functions.py:87} ERROR - Error while extracting data for ABBV: concat() takes 1 positional argument but 2 were given
[2024-11-18T10:07:43.301+0000] {helper_functions.py:87} ERROR - Error while extracting data for ACN: concat() takes 1 positional argument but 2 were given
[2024-11-18T10:07:43.971+0000] {helper_functions.py:87} ERROR - Error while extracting data for ADBE: concat() takes 1 positional argument but 2 were given
[2024-11-18T10:07:44.672+0000] {helper_functions.py:87} ERROR - Error while extracting data for AMD: concat() takes 1 positional argument but 2 were given
[2024-11-18T10:07:45.334+0000] {helper_functions.py:87} ERROR - Error while extracting data for AES: concat() takes 1 positional argument but 2 were given
[2024-11-18T10:07:46.013+0000] {helper_functions.py:87} ERROR - Error while extracting data for AFL: concat() takes 1 positional argument but 2 were given
[2024-11-18T10:07:46.716+0000] {helper_functions.py:87} ERROR - Error while extracting data for A: concat() takes 1 positional argument but 2 were given
[2024-11-18T10:07:47.396+0000] {helper_functions.py:87} ERROR - Error while extracting data for APD: concat() takes 1 positional argument but 2 were given
[2024-11-18T10:07:47.732+0000] {helper_functions.py:87} ERROR - Error while extracting data for ABNB: concat() takes 1 positional argument but 2 were given
[2024-11-18T10:07:48.421+0000] {helper_functions.py:87} ERROR - Error while extracting data for AKAM: concat() takes 1 positional argument but 2 were given
[2024-11-18T10:07:49.083+0000] {helper_functions.py:87} ERROR - Error while extracting data for ALB: concat() takes 1 positional argument but 2 were given
[2024-11-18T10:07:49.744+0000] {helper_functions.py:87} ERROR - Error while extracting data for ARE: concat() takes 1 positional argument but 2 were given
[2024-11-18T10:07:50.412+0000] {helper_functions.py:87} ERROR - Error while extracting data for ALGN: concat() takes 1 positional argument but 2 were given
[2024-11-18T10:07:51.091+0000] {helper_functions.py:87} ERROR - Error while extracting data for ALLE: concat() takes 1 positional argument but 2 were given
[2024-11-18T10:07:51.776+0000] {helper_functions.py:87} ERROR - Error while extracting data for LNT: concat() takes 1 positional argument but 2 were given
[2024-11-18T10:07:52.468+0000] {helper_functions.py:87} ERROR - Error while extracting data for ALL: concat() takes 1 positional argument but 2 were given
[2024-11-18T10:07:53.177+0000] {helper_functions.py:87} ERROR - Error while extracting data for GOOGL: concat() takes 1 positional argument but 2 were given
[2024-11-18T10:07:53.887+0000] {helper_functions.py:87} ERROR - Error while extracting data for GOOG: concat() takes 1 positional argument but 2 were given
[2024-11-18T10:07:54.607+0000] {helper_functions.py:87} ERROR - Error while extracting data for MO: concat() takes 1 positional argument but 2 were given
[2024-11-18T10:07:55.291+0000] {helper_functions.py:87} ERROR - Error while extracting data for AMZN: concat() takes 1 positional argument but 2 were given
[2024-11-18T10:07:55.803+0000] {helper_functions.py:87} ERROR - Error while extracting data for AMCR: concat() takes 1 positional argument but 2 were given
[2024-11-18T10:07:56.104+0000] {helper_functions.py:87} ERROR - Error while extracting data for AMTM: 'date'
[2024-11-18T10:07:56.761+0000] {helper_functions.py:87} ERROR - Error while extracting data for AEE: concat() takes 1 positional argument but 2 were given
[2024-11-18T10:07:57.419+0000] {helper_functions.py:87} ERROR - Error while extracting data for AEP: concat() takes 1 positional argument but 2 were given
[2024-11-18T10:07:58.114+0000] {helper_functions.py:87} ERROR - Error while extracting data for AXP: concat() takes 1 positional argument but 2 were given
[2024-11-18T10:07:58.822+0000] {helper_functions.py:87} ERROR - Error while extracting data for AIG: concat() takes 1 positional argument but 2 were given
[2024-11-18T10:07:59.481+0000] {helper_functions.py:87} ERROR - Error while extracting data for AMT: concat() takes 1 positional argument but 2 were given
[2024-11-18T10:08:00.134+0000] {helper_functions.py:87} ERROR - Error while extracting data for AWK: concat() takes 1 positional argument but 2 were given
[2024-11-18T10:08:00.765+0000] {helper_functions.py:87} ERROR - Error while extracting data for AMP: concat() takes 1 positional argument but 2 were given
[2024-11-18T10:08:01.407+0000] {helper_functions.py:87} ERROR - Error while extracting data for AME: concat() takes 1 positional argument but 2 were given
[2024-11-18T10:08:02.066+0000] {helper_functions.py:87} ERROR - Error while extracting data for AMGN: concat() takes 1 positional argument but 2 were given
[2024-11-18T10:08:02.741+0000] {helper_functions.py:87} ERROR - Error while extracting data for APH: concat() takes 1 positional argument but 2 were given
[2024-11-18T10:08:03.390+0000] {helper_functions.py:87} ERROR - Error while extracting data for ADI: concat() takes 1 positional argument but 2 were given
[2024-11-18T10:08:04.033+0000] {helper_functions.py:87} ERROR - Error while extracting data for ANSS: concat() takes 1 positional argument but 2 were given
[2024-11-18T10:08:04.685+0000] {helper_functions.py:87} ERROR - Error while extracting data for AON: concat() takes 1 positional argument but 2 were given
[2024-11-18T10:08:05.361+0000] {helper_functions.py:87} ERROR - Error while extracting data for APA: concat() takes 1 positional argument but 2 were given
[2024-11-18T10:08:06.003+0000] {helper_functions.py:87} ERROR - Error while extracting data for AAPL: concat() takes 1 positional argument but 2 were given
[2024-11-18T10:08:06.652+0000] {helper_functions.py:87} ERROR - Error while extracting data for AMAT: concat() takes 1 positional argument but 2 were given
[2024-11-18T10:08:07.297+0000] {helper_functions.py:87} ERROR - Error while extracting data for APTV: concat() takes 1 positional argument but 2 were given
[2024-11-18T10:08:08.025+0000] {helper_functions.py:87} ERROR - Error while extracting data for ACGL: concat() takes 1 positional argument but 2 were given
[2024-11-18T10:08:08.668+0000] {helper_functions.py:87} ERROR - Error while extracting data for ADM: concat() takes 1 positional argument but 2 were given
[2024-11-18T10:08:09.326+0000] {helper_functions.py:87} ERROR - Error while extracting data for ANET: concat() takes 1 positional argument but 2 were given
[2024-11-18T10:08:10.014+0000] {helper_functions.py:87} ERROR - Error while extracting data for AJG: concat() takes 1 positional argument but 2 were given
[2024-11-18T10:08:10.732+0000] {helper_functions.py:87} ERROR - Error while extracting data for AIZ: concat() takes 1 positional argument but 2 were given
[2024-11-18T10:08:11.396+0000] {helper_functions.py:87} ERROR - Error while extracting data for T: concat() takes 1 positional argument but 2 were given
[2024-11-18T10:08:12.042+0000] {helper_functions.py:87} ERROR - Error while extracting data for ATO: concat() takes 1 positional argument but 2 were given
[2024-11-18T10:08:12.701+0000] {helper_functions.py:87} ERROR - Error while extracting data for ADSK: concat() takes 1 positional argument but 2 were given
[2024-11-18T10:08:13.405+0000] {helper_functions.py:87} ERROR - Error while extracting data for ADP: concat() takes 1 positional argument but 2 were given
[2024-11-18T10:08:14.489+0000] {helper_functions.py:87} ERROR - Error while extracting data for AZO: concat() takes 1 positional argument but 2 were given
[2024-11-18T10:08:15.194+0000] {helper_functions.py:87} ERROR - Error while extracting data for AVB: concat() takes 1 positional argument but 2 were given
[2024-11-18T10:08:15.865+0000] {helper_functions.py:87} ERROR - Error while extracting data for AVY: concat() takes 1 positional argument but 2 were given
[2024-11-18T10:08:16.586+0000] {helper_functions.py:87} ERROR - Error while extracting data for AXON: concat() takes 1 positional argument but 2 were given
[2024-11-18T10:08:17.211+0000] {helper_functions.py:87} ERROR - Error while extracting data for BKR: concat() takes 1 positional argument but 2 were given
[2024-11-18T10:08:17.906+0000] {helper_functions.py:87} ERROR - Error while extracting data for BALL: concat() takes 1 positional argument but 2 were given
[2024-11-18T10:08:18.597+0000] {helper_functions.py:87} ERROR - Error while extracting data for BAC: concat() takes 1 positional argument but 2 were given
[2024-11-18T10:08:19.251+0000] {helper_functions.py:87} ERROR - Error while extracting data for BAX: concat() takes 1 positional argument but 2 were given
[2024-11-18T10:08:19.911+0000] {helper_functions.py:87} ERROR - Error while extracting data for BDX: concat() takes 1 positional argument but 2 were given
[2024-11-18T10:08:21.062+0000] {helper_functions.py:87} ERROR - Error while extracting data for BRK.B: Unable to read URL: https://api.tiingo.com/tiingo/daily/BRK.B/prices?startDate=2015-01-01&endDate=2021-01-01&format=json
Response Text:
b'{"detail":"Error: Ticker \'BRK.B\' not found"}'
[2024-11-18T10:08:21.715+0000] {helper_functions.py:87} ERROR - Error while extracting data for BBY: concat() takes 1 positional argument but 2 were given
[2024-11-18T10:08:22.384+0000] {helper_functions.py:87} ERROR - Error while extracting data for TECH: concat() takes 1 positional argument but 2 were given
[2024-11-18T10:08:23.051+0000] {helper_functions.py:87} ERROR - Error while extracting data for BIIB: concat() takes 1 positional argument but 2 were given
[2024-11-18T10:08:23.700+0000] {helper_functions.py:87} ERROR - Error while extracting data for BLK: concat() takes 1 positional argument but 2 were given
[2024-11-18T10:08:24.367+0000] {helper_functions.py:87} ERROR - Error while extracting data for BX: concat() takes 1 positional argument but 2 were given
[2024-11-18T10:08:25.015+0000] {helper_functions.py:87} ERROR - Error while extracting data for BK: concat() takes 1 positional argument but 2 were given
[2024-11-18T10:08:25.677+0000] {helper_functions.py:87} ERROR - Error while extracting data for BA: concat() takes 1 positional argument but 2 were given
[2024-11-18T10:08:26.320+0000] {helper_functions.py:87} ERROR - Error while extracting data for BKNG: concat() takes 1 positional argument but 2 were given
[2024-11-18T10:08:26.985+0000] {helper_functions.py:87} ERROR - Error while extracting data for BWA: concat() takes 1 positional argument but 2 were given
[2024-11-18T10:08:27.676+0000] {helper_functions.py:87} ERROR - Error while extracting data for BSX: concat() takes 1 positional argument but 2 were given
[2024-11-18T10:08:28.369+0000] {helper_functions.py:87} ERROR - Error while extracting data for BMY: concat() takes 1 positional argument but 2 were given
[2024-11-18T10:08:29.052+0000] {helper_functions.py:87} ERROR - Error while extracting data for AVGO: concat() takes 1 positional argument but 2 were given
[2024-11-18T10:08:29.726+0000] {helper_functions.py:87} ERROR - Error while extracting data for BR: concat() takes 1 positional argument but 2 were given
[2024-11-18T10:08:30.403+0000] {helper_functions.py:87} ERROR - Error while extracting data for BRO: concat() takes 1 positional argument but 2 were given
[2024-11-18T10:08:31.570+0000] {helper_functions.py:87} ERROR - Error while extracting data for BF.B: Unable to read URL: https://api.tiingo.com/tiingo/daily/BF.B/prices?startDate=2015-01-01&endDate=2021-01-01&format=json
Response Text:
b'{"detail":"Error: Ticker \'BF.B\' not found"}'
[2024-11-18T10:08:32.239+0000] {helper_functions.py:87} ERROR - Error while extracting data for BLDR: concat() takes 1 positional argument but 2 were given
[2024-11-18T10:08:32.907+0000] {helper_functions.py:87} ERROR - Error while extracting data for BG: concat() takes 1 positional argument but 2 were given
[2024-11-18T10:08:33.637+0000] {helper_functions.py:87} ERROR - Error while extracting data for BXP: concat() takes 1 positional argument but 2 were given
[2024-11-18T10:08:34.324+0000] {helper_functions.py:87} ERROR - Error while extracting data for CHRW: concat() takes 1 positional argument but 2 were given
[2024-11-18T10:08:34.980+0000] {helper_functions.py:87} ERROR - Error while extracting data for CDNS: concat() takes 1 positional argument but 2 were given
[2024-11-18T10:08:35.642+0000] {helper_functions.py:87} ERROR - Error while extracting data for CZR: concat() takes 1 positional argument but 2 were given
[2024-11-18T10:08:36.277+0000] {helper_functions.py:87} ERROR - Error while extracting data for CPT: concat() takes 1 positional argument but 2 were given
[2024-11-18T10:08:36.977+0000] {helper_functions.py:87} ERROR - Error while extracting data for CPB: concat() takes 1 positional argument but 2 were given
[2024-11-18T10:08:37.615+0000] {helper_functions.py:87} ERROR - Error while extracting data for COF: concat() takes 1 positional argument but 2 were given
[2024-11-18T10:08:38.347+0000] {helper_functions.py:87} ERROR - Error while extracting data for CAH: concat() takes 1 positional argument but 2 were given
[2024-11-18T10:08:38.995+0000] {helper_functions.py:87} ERROR - Error while extracting data for KMX: concat() takes 1 positional argument but 2 were given
[2024-11-18T10:08:39.641+0000] {helper_functions.py:87} ERROR - Error while extracting data for CCL: concat() takes 1 positional argument but 2 were given
[2024-11-18T10:08:40.062+0000] {helper_functions.py:87} ERROR - Error while extracting data for CARR: concat() takes 1 positional argument but 2 were given
[2024-11-18T10:08:40.736+0000] {helper_functions.py:87} ERROR - Error while extracting data for CTLT: concat() takes 1 positional argument but 2 were given
[2024-11-18T10:08:41.415+0000] {helper_functions.py:87} ERROR - Error while extracting data for CAT: concat() takes 1 positional argument but 2 were given
[2024-11-18T10:08:42.072+0000] {helper_functions.py:87} ERROR - Error while extracting data for CBOE: concat() takes 1 positional argument but 2 were given
[2024-11-18T10:08:42.717+0000] {helper_functions.py:87} ERROR - Error while extracting data for CBRE: concat() takes 1 positional argument but 2 were given
[2024-11-18T10:08:43.349+0000] {helper_functions.py:87} ERROR - Error while extracting data for CDW: concat() takes 1 positional argument but 2 were given
[2024-11-18T10:08:44.007+0000] {helper_functions.py:87} ERROR - Error while extracting data for CE: concat() takes 1 positional argument but 2 were given
[2024-11-18T10:08:44.685+0000] {helper_functions.py:87} ERROR - Error while extracting data for COR: concat() takes 1 positional argument but 2 were given
[2024-11-18T10:08:45.351+0000] {helper_functions.py:87} ERROR - Error while extracting data for CNC: concat() takes 1 positional argument but 2 were given
[2024-11-18T10:08:46.023+0000] {helper_functions.py:87} ERROR - Error while extracting data for CNP: concat() takes 1 positional argument but 2 were given
[2024-11-18T10:08:46.714+0000] {helper_functions.py:87} ERROR - Error while extracting data for CF: concat() takes 1 positional argument but 2 were given
[2024-11-18T10:08:47.397+0000] {helper_functions.py:87} ERROR - Error while extracting data for CRL: concat() takes 1 positional argument but 2 were given
[2024-11-18T10:08:48.076+0000] {helper_functions.py:87} ERROR - Error while extracting data for SCHW: concat() takes 1 positional argument but 2 were given
[2024-11-18T10:08:48.765+0000] {helper_functions.py:87} ERROR - Error while extracting data for CHTR: concat() takes 1 positional argument but 2 were given
[2024-11-18T10:08:49.820+0000] {helper_functions.py:87} ERROR - Error while extracting data for CVX: concat() takes 1 positional argument but 2 were given
[2024-11-18T10:08:50.485+0000] {helper_functions.py:87} ERROR - Error while extracting data for CMG: concat() takes 1 positional argument but 2 were given
[2024-11-18T10:08:51.151+0000] {helper_functions.py:87} ERROR - Error while extracting data for CB: concat() takes 1 positional argument but 2 were given
[2024-11-18T10:08:51.825+0000] {helper_functions.py:87} ERROR - Error while extracting data for CHD: concat() takes 1 positional argument but 2 were given
[2024-11-18T10:08:52.684+0000] {helper_functions.py:87} ERROR - Error while extracting data for CI: concat() takes 1 positional argument but 2 were given
[2024-11-18T10:08:53.334+0000] {helper_functions.py:87} ERROR - Error while extracting data for CINF: concat() takes 1 positional argument but 2 were given
[2024-11-18T10:08:55.575+0000] {helper_functions.py:87} ERROR - Error while extracting data for CTAS: concat() takes 1 positional argument but 2 were given
[2024-11-18T10:08:56.254+0000] {helper_functions.py:87} ERROR - Error while extracting data for CSCO: concat() takes 1 positional argument but 2 were given
[2024-11-18T10:08:58.356+0000] {helper_functions.py:87} ERROR - Error while extracting data for C: concat() takes 1 positional argument but 2 were given
[2024-11-18T10:08:59.020+0000] {helper_functions.py:87} ERROR - Error while extracting data for CFG: concat() takes 1 positional argument but 2 were given
[2024-11-18T10:08:59.721+0000] {helper_functions.py:87} ERROR - Error while extracting data for CLX: concat() takes 1 positional argument but 2 were given
[2024-11-18T10:09:00.405+0000] {helper_functions.py:87} ERROR - Error while extracting data for CME: concat() takes 1 positional argument but 2 were given
[2024-11-18T10:09:01.143+0000] {helper_functions.py:87} ERROR - Error while extracting data for CMS: concat() takes 1 positional argument but 2 were given
[2024-11-18T10:09:01.841+0000] {helper_functions.py:87} ERROR - Error while extracting data for KO: concat() takes 1 positional argument but 2 were given
[2024-11-18T10:09:02.518+0000] {helper_functions.py:87} ERROR - Error while extracting data for CTSH: concat() takes 1 positional argument but 2 were given
[2024-11-18T10:09:03.203+0000] {helper_functions.py:87} ERROR - Error while extracting data for CL: concat() takes 1 positional argument but 2 were given
[2024-11-18T10:09:03.887+0000] {helper_functions.py:87} ERROR - Error while extracting data for CMCSA: concat() takes 1 positional argument but 2 were given
[2024-11-18T10:09:05.011+0000] {helper_functions.py:87} ERROR - Error while extracting data for CAG: concat() takes 1 positional argument but 2 were given
[2024-11-18T10:09:05.673+0000] {helper_functions.py:87} ERROR - Error while extracting data for COP: concat() takes 1 positional argument but 2 were given
[2024-11-18T10:09:06.329+0000] {helper_functions.py:87} ERROR - Error while extracting data for ED: concat() takes 1 positional argument but 2 were given
[2024-11-18T10:09:06.991+0000] {helper_functions.py:87} ERROR - Error while extracting data for STZ: concat() takes 1 positional argument but 2 were given
[2024-11-18T10:09:07.299+0000] {helper_functions.py:87} ERROR - Error while extracting data for CEG: 'date'
[2024-11-18T10:09:07.943+0000] {helper_functions.py:87} ERROR - Error while extracting data for COO: concat() takes 1 positional argument but 2 were given
[2024-11-18T10:09:08.580+0000] {helper_functions.py:87} ERROR - Error while extracting data for CPRT: concat() takes 1 positional argument but 2 were given
[2024-11-18T10:09:09.239+0000] {helper_functions.py:87} ERROR - Error while extracting data for GLW: concat() takes 1 positional argument but 2 were given
[2024-11-18T10:09:09.896+0000] {helper_functions.py:87} ERROR - Error while extracting data for CPAY: concat() takes 1 positional argument but 2 were given
[2024-11-18T10:09:10.414+0000] {helper_functions.py:87} ERROR - Error while extracting data for CTVA: concat() takes 1 positional argument but 2 were given
[2024-11-18T10:09:11.084+0000] {helper_functions.py:87} ERROR - Error while extracting data for CSGP: concat() takes 1 positional argument but 2 were given
[2024-11-18T10:09:11.789+0000] {helper_functions.py:87} ERROR - Error while extracting data for COST: concat() takes 1 positional argument but 2 were given
[2024-11-18T10:09:12.480+0000] {helper_functions.py:87} ERROR - Error while extracting data for CTRA: concat() takes 1 positional argument but 2 were given
[2024-11-18T10:09:12.998+0000] {helper_functions.py:87} ERROR - Error while extracting data for CRWD: concat() takes 1 positional argument but 2 were given
[2024-11-18T10:09:13.716+0000] {helper_functions.py:87} ERROR - Error while extracting data for CCI: concat() takes 1 positional argument but 2 were given
[2024-11-18T10:09:14.423+0000] {helper_functions.py:87} ERROR - Error while extracting data for CSX: concat() takes 1 positional argument but 2 were given
[2024-11-18T10:09:15.093+0000] {helper_functions.py:87} ERROR - Error while extracting data for CMI: concat() takes 1 positional argument but 2 were given
[2024-11-18T10:09:15.754+0000] {helper_functions.py:87} ERROR - Error while extracting data for CVS: concat() takes 1 positional argument but 2 were given
[2024-11-18T10:09:16.507+0000] {helper_functions.py:87} ERROR - Error while extracting data for DHR: concat() takes 1 positional argument but 2 were given
[2024-11-18T10:09:17.189+0000] {helper_functions.py:87} ERROR - Error while extracting data for DRI: concat() takes 1 positional argument but 2 were given
[2024-11-18T10:09:17.867+0000] {helper_functions.py:87} ERROR - Error while extracting data for DVA: concat() takes 1 positional argument but 2 were given
[2024-11-18T10:09:18.463+0000] {helper_functions.py:87} ERROR - Error while extracting data for DAY: concat() takes 1 positional argument but 2 were given
[2024-11-18T10:09:19.132+0000] {helper_functions.py:87} ERROR - Error while extracting data for DECK: concat() takes 1 positional argument but 2 were given
[2024-11-18T10:09:19.811+0000] {helper_functions.py:87} ERROR - Error while extracting data for DE: concat() takes 1 positional argument but 2 were given
[2024-11-18T10:09:20.387+0000] {helper_functions.py:87} ERROR - Error while extracting data for DELL: concat() takes 1 positional argument but 2 were given
[2024-11-18T10:09:21.029+0000] {helper_functions.py:87} ERROR - Error while extracting data for DAL: concat() takes 1 positional argument but 2 were given
[2024-11-18T10:09:21.687+0000] {helper_functions.py:87} ERROR - Error while extracting data for DVN: concat() takes 1 positional argument but 2 were given
[2024-11-18T10:09:22.336+0000] {helper_functions.py:87} ERROR - Error while extracting data for DXCM: concat() takes 1 positional argument but 2 were given
[2024-11-18T10:09:23.022+0000] {helper_functions.py:87} ERROR - Error while extracting data for FANG: concat() takes 1 positional argument but 2 were given
[2024-11-18T10:09:23.683+0000] {helper_functions.py:87} ERROR - Error while extracting data for DLR: concat() takes 1 positional argument but 2 were given
[2024-11-18T10:09:24.351+0000] {helper_functions.py:87} ERROR - Error while extracting data for DFS: concat() takes 1 positional argument but 2 were given
[2024-11-18T10:09:25.017+0000] {helper_functions.py:87} ERROR - Error while extracting data for DG: concat() takes 1 positional argument but 2 were given
[2024-11-18T10:09:25.679+0000] {helper_functions.py:87} ERROR - Error while extracting data for DLTR: concat() takes 1 positional argument but 2 were given
[2024-11-18T10:09:26.365+0000] {helper_functions.py:87} ERROR - Error while extracting data for D: concat() takes 1 positional argument but 2 were given
[2024-11-18T10:09:27.020+0000] {helper_functions.py:87} ERROR - Error while extracting data for DPZ: concat() takes 1 positional argument but 2 were given
[2024-11-18T10:09:27.661+0000] {helper_functions.py:87} ERROR - Error while extracting data for DOV: concat() takes 1 positional argument but 2 were given
[2024-11-18T10:09:28.209+0000] {helper_functions.py:87} ERROR - Error while extracting data for DOW: concat() takes 1 positional argument but 2 were given
[2024-11-18T10:09:30.204+0000] {helper_functions.py:87} ERROR - Error while extracting data for DHI: concat() takes 1 positional argument but 2 were given
[2024-11-18T10:09:30.869+0000] {helper_functions.py:87} ERROR - Error while extracting data for DTE: concat() takes 1 positional argument but 2 were given
[2024-11-18T10:09:31.539+0000] {helper_functions.py:87} ERROR - Error while extracting data for DUK: concat() takes 1 positional argument but 2 were given
[2024-11-18T10:09:32.239+0000] {helper_functions.py:87} ERROR - Error while extracting data for DD: concat() takes 1 positional argument but 2 were given
[2024-11-18T10:09:32.919+0000] {helper_functions.py:87} ERROR - Error while extracting data for EMN: concat() takes 1 positional argument but 2 were given
[2024-11-18T10:09:33.633+0000] {helper_functions.py:87} ERROR - Error while extracting data for ETN: concat() takes 1 positional argument but 2 were given
[2024-11-18T10:09:34.332+0000] {helper_functions.py:87} ERROR - Error while extracting data for EBAY: concat() takes 1 positional argument but 2 were given
[2024-11-18T10:09:35.012+0000] {helper_functions.py:87} ERROR - Error while extracting data for ECL: concat() takes 1 positional argument but 2 were given
[2024-11-18T10:09:35.671+0000] {helper_functions.py:87} ERROR - Error while extracting data for EIX: concat() takes 1 positional argument but 2 were given
[2024-11-18T10:09:37.350+0000] {helper_functions.py:87} ERROR - Error while extracting data for EW: concat() takes 1 positional argument but 2 were given
[2024-11-18T10:09:38.066+0000] {helper_functions.py:87} ERROR - Error while extracting data for EA: concat() takes 1 positional argument but 2 were given
[2024-11-18T10:09:38.723+0000] {helper_functions.py:87} ERROR - Error while extracting data for ELV: concat() takes 1 positional argument but 2 were given
[2024-11-18T10:09:39.368+0000] {helper_functions.py:87} ERROR - Error while extracting data for EMR: concat() takes 1 positional argument but 2 were given
[2024-11-18T10:09:40.063+0000] {helper_functions.py:87} ERROR - Error while extracting data for ENPH: concat() takes 1 positional argument but 2 were given
[2024-11-18T10:09:40.737+0000] {helper_functions.py:87} ERROR - Error while extracting data for ETR: concat() takes 1 positional argument but 2 were given
[2024-11-18T10:09:41.407+0000] {helper_functions.py:87} ERROR - Error while extracting data for EOG: concat() takes 1 positional argument but 2 were given
[2024-11-18T10:09:42.104+0000] {helper_functions.py:87} ERROR - Error while extracting data for EPAM: concat() takes 1 positional argument but 2 were given
[2024-11-18T10:09:42.757+0000] {helper_functions.py:87} ERROR - Error while extracting data for EQT: concat() takes 1 positional argument but 2 were given
[2024-11-18T10:09:44.413+0000] {helper_functions.py:87} ERROR - Error while extracting data for EFX: concat() takes 1 positional argument but 2 were given
[2024-11-18T10:09:45.062+0000] {helper_functions.py:87} ERROR - Error while extracting data for EQIX: concat() takes 1 positional argument but 2 were given
[2024-11-18T10:09:45.710+0000] {helper_functions.py:87} ERROR - Error while extracting data for EQR: concat() takes 1 positional argument but 2 were given
[2024-11-18T10:09:46.398+0000] {helper_functions.py:87} ERROR - Error while extracting data for ERIE: concat() takes 1 positional argument but 2 were given
[2024-11-18T10:09:47.084+0000] {helper_functions.py:87} ERROR - Error while extracting data for ESS: concat() takes 1 positional argument but 2 were given
[2024-11-18T10:09:48.494+0000] {helper_functions.py:87} ERROR - Error while extracting data for EL: concat() takes 1 positional argument but 2 were given
[2024-11-18T10:09:49.273+0000] {helper_functions.py:87} ERROR - Error while extracting data for EG: concat() takes 1 positional argument but 2 were given
[2024-11-18T10:09:50.450+0000] {helper_functions.py:87} ERROR - Error while extracting data for EVRG: concat() takes 1 positional argument but 2 were given
[2024-11-18T10:09:51.113+0000] {helper_functions.py:87} ERROR - Error while extracting data for ES: concat() takes 1 positional argument but 2 were given
[2024-11-18T10:09:51.781+0000] {helper_functions.py:87} ERROR - Error while extracting data for EXC: concat() takes 1 positional argument but 2 were given
[2024-11-18T10:09:52.484+0000] {helper_functions.py:87} ERROR - Error while extracting data for EXPE: concat() takes 1 positional argument but 2 were given
[2024-11-18T10:09:53.145+0000] {helper_functions.py:87} ERROR - Error while extracting data for EXPD: concat() takes 1 positional argument but 2 were given
[2024-11-18T10:09:53.901+0000] {helper_functions.py:87} ERROR - Error while extracting data for EXR: concat() takes 1 positional argument but 2 were given
[2024-11-18T10:09:54.621+0000] {helper_functions.py:87} ERROR - Error while extracting data for XOM: concat() takes 1 positional argument but 2 were given
[2024-11-18T10:09:55.309+0000] {helper_functions.py:87} ERROR - Error while extracting data for FFIV: concat() takes 1 positional argument but 2 were given
[2024-11-18T10:09:55.972+0000] {helper_functions.py:87} ERROR - Error while extracting data for FDS: concat() takes 1 positional argument but 2 were given
[2024-11-18T10:09:56.664+0000] {helper_functions.py:87} ERROR - Error while extracting data for FICO: concat() takes 1 positional argument but 2 were given
[2024-11-18T10:09:57.338+0000] {helper_functions.py:87} ERROR - Error while extracting data for FAST: concat() takes 1 positional argument but 2 were given
[2024-11-18T10:09:58.119+0000] {helper_functions.py:87} ERROR - Error while extracting data for FRT: concat() takes 1 positional argument but 2 were given
[2024-11-18T10:09:58.814+0000] {helper_functions.py:87} ERROR - Error while extracting data for FDX: concat() takes 1 positional argument but 2 were given
[2024-11-18T10:09:59.514+0000] {helper_functions.py:87} ERROR - Error while extracting data for FIS: concat() takes 1 positional argument but 2 were given
[2024-11-18T10:10:00.189+0000] {helper_functions.py:87} ERROR - Error while extracting data for FITB: concat() takes 1 positional argument but 2 were given
[2024-11-18T10:10:00.882+0000] {helper_functions.py:87} ERROR - Error while extracting data for FSLR: concat() takes 1 positional argument but 2 were given
[2024-11-18T10:10:01.572+0000] {helper_functions.py:87} ERROR - Error while extracting data for FE: concat() takes 1 positional argument but 2 were given
[2024-11-18T10:10:02.268+0000] {helper_functions.py:87} ERROR - Error while extracting data for FI: concat() takes 1 positional argument but 2 were given
[2024-11-18T10:10:02.950+0000] {helper_functions.py:87} ERROR - Error while extracting data for FMC: concat() takes 1 positional argument but 2 were given
[2024-11-18T10:10:03.649+0000] {helper_functions.py:87} ERROR - Error while extracting data for F: concat() takes 1 positional argument but 2 were given
[2024-11-18T10:10:04.307+0000] {helper_functions.py:87} ERROR - Error while extracting data for FTNT: concat() takes 1 positional argument but 2 were given
[2024-11-18T10:10:04.972+0000] {helper_functions.py:87} ERROR - Error while extracting data for FTV: concat() takes 1 positional argument but 2 were given
[2024-11-18T10:10:05.522+0000] {helper_functions.py:87} ERROR - Error while extracting data for FOXA: concat() takes 1 positional argument but 2 were given
[2024-11-18T10:10:06.045+0000] {helper_functions.py:87} ERROR - Error while extracting data for FOX: concat() takes 1 positional argument but 2 were given
[2024-11-18T10:10:06.717+0000] {helper_functions.py:87} ERROR - Error while extracting data for BEN: concat() takes 1 positional argument but 2 were given
[2024-11-18T10:10:07.406+0000] {helper_functions.py:87} ERROR - Error while extracting data for FCX: concat() takes 1 positional argument but 2 were given
[2024-11-18T10:10:08.049+0000] {helper_functions.py:87} ERROR - Error while extracting data for GRMN: concat() takes 1 positional argument but 2 were given
[2024-11-18T10:10:08.741+0000] {helper_functions.py:87} ERROR - Error while extracting data for IT: concat() takes 1 positional argument but 2 were given
[2024-11-18T10:10:09.430+0000] {helper_functions.py:87} ERROR - Error while extracting data for GE: concat() takes 1 positional argument but 2 were given
[2024-11-18T10:10:09.744+0000] {helper_functions.py:87} ERROR - Error while extracting data for GEHC: 'date'
[2024-11-18T10:10:10.033+0000] {helper_functions.py:87} ERROR - Error while extracting data for GEV: 'date'
[2024-11-18T10:10:10.713+0000] {helper_functions.py:87} ERROR - Error while extracting data for GEN: concat() takes 1 positional argument but 2 were given
[2024-11-18T10:10:11.341+0000] {helper_functions.py:87} ERROR - Error while extracting data for GNRC: concat() takes 1 positional argument but 2 were given
[2024-11-18T10:10:12.029+0000] {helper_functions.py:87} ERROR - Error while extracting data for GD: concat() takes 1 positional argument but 2 were given
[2024-11-18T10:10:12.691+0000] {helper_functions.py:87} ERROR - Error while extracting data for GIS: concat() takes 1 positional argument but 2 were given
[2024-11-18T10:10:13.384+0000] {helper_functions.py:87} ERROR - Error while extracting data for GM: concat() takes 1 positional argument but 2 were given
[2024-11-18T10:10:14.146+0000] {helper_functions.py:87} ERROR - Error while extracting data for GPC: concat() takes 1 positional argument but 2 were given
[2024-11-18T10:10:14.817+0000] {helper_functions.py:87} ERROR - Error while extracting data for GILD: concat() takes 1 positional argument but 2 were given
[2024-11-18T10:10:15.479+0000] {helper_functions.py:87} ERROR - Error while extracting data for GPN: concat() takes 1 positional argument but 2 were given
[2024-11-18T10:10:16.143+0000] {helper_functions.py:87} ERROR - Error while extracting data for GL: concat() takes 1 positional argument but 2 were given
[2024-11-18T10:10:17.986+0000] {helper_functions.py:87} ERROR - Error while extracting data for GDDY: concat() takes 1 positional argument but 2 were given
[2024-11-18T10:10:18.640+0000] {helper_functions.py:87} ERROR - Error while extracting data for GS: concat() takes 1 positional argument but 2 were given
[2024-11-18T10:10:19.301+0000] {helper_functions.py:87} ERROR - Error while extracting data for HAL: concat() takes 1 positional argument but 2 were given
[2024-11-18T10:10:19.948+0000] {helper_functions.py:87} ERROR - Error while extracting data for HIG: concat() takes 1 positional argument but 2 were given
[2024-11-18T10:10:21.709+0000] {helper_functions.py:87} ERROR - Error while extracting data for HAS: concat() takes 1 positional argument but 2 were given
[2024-11-18T10:10:22.365+0000] {helper_functions.py:87} ERROR - Error while extracting data for HCA: concat() takes 1 positional argument but 2 were given
[2024-11-18T10:10:23.035+0000] {helper_functions.py:87} ERROR - Error while extracting data for DOC: concat() takes 1 positional argument but 2 were given
[2024-11-18T10:10:23.960+0000] {helper_functions.py:87} ERROR - Error while extracting data for HSIC: concat() takes 1 positional argument but 2 were given
[2024-11-18T10:10:24.702+0000] {helper_functions.py:87} ERROR - Error while extracting data for HSY: concat() takes 1 positional argument but 2 were given
[2024-11-18T10:10:25.354+0000] {helper_functions.py:87} ERROR - Error while extracting data for HES: concat() takes 1 positional argument but 2 were given
[2024-11-18T10:10:26.051+0000] {helper_functions.py:87} ERROR - Error while extracting data for HPE: concat() takes 1 positional argument but 2 were given
[2024-11-18T10:10:26.713+0000] {helper_functions.py:87} ERROR - Error while extracting data for HLT: concat() takes 1 positional argument but 2 were given
[2024-11-18T10:10:27.373+0000] {helper_functions.py:87} ERROR - Error while extracting data for HOLX: concat() takes 1 positional argument but 2 were given
[2024-11-18T10:10:28.023+0000] {helper_functions.py:87} ERROR - Error while extracting data for HD: concat() takes 1 positional argument but 2 were given
[2024-11-18T10:10:28.674+0000] {helper_functions.py:87} ERROR - Error while extracting data for HON: concat() takes 1 positional argument but 2 were given
[2024-11-18T10:10:29.372+0000] {helper_functions.py:87} ERROR - Error while extracting data for HRL: concat() takes 1 positional argument but 2 were given
[2024-11-18T10:10:30.055+0000] {helper_functions.py:87} ERROR - Error while extracting data for HST: concat() takes 1 positional argument but 2 were given
[2024-11-18T10:10:30.739+0000] {helper_functions.py:87} ERROR - Error while extracting data for HWM: concat() takes 1 positional argument but 2 were given
[2024-11-18T10:10:31.414+0000] {helper_functions.py:87} ERROR - Error while extracting data for HPQ: concat() takes 1 positional argument but 2 were given
[2024-11-18T10:10:32.067+0000] {helper_functions.py:87} ERROR - Error while extracting data for HUBB: concat() takes 1 positional argument but 2 were given
[2024-11-18T10:10:32.718+0000] {helper_functions.py:87} ERROR - Error while extracting data for HUM: concat() takes 1 positional argument but 2 were given
[2024-11-18T10:10:33.363+0000] {helper_functions.py:87} ERROR - Error while extracting data for HBAN: concat() takes 1 positional argument but 2 were given
[2024-11-18T10:10:35.398+0000] {helper_functions.py:87} ERROR - Error while extracting data for HII: concat() takes 1 positional argument but 2 were given
[2024-11-18T10:10:36.083+0000] {helper_functions.py:87} ERROR - Error while extracting data for IBM: concat() takes 1 positional argument but 2 were given
[2024-11-18T10:10:36.751+0000] {helper_functions.py:87} ERROR - Error while extracting data for IEX: concat() takes 1 positional argument but 2 were given
[2024-11-18T10:10:37.435+0000] {helper_functions.py:87} ERROR - Error while extracting data for IDXX: concat() takes 1 positional argument but 2 were given
[2024-11-18T10:10:38.099+0000] {helper_functions.py:87} ERROR - Error while extracting data for ITW: concat() takes 1 positional argument but 2 were given
[2024-11-18T10:10:38.753+0000] {helper_functions.py:87} ERROR - Error while extracting data for INCY: concat() takes 1 positional argument but 2 were given
[2024-11-18T10:10:39.395+0000] {helper_functions.py:87} ERROR - Error while extracting data for IR: concat() takes 1 positional argument but 2 were given
[2024-11-18T10:10:40.062+0000] {helper_functions.py:87} ERROR - Error while extracting data for PODD: concat() takes 1 positional argument but 2 were given
[2024-11-18T10:10:40.752+0000] {helper_functions.py:87} ERROR - Error while extracting data for INTC: concat() takes 1 positional argument but 2 were given
[2024-11-18T10:10:41.428+0000] {helper_functions.py:87} ERROR - Error while extracting data for ICE: concat() takes 1 positional argument but 2 were given
[2024-11-18T10:10:42.140+0000] {helper_functions.py:87} ERROR - Error while extracting data for IFF: concat() takes 1 positional argument but 2 were given
[2024-11-18T10:10:42.789+0000] {helper_functions.py:87} ERROR - Error while extracting data for IP: concat() takes 1 positional argument but 2 were given
[2024-11-18T10:10:43.455+0000] {helper_functions.py:87} ERROR - Error while extracting data for IPG: concat() takes 1 positional argument but 2 were given
[2024-11-18T10:10:44.102+0000] {helper_functions.py:87} ERROR - Error while extracting data for INTU: concat() takes 1 positional argument but 2 were given
[2024-11-18T10:10:44.747+0000] {helper_functions.py:87} ERROR - Error while extracting data for ISRG: concat() takes 1 positional argument but 2 were given
[2024-11-18T10:10:45.455+0000] {helper_functions.py:87} ERROR - Error while extracting data for IVZ: concat() takes 1 positional argument but 2 were given
[2024-11-18T10:10:46.074+0000] {helper_functions.py:87} ERROR - Error while extracting data for INVH: concat() takes 1 positional argument but 2 were given
[2024-11-18T10:10:46.750+0000] {helper_functions.py:87} ERROR - Error while extracting data for IQV: concat() takes 1 positional argument but 2 were given
[2024-11-18T10:10:47.416+0000] {helper_functions.py:87} ERROR - Error while extracting data for IRM: concat() takes 1 positional argument but 2 were given
[2024-11-18T10:10:48.093+0000] {helper_functions.py:87} ERROR - Error while extracting data for JBHT: concat() takes 1 positional argument but 2 were given
[2024-11-18T10:10:48.744+0000] {helper_functions.py:87} ERROR - Error while extracting data for JBL: concat() takes 1 positional argument but 2 were given
[2024-11-18T10:10:49.418+0000] {helper_functions.py:87} ERROR - Error while extracting data for JKHY: concat() takes 1 positional argument but 2 were given
[2024-11-18T10:10:50.107+0000] {helper_functions.py:87} ERROR - Error while extracting data for J: concat() takes 1 positional argument but 2 were given
[2024-11-18T10:10:50.782+0000] {helper_functions.py:87} ERROR - Error while extracting data for JNJ: concat() takes 1 positional argument but 2 were given
[2024-11-18T10:10:51.464+0000] {helper_functions.py:87} ERROR - Error while extracting data for JCI: concat() takes 1 positional argument but 2 were given
[2024-11-18T10:10:52.132+0000] {helper_functions.py:87} ERROR - Error while extracting data for JPM: concat() takes 1 positional argument but 2 were given
[2024-11-18T10:10:52.764+0000] {helper_functions.py:87} ERROR - Error while extracting data for JNPR: concat() takes 1 positional argument but 2 were given
[2024-11-18T10:10:53.433+0000] {helper_functions.py:87} ERROR - Error while extracting data for K: concat() takes 1 positional argument but 2 were given
[2024-11-18T10:10:53.831+0000] {helper_functions.py:87} ERROR - Error while extracting data for KVUE: 'date'
[2024-11-18T10:10:54.593+0000] {helper_functions.py:87} ERROR - Error while extracting data for KDP: concat() takes 1 positional argument but 2 were given
[2024-11-18T10:10:55.260+0000] {helper_functions.py:87} ERROR - Error while extracting data for KEY: concat() takes 1 positional argument but 2 were given
[2024-11-18T10:10:55.919+0000] {helper_functions.py:87} ERROR - Error while extracting data for KEYS: concat() takes 1 positional argument but 2 were given
[2024-11-18T10:10:56.892+0000] {helper_functions.py:87} ERROR - Error while extracting data for KMB: concat() takes 1 positional argument but 2 were given
[2024-11-18T10:10:57.584+0000] {helper_functions.py:87} ERROR - Error while extracting data for KIM: concat() takes 1 positional argument but 2 were given
[2024-11-18T10:10:58.246+0000] {helper_functions.py:87} ERROR - Error while extracting data for KMI: concat() takes 1 positional argument but 2 were given
[2024-11-18T10:10:58.959+0000] {helper_functions.py:87} ERROR - Error while extracting data for KKR: concat() takes 1 positional argument but 2 were given
[2024-11-18T10:11:00.070+0000] {helper_functions.py:87} ERROR - Error while extracting data for KLAC: concat() takes 1 positional argument but 2 were given
[2024-11-18T10:11:00.775+0000] {helper_functions.py:87} ERROR - Error while extracting data for KHC: concat() takes 1 positional argument but 2 were given
[2024-11-18T10:11:01.491+0000] {helper_functions.py:87} ERROR - Error while extracting data for KR: concat() takes 1 positional argument but 2 were given
[2024-11-18T10:11:02.161+0000] {helper_functions.py:87} ERROR - Error while extracting data for LHX: concat() takes 1 positional argument but 2 were given
[2024-11-18T10:11:02.821+0000] {helper_functions.py:87} ERROR - Error while extracting data for LH: concat() takes 1 positional argument but 2 were given
[2024-11-18T10:11:03.589+0000] {helper_functions.py:87} ERROR - Error while extracting data for LRCX: concat() takes 1 positional argument but 2 were given
[2024-11-18T10:11:04.227+0000] {helper_functions.py:87} ERROR - Error while extracting data for LW: concat() takes 1 positional argument but 2 were given
[2024-11-18T10:11:04.922+0000] {helper_functions.py:87} ERROR - Error while extracting data for LVS: concat() takes 1 positional argument but 2 were given
[2024-11-18T10:11:05.616+0000] {helper_functions.py:87} ERROR - Error while extracting data for LDOS: concat() takes 1 positional argument but 2 were given
[2024-11-18T10:11:06.314+0000] {helper_functions.py:87} ERROR - Error while extracting data for LEN: concat() takes 1 positional argument but 2 were given
[2024-11-18T10:11:07.001+0000] {helper_functions.py:87} ERROR - Error while extracting data for LLY: concat() takes 1 positional argument but 2 were given
[2024-11-18T10:11:08.358+0000] {helper_functions.py:87} ERROR - Error while extracting data for LIN: concat() takes 1 positional argument but 2 were given
[2024-11-18T10:11:09.000+0000] {helper_functions.py:87} ERROR - Error while extracting data for LYV: concat() takes 1 positional argument but 2 were given
[2024-11-18T10:11:09.689+0000] {helper_functions.py:87} ERROR - Error while extracting data for LKQ: concat() takes 1 positional argument but 2 were given
[2024-11-18T10:11:11.793+0000] {helper_functions.py:87} ERROR - Error while extracting data for LMT: concat() takes 1 positional argument but 2 were given
[2024-11-18T10:11:12.437+0000] {helper_functions.py:87} ERROR - Error while extracting data for L: concat() takes 1 positional argument but 2 were given
[2024-11-18T10:11:13.084+0000] {helper_functions.py:87} ERROR - Error while extracting data for LOW: concat() takes 1 positional argument but 2 were given
[2024-11-18T10:11:13.908+0000] {helper_functions.py:87} ERROR - Error while extracting data for LULU: concat() takes 1 positional argument but 2 were given
[2024-11-18T10:11:14.584+0000] {helper_functions.py:87} ERROR - Error while extracting data for LYB: concat() takes 1 positional argument but 2 were given
[2024-11-18T10:11:15.307+0000] {helper_functions.py:87} ERROR - Error while extracting data for MTB: concat() takes 1 positional argument but 2 were given
[2024-11-18T10:11:15.989+0000] {helper_functions.py:87} ERROR - Error while extracting data for MRO: concat() takes 1 positional argument but 2 were given
[2024-11-18T10:11:16.650+0000] {helper_functions.py:87} ERROR - Error while extracting data for MPC: concat() takes 1 positional argument but 2 were given
[2024-11-18T10:11:17.325+0000] {helper_functions.py:87} ERROR - Error while extracting data for MKTX: concat() takes 1 positional argument but 2 were given
[2024-11-18T10:11:17.978+0000] {helper_functions.py:87} ERROR - Error while extracting data for MAR: concat() takes 1 positional argument but 2 were given
[2024-11-18T10:11:18.655+0000] {helper_functions.py:87} ERROR - Error while extracting data for MMC: concat() takes 1 positional argument but 2 were given
[2024-11-18T10:11:19.317+0000] {helper_functions.py:87} ERROR - Error while extracting data for MLM: concat() takes 1 positional argument but 2 were given
[2024-11-18T10:11:20.471+0000] {helper_functions.py:87} ERROR - Error while extracting data for MAS: concat() takes 1 positional argument but 2 were given
[2024-11-18T10:11:21.119+0000] {helper_functions.py:87} ERROR - Error while extracting data for MA: concat() takes 1 positional argument but 2 were given
[2024-11-18T10:11:21.766+0000] {helper_functions.py:87} ERROR - Error while extracting data for MTCH: concat() takes 1 positional argument but 2 were given
[2024-11-18T10:11:22.421+0000] {helper_functions.py:87} ERROR - Error while extracting data for MKC: concat() takes 1 positional argument but 2 were given
[2024-11-18T10:11:23.128+0000] {helper_functions.py:87} ERROR - Error while extracting data for MCD: concat() takes 1 positional argument but 2 were given
[2024-11-18T10:11:23.805+0000] {helper_functions.py:87} ERROR - Error while extracting data for MCK: concat() takes 1 positional argument but 2 were given
[2024-11-18T10:11:24.477+0000] {helper_functions.py:87} ERROR - Error while extracting data for MDT: concat() takes 1 positional argument but 2 were given
[2024-11-18T10:11:25.136+0000] {helper_functions.py:87} ERROR - Error while extracting data for MRK: concat() takes 1 positional argument but 2 were given
[2024-11-18T10:11:26.108+0000] {helper_functions.py:87} ERROR - Error while extracting data for META: concat() takes 1 positional argument but 2 were given
[2024-11-18T10:11:26.785+0000] {helper_functions.py:87} ERROR - Error while extracting data for MET: concat() takes 1 positional argument but 2 were given
[2024-11-18T10:11:27.542+0000] {helper_functions.py:87} ERROR - Error while extracting data for MTD: concat() takes 1 positional argument but 2 were given
[2024-11-18T10:11:28.259+0000] {helper_functions.py:87} ERROR - Error while extracting data for MGM: concat() takes 1 positional argument but 2 were given
[2024-11-18T10:11:28.965+0000] {helper_functions.py:87} ERROR - Error while extracting data for MCHP: concat() takes 1 positional argument but 2 were given
[2024-11-18T10:11:29.667+0000] {helper_functions.py:87} ERROR - Error while extracting data for MU: concat() takes 1 positional argument but 2 were given
[2024-11-18T10:11:30.335+0000] {helper_functions.py:87} ERROR - Error while extracting data for MSFT: concat() takes 1 positional argument but 2 were given
[2024-11-18T10:11:31.012+0000] {helper_functions.py:87} ERROR - Error while extracting data for MAA: concat() takes 1 positional argument but 2 were given
[2024-11-18T10:11:31.526+0000] {helper_functions.py:87} ERROR - Error while extracting data for MRNA: concat() takes 1 positional argument but 2 were given
[2024-11-18T10:11:31.964+0000] {local_task_job_runner.py:346} WARNING - State of this instance has been externally set to failed. Terminating instance.
[2024-11-18T10:11:31.972+0000] {local_task_job_runner.py:245} INFO - ::endgroup::
[2024-11-18T10:11:31.979+0000] {process_utils.py:132} INFO - Sending 15 to group 1407. PIDs of all processes in the group: [1407]
[2024-11-18T10:11:31.981+0000] {process_utils.py:87} INFO - Sending the signal 15 to group 1407
[2024-11-18T10:11:31.983+0000] {taskinstance.py:3093} ERROR - Received SIGTERM. Terminating subprocesses.
[2024-11-18T10:11:32.008+0000] {taskinstance.py:340} INFO - ::group::Post task execution logs
[2024-11-18T10:11:32.197+0000] {process_utils.py:80} INFO - Process psutil.Process(pid=1407, status='terminated', exitcode=0, started='10:07:38') (1407) terminated with exit code 0
