[2023-03-29 03:52:29,667] {taskinstance.py:1032} INFO - Dependencies all met for <TaskInstance: SP_500_DATA_PIPELINE_v2.ingest_to_gcs manual__2023-03-29T03:52:08.899292+00:00 [queued]>
[2023-03-29 03:52:29,719] {taskinstance.py:1032} INFO - Dependencies all met for <TaskInstance: SP_500_DATA_PIPELINE_v2.ingest_to_gcs manual__2023-03-29T03:52:08.899292+00:00 [queued]>
[2023-03-29 03:52:29,721] {taskinstance.py:1238} INFO - 
--------------------------------------------------------------------------------
[2023-03-29 03:52:29,723] {taskinstance.py:1239} INFO - Starting attempt 1 of 3
[2023-03-29 03:52:29,724] {taskinstance.py:1240} INFO - 
--------------------------------------------------------------------------------
[2023-03-29 03:52:29,771] {taskinstance.py:1259} INFO - Executing <Task(PythonOperator): ingest_to_gcs> on 2023-03-29 03:52:08.899292+00:00
[2023-03-29 03:52:29,780] {standard_task_runner.py:52} INFO - Started process 1483 to run task
[2023-03-29 03:52:29,790] {standard_task_runner.py:76} INFO - Running: ['***', 'tasks', 'run', 'SP_500_DATA_PIPELINE_v2', 'ingest_to_gcs', 'manual__2023-03-29T03:52:08.899292+00:00', '--job-id', '71', '--raw', '--subdir', 'DAGS_FOLDER/first_dag.py', '--cfg-path', '/tmp/tmpbndyqi8g', '--error-file', '/tmp/tmpvnrgjxjt']
[2023-03-29 03:52:29,794] {standard_task_runner.py:77} INFO - Job 71: Subtask ingest_to_gcs
[2023-03-29 03:52:29,990] {logging_mixin.py:109} INFO - Running <TaskInstance: SP_500_DATA_PIPELINE_v2.ingest_to_gcs manual__2023-03-29T03:52:08.899292+00:00 [running]> on host 5ebc180c7cc0
[2023-03-29 03:52:30,210] {taskinstance.py:1426} INFO - Exporting the following env vars:
AIRFLOW_CTX_DAG_EMAIL=
AIRFLOW_CTX_DAG_OWNER=me
AIRFLOW_CTX_DAG_ID=SP_500_DATA_PIPELINE_v2
AIRFLOW_CTX_TASK_ID=ingest_to_gcs
AIRFLOW_CTX_EXECUTION_DATE=2023-03-29T03:52:08.899292+00:00
AIRFLOW_CTX_DAG_RUN_ID=manual__2023-03-29T03:52:08.899292+00:00
[2023-03-29 03:52:31,057] {logging_mixin.py:109} INFO - File sp_500_data.csv locally and  uploaded to nput-data/sp_500_data.csv in bucket dtc_data_lake_dataengineering-378316.
[2023-03-29 03:52:31,060] {python.py:175} INFO - Done. Returned value was: None
[2023-03-29 03:52:31,097] {taskinstance.py:1277} INFO - Marking task as SUCCESS. dag_id=SP_500_DATA_PIPELINE_v2, task_id=ingest_to_gcs, execution_date=20230329T035208, start_date=20230329T035229, end_date=20230329T035231
[2023-03-29 03:52:31,177] {local_task_job.py:154} INFO - Task exited with return code 0
[2023-03-29 03:52:31,276] {local_task_job.py:264} INFO - 0 downstream tasks scheduled from follow-on schedule check
