[2023-03-29 03:44:25,132] {taskinstance.py:1032} INFO - Dependencies all met for <TaskInstance: SP_500_DATA_PIPELINE_v2.ingest_to_gcs manual__2023-03-29T03:43:50.096948+00:00 [queued]>
[2023-03-29 03:44:25,265] {taskinstance.py:1032} INFO - Dependencies all met for <TaskInstance: SP_500_DATA_PIPELINE_v2.ingest_to_gcs manual__2023-03-29T03:43:50.096948+00:00 [queued]>
[2023-03-29 03:44:25,268] {taskinstance.py:1238} INFO - 
--------------------------------------------------------------------------------
[2023-03-29 03:44:25,271] {taskinstance.py:1239} INFO - Starting attempt 1 of 3
[2023-03-29 03:44:25,273] {taskinstance.py:1240} INFO - 
--------------------------------------------------------------------------------
[2023-03-29 03:44:25,378] {taskinstance.py:1259} INFO - Executing <Task(PythonOperator): ingest_to_gcs> on 2023-03-29 03:43:50.096948+00:00
[2023-03-29 03:44:25,433] {standard_task_runner.py:52} INFO - Started process 398 to run task
[2023-03-29 03:44:25,447] {standard_task_runner.py:76} INFO - Running: ['***', 'tasks', 'run', 'SP_500_DATA_PIPELINE_v2', 'ingest_to_gcs', 'manual__2023-03-29T03:43:50.096948+00:00', '--job-id', '60', '--raw', '--subdir', 'DAGS_FOLDER/first_dag.py', '--cfg-path', '/tmp/tmph3f8579c', '--error-file', '/tmp/tmp6z6q3mcc']
[2023-03-29 03:44:25,454] {standard_task_runner.py:77} INFO - Job 60: Subtask ingest_to_gcs
[2023-03-29 03:44:25,707] {logging_mixin.py:109} INFO - Running <TaskInstance: SP_500_DATA_PIPELINE_v2.ingest_to_gcs manual__2023-03-29T03:43:50.096948+00:00 [running]> on host 5ebc180c7cc0
[2023-03-29 03:44:25,967] {taskinstance.py:1426} INFO - Exporting the following env vars:
AIRFLOW_CTX_DAG_EMAIL=
AIRFLOW_CTX_DAG_OWNER=me
AIRFLOW_CTX_DAG_ID=SP_500_DATA_PIPELINE_v2
AIRFLOW_CTX_TASK_ID=ingest_to_gcs
AIRFLOW_CTX_EXECUTION_DATE=2023-03-29T03:43:50.096948+00:00
AIRFLOW_CTX_DAG_RUN_ID=manual__2023-03-29T03:43:50.096948+00:00
[2023-03-29 03:44:26,818] {logging_mixin.py:109} INFO - File sp_500_data.csv locally and  uploaded to gs://dtc_data_lake_dataengineering-378316/input-data/sp_500_data.csv in bucket dtc_data_lake_dataengineering-378316.
[2023-03-29 03:44:26,821] {python.py:175} INFO - Done. Returned value was: None
[2023-03-29 03:44:26,857] {taskinstance.py:1277} INFO - Marking task as SUCCESS. dag_id=SP_500_DATA_PIPELINE_v2, task_id=ingest_to_gcs, execution_date=20230329T034350, start_date=20230329T034425, end_date=20230329T034426
[2023-03-29 03:44:27,022] {local_task_job.py:154} INFO - Task exited with return code 0
[2023-03-29 03:44:27,143] {local_task_job.py:264} INFO - 0 downstream tasks scheduled from follow-on schedule check
