[2023-03-29 13:29:02,390] {taskinstance.py:1032} INFO - Dependencies all met for <TaskInstance: SP_500_DATA_PIPELINE_v2.extract_data_task manual__2023-03-29T13:28:56.910609+00:00 [queued]>
[2023-03-29 13:29:02,441] {taskinstance.py:1032} INFO - Dependencies all met for <TaskInstance: SP_500_DATA_PIPELINE_v2.extract_data_task manual__2023-03-29T13:28:56.910609+00:00 [queued]>
[2023-03-29 13:29:02,443] {taskinstance.py:1238} INFO - 
--------------------------------------------------------------------------------
[2023-03-29 13:29:02,446] {taskinstance.py:1239} INFO - Starting attempt 1 of 3
[2023-03-29 13:29:02,448] {taskinstance.py:1240} INFO - 
--------------------------------------------------------------------------------
[2023-03-29 13:29:02,512] {taskinstance.py:1259} INFO - Executing <Task(PythonOperator): extract_data_task> on 2023-03-29 13:28:56.910609+00:00
[2023-03-29 13:29:02,529] {standard_task_runner.py:52} INFO - Started process 13732 to run task
[2023-03-29 13:29:02,552] {standard_task_runner.py:76} INFO - Running: ['***', 'tasks', 'run', 'SP_500_DATA_PIPELINE_v2', 'extract_data_task', 'manual__2023-03-29T13:28:56.910609+00:00', '--job-id', '107', '--raw', '--subdir', 'DAGS_FOLDER/first_dag.py', '--cfg-path', '/tmp/tmp1dp7fbqn', '--error-file', '/tmp/tmpkxk6vk_6']
[2023-03-29 13:29:02,556] {standard_task_runner.py:77} INFO - Job 107: Subtask extract_data_task
[2023-03-29 13:29:02,707] {logging_mixin.py:109} INFO - Running <TaskInstance: SP_500_DATA_PIPELINE_v2.extract_data_task manual__2023-03-29T13:28:56.910609+00:00 [running]> on host 5ebc180c7cc0
[2023-03-29 13:29:02,940] {taskinstance.py:1426} INFO - Exporting the following env vars:
AIRFLOW_CTX_DAG_EMAIL=
AIRFLOW_CTX_DAG_OWNER=me
AIRFLOW_CTX_DAG_ID=SP_500_DATA_PIPELINE_v2
AIRFLOW_CTX_TASK_ID=extract_data_task
AIRFLOW_CTX_EXECUTION_DATE=2023-03-29T13:28:56.910609+00:00
AIRFLOW_CTX_DAG_RUN_ID=manual__2023-03-29T13:28:56.910609+00:00
[2023-03-29 13:29:07,400] {warnings.py:110} WARNING - /home/***/.local/lib/python3.7/site-packages/pandas_datareader/tiingo.py:234: FutureWarning: In a future version of pandas all arguments of concat except for the argument 'objs' will be keyword-only
  return pd.concat(dfs, self._concat_axis)

[2023-03-29 13:29:07,456] {logging_mixin.py:109} INFO - ingestion from api completed
[2023-03-29 13:29:07,593] {logging_mixin.py:109} INFO - file has been saved at :sp_500_data.csv
[2023-03-29 13:29:07,595] {logging_mixin.py:109} INFO - sp_500_data.csv
[2023-03-29 13:29:07,598] {python.py:175} INFO - Done. Returned value was: None
[2023-03-29 13:29:07,641] {taskinstance.py:1277} INFO - Marking task as SUCCESS. dag_id=SP_500_DATA_PIPELINE_v2, task_id=extract_data_task, execution_date=20230329T132856, start_date=20230329T132902, end_date=20230329T132907
[2023-03-29 13:29:07,761] {local_task_job.py:154} INFO - Task exited with return code 0
[2023-03-29 13:29:07,904] {local_task_job.py:264} INFO - 1 downstream tasks scheduled from follow-on schedule check
