[2023-03-29 04:08:38,675] {taskinstance.py:1032} INFO - Dependencies all met for <TaskInstance: SP_500_DATA_PIPELINE_v2.extract_data_task manual__2023-03-29T04:08:32.555285+00:00 [queued]>
[2023-03-29 04:08:38,737] {taskinstance.py:1032} INFO - Dependencies all met for <TaskInstance: SP_500_DATA_PIPELINE_v2.extract_data_task manual__2023-03-29T04:08:32.555285+00:00 [queued]>
[2023-03-29 04:08:38,741] {taskinstance.py:1238} INFO - 
--------------------------------------------------------------------------------
[2023-03-29 04:08:38,744] {taskinstance.py:1239} INFO - Starting attempt 1 of 3
[2023-03-29 04:08:38,747] {taskinstance.py:1240} INFO - 
--------------------------------------------------------------------------------
[2023-03-29 04:08:38,858] {taskinstance.py:1259} INFO - Executing <Task(PythonOperator): extract_data_task> on 2023-03-29 04:08:32.555285+00:00
[2023-03-29 04:08:38,891] {standard_task_runner.py:52} INFO - Started process 2739 to run task
[2023-03-29 04:08:38,900] {standard_task_runner.py:76} INFO - Running: ['***', 'tasks', 'run', 'SP_500_DATA_PIPELINE_v2', 'extract_data_task', 'manual__2023-03-29T04:08:32.555285+00:00', '--job-id', '77', '--raw', '--subdir', 'DAGS_FOLDER/first_dag.py', '--cfg-path', '/tmp/tmp7i5mn4dw', '--error-file', '/tmp/tmpk5u3jl7q']
[2023-03-29 04:08:38,916] {standard_task_runner.py:77} INFO - Job 77: Subtask extract_data_task
[2023-03-29 04:08:39,065] {logging_mixin.py:109} INFO - Running <TaskInstance: SP_500_DATA_PIPELINE_v2.extract_data_task manual__2023-03-29T04:08:32.555285+00:00 [running]> on host 5ebc180c7cc0
[2023-03-29 04:08:39,226] {taskinstance.py:1426} INFO - Exporting the following env vars:
AIRFLOW_CTX_DAG_EMAIL=
AIRFLOW_CTX_DAG_OWNER=me
AIRFLOW_CTX_DAG_ID=SP_500_DATA_PIPELINE_v2
AIRFLOW_CTX_TASK_ID=extract_data_task
AIRFLOW_CTX_EXECUTION_DATE=2023-03-29T04:08:32.555285+00:00
AIRFLOW_CTX_DAG_RUN_ID=manual__2023-03-29T04:08:32.555285+00:00
[2023-03-29 04:08:43,628] {warnings.py:110} WARNING - /home/***/.local/lib/python3.7/site-packages/pandas_datareader/tiingo.py:234: FutureWarning: In a future version of pandas all arguments of concat except for the argument 'objs' will be keyword-only
  return pd.concat(dfs, self._concat_axis)

[2023-03-29 04:08:43,779] {logging_mixin.py:109} INFO - ingestion from api completed
[2023-03-29 04:08:43,885] {logging_mixin.py:109} INFO - file has been saved at :sp_500_data.csv
[2023-03-29 04:08:43,887] {logging_mixin.py:109} INFO - sp_500_data.csv
[2023-03-29 04:08:43,890] {python.py:175} INFO - Done. Returned value was: None
[2023-03-29 04:08:43,934] {taskinstance.py:1277} INFO - Marking task as SUCCESS. dag_id=SP_500_DATA_PIPELINE_v2, task_id=extract_data_task, execution_date=20230329T040832, start_date=20230329T040838, end_date=20230329T040843
[2023-03-29 04:08:44,074] {local_task_job.py:154} INFO - Task exited with return code 0
[2023-03-29 04:08:44,422] {local_task_job.py:264} INFO - 0 downstream tasks scheduled from follow-on schedule check
