[2023-03-29 01:19:53,649] {taskinstance.py:1032} INFO - Dependencies all met for <TaskInstance: SP_500_DATA_PIPELINE_v2.ingest_to_gcs manual__2023-03-29T01:19:37.091527+00:00 [queued]>
[2023-03-29 01:19:53,695] {taskinstance.py:1032} INFO - Dependencies all met for <TaskInstance: SP_500_DATA_PIPELINE_v2.ingest_to_gcs manual__2023-03-29T01:19:37.091527+00:00 [queued]>
[2023-03-29 01:19:53,697] {taskinstance.py:1238} INFO - 
--------------------------------------------------------------------------------
[2023-03-29 01:19:53,699] {taskinstance.py:1239} INFO - Starting attempt 1 of 3
[2023-03-29 01:19:53,701] {taskinstance.py:1240} INFO - 
--------------------------------------------------------------------------------
[2023-03-29 01:19:53,743] {taskinstance.py:1259} INFO - Executing <Task(PythonOperator): ingest_to_gcs> on 2023-03-29 01:19:37.091527+00:00
[2023-03-29 01:19:53,753] {standard_task_runner.py:52} INFO - Started process 3468 to run task
[2023-03-29 01:19:53,763] {standard_task_runner.py:76} INFO - Running: ['***', 'tasks', 'run', 'SP_500_DATA_PIPELINE_v2', 'ingest_to_gcs', 'manual__2023-03-29T01:19:37.091527+00:00', '--job-id', '52', '--raw', '--subdir', 'DAGS_FOLDER/first_dag.py', '--cfg-path', '/tmp/tmplist8xq_', '--error-file', '/tmp/tmplhj4kwcn']
[2023-03-29 01:19:53,767] {standard_task_runner.py:77} INFO - Job 52: Subtask ingest_to_gcs
[2023-03-29 01:19:53,892] {logging_mixin.py:109} INFO - Running <TaskInstance: SP_500_DATA_PIPELINE_v2.ingest_to_gcs manual__2023-03-29T01:19:37.091527+00:00 [running]> on host 67d8effe805a
[2023-03-29 01:19:54,034] {taskinstance.py:1426} INFO - Exporting the following env vars:
AIRFLOW_CTX_DAG_EMAIL=
AIRFLOW_CTX_DAG_OWNER=me
AIRFLOW_CTX_DAG_ID=SP_500_DATA_PIPELINE_v2
AIRFLOW_CTX_TASK_ID=ingest_to_gcs
AIRFLOW_CTX_EXECUTION_DATE=2023-03-29T01:19:37.091527+00:00
AIRFLOW_CTX_DAG_RUN_ID=manual__2023-03-29T01:19:37.091527+00:00
[2023-03-29 01:19:54,764] {logging_mixin.py:109} INFO - File sp_500_data.csv locally and  uploaded to input-data/sp_500_data.csv in bucket dtc_data_lake_dataengineering-378316.
[2023-03-29 01:19:54,766] {python.py:175} INFO - Done. Returned value was: None
[2023-03-29 01:19:54,810] {taskinstance.py:1277} INFO - Marking task as SUCCESS. dag_id=SP_500_DATA_PIPELINE_v2, task_id=ingest_to_gcs, execution_date=20230329T011937, start_date=20230329T011953, end_date=20230329T011954
[2023-03-29 01:19:54,877] {local_task_job.py:154} INFO - Task exited with return code 0
[2023-03-29 01:19:54,983] {local_task_job.py:264} INFO - 0 downstream tasks scheduled from follow-on schedule check
