[2024-11-18T09:36:28.623+0000] {local_task_job_runner.py:123} INFO - ::group::Pre task execution logs
[2024-11-18T09:36:28.635+0000] {taskinstance.py:2613} INFO - Dependencies all met for dep_context=non-requeueable deps ti=<TaskInstance: SP_500_DATA_PIPELINE_v1.extract_data_task manual__2024-11-18T09:36:25.425367+00:00 [queued]>
[2024-11-18T09:36:28.642+0000] {taskinstance.py:2613} INFO - Dependencies all met for dep_context=requeueable deps ti=<TaskInstance: SP_500_DATA_PIPELINE_v1.extract_data_task manual__2024-11-18T09:36:25.425367+00:00 [queued]>
[2024-11-18T09:36:28.643+0000] {taskinstance.py:2866} INFO - Starting attempt 1 of 3
[2024-11-18T09:36:28.651+0000] {taskinstance.py:2889} INFO - Executing <Task(PythonOperator): extract_data_task> on 2024-11-18 09:36:25.425367+00:00
[2024-11-18T09:36:28.657+0000] {warnings.py:112} WARNING - /home/***/.local/lib/python3.12/site-packages/***/task/task_runner/standard_task_runner.py:70: DeprecationWarning: This process (pid=524) is multi-threaded, use of fork() may lead to deadlocks in the child.
  pid = os.fork()

[2024-11-18T09:36:28.659+0000] {standard_task_runner.py:72} INFO - Started process 525 to run task
[2024-11-18T09:36:28.660+0000] {standard_task_runner.py:104} INFO - Running: ['***', 'tasks', 'run', 'SP_500_DATA_PIPELINE_v1', 'extract_data_task', 'manual__2024-11-18T09:36:25.425367+00:00', '--job-id', '11', '--raw', '--subdir', 'DAGS_FOLDER/sp_500_data_processing_dag.py', '--cfg-path', '/tmp/tmpibdur6jm']
[2024-11-18T09:36:28.663+0000] {standard_task_runner.py:105} INFO - Job 11: Subtask extract_data_task
[2024-11-18T09:36:28.674+0000] {warnings.py:112} WARNING - /home/***/.local/lib/python3.12/site-packages/***/settings.py:209: DeprecationWarning: The sql_alchemy_conn option in [core] has been moved to the sql_alchemy_conn option in [database] - the old setting has been used, but please update your config.
  SQL_ALCHEMY_CONN = conf.get("database", "SQL_ALCHEMY_CONN")

[2024-11-18T09:36:28.700+0000] {task_command.py:467} INFO - Running <TaskInstance: SP_500_DATA_PIPELINE_v1.extract_data_task manual__2024-11-18T09:36:25.425367+00:00 [running]> on host 9db2eae589c0
[2024-11-18T09:36:28.750+0000] {taskinstance.py:3132} INFO - Exporting env vars: AIRFLOW_CTX_DAG_EMAIL='' AIRFLOW_CTX_DAG_OWNER='me' AIRFLOW_CTX_DAG_ID='SP_500_DATA_PIPELINE_v1' AIRFLOW_CTX_TASK_ID='extract_data_task' AIRFLOW_CTX_EXECUTION_DATE='2024-11-18T09:36:25.425367+00:00' AIRFLOW_CTX_TRY_NUMBER='1' AIRFLOW_CTX_DAG_RUN_ID='manual__2024-11-18T09:36:25.425367+00:00'
[2024-11-18T09:36:28.751+0000] {taskinstance.py:731} INFO - ::endgroup::
[2024-11-18T09:36:29.912+0000] {helper_functions.py:87} ERROR - Error while extracting data for MMM: concat() takes 1 positional argument but 2 were given
[2024-11-18T09:36:30.598+0000] {helper_functions.py:87} ERROR - Error while extracting data for AOS: concat() takes 1 positional argument but 2 were given
[2024-11-18T09:36:31.263+0000] {helper_functions.py:87} ERROR - Error while extracting data for ABT: concat() takes 1 positional argument but 2 were given
[2024-11-18T09:36:31.920+0000] {helper_functions.py:87} ERROR - Error while extracting data for ABBV: concat() takes 1 positional argument but 2 were given
[2024-11-18T09:36:32.582+0000] {helper_functions.py:87} ERROR - Error while extracting data for ACN: concat() takes 1 positional argument but 2 were given
[2024-11-18T09:36:33.230+0000] {helper_functions.py:87} ERROR - Error while extracting data for ADBE: concat() takes 1 positional argument but 2 were given
[2024-11-18T09:36:33.899+0000] {helper_functions.py:87} ERROR - Error while extracting data for AMD: concat() takes 1 positional argument but 2 were given
[2024-11-18T09:36:34.577+0000] {helper_functions.py:87} ERROR - Error while extracting data for AES: concat() takes 1 positional argument but 2 were given
[2024-11-18T09:36:35.274+0000] {helper_functions.py:87} ERROR - Error while extracting data for AFL: concat() takes 1 positional argument but 2 were given
[2024-11-18T09:36:35.957+0000] {helper_functions.py:87} ERROR - Error while extracting data for A: concat() takes 1 positional argument but 2 were given
[2024-11-18T09:36:36.662+0000] {helper_functions.py:87} ERROR - Error while extracting data for APD: concat() takes 1 positional argument but 2 were given
[2024-11-18T09:36:36.965+0000] {helper_functions.py:87} ERROR - Error while extracting data for ABNB: concat() takes 1 positional argument but 2 were given
[2024-11-18T09:36:37.635+0000] {helper_functions.py:87} ERROR - Error while extracting data for AKAM: concat() takes 1 positional argument but 2 were given
[2024-11-18T09:36:38.330+0000] {helper_functions.py:87} ERROR - Error while extracting data for ALB: concat() takes 1 positional argument but 2 were given
[2024-11-18T09:36:38.992+0000] {helper_functions.py:87} ERROR - Error while extracting data for ARE: concat() takes 1 positional argument but 2 were given
[2024-11-18T09:36:39.666+0000] {helper_functions.py:87} ERROR - Error while extracting data for ALGN: concat() takes 1 positional argument but 2 were given
[2024-11-18T09:36:40.297+0000] {helper_functions.py:87} ERROR - Error while extracting data for ALLE: concat() takes 1 positional argument but 2 were given
[2024-11-18T09:36:40.990+0000] {helper_functions.py:87} ERROR - Error while extracting data for LNT: concat() takes 1 positional argument but 2 were given
[2024-11-18T09:36:41.625+0000] {helper_functions.py:87} ERROR - Error while extracting data for ALL: concat() takes 1 positional argument but 2 were given
[2024-11-18T09:36:42.279+0000] {helper_functions.py:87} ERROR - Error while extracting data for GOOGL: concat() takes 1 positional argument but 2 were given
[2024-11-18T09:36:42.946+0000] {helper_functions.py:87} ERROR - Error while extracting data for GOOG: concat() takes 1 positional argument but 2 were given
[2024-11-18T09:36:43.720+0000] {helper_functions.py:87} ERROR - Error while extracting data for MO: concat() takes 1 positional argument but 2 were given
[2024-11-18T09:36:44.375+0000] {helper_functions.py:87} ERROR - Error while extracting data for AMZN: concat() takes 1 positional argument but 2 were given
[2024-11-18T09:36:44.911+0000] {helper_functions.py:87} ERROR - Error while extracting data for AMCR: concat() takes 1 positional argument but 2 were given
[2024-11-18T09:36:45.232+0000] {helper_functions.py:87} ERROR - Error while extracting data for AMTM: 'date'
[2024-11-18T09:36:45.908+0000] {helper_functions.py:87} ERROR - Error while extracting data for AEE: concat() takes 1 positional argument but 2 were given
[2024-11-18T09:36:46.609+0000] {helper_functions.py:87} ERROR - Error while extracting data for AEP: concat() takes 1 positional argument but 2 were given
[2024-11-18T09:36:47.296+0000] {helper_functions.py:87} ERROR - Error while extracting data for AXP: concat() takes 1 positional argument but 2 were given
[2024-11-18T09:36:47.986+0000] {helper_functions.py:87} ERROR - Error while extracting data for AIG: concat() takes 1 positional argument but 2 were given
[2024-11-18T09:36:49.771+0000] {helper_functions.py:87} ERROR - Error while extracting data for AMT: concat() takes 1 positional argument but 2 were given
[2024-11-18T09:36:50.432+0000] {helper_functions.py:87} ERROR - Error while extracting data for AWK: concat() takes 1 positional argument but 2 were given
[2024-11-18T09:36:51.106+0000] {helper_functions.py:87} ERROR - Error while extracting data for AMP: concat() takes 1 positional argument but 2 were given
[2024-11-18T09:36:51.802+0000] {helper_functions.py:87} ERROR - Error while extracting data for AME: concat() takes 1 positional argument but 2 were given
[2024-11-18T09:36:52.462+0000] {helper_functions.py:87} ERROR - Error while extracting data for AMGN: concat() takes 1 positional argument but 2 were given
[2024-11-18T09:36:53.124+0000] {helper_functions.py:87} ERROR - Error while extracting data for APH: concat() takes 1 positional argument but 2 were given
[2024-11-18T09:36:54.220+0000] {helper_functions.py:87} ERROR - Error while extracting data for ADI: concat() takes 1 positional argument but 2 were given
[2024-11-18T09:36:54.900+0000] {helper_functions.py:87} ERROR - Error while extracting data for ANSS: concat() takes 1 positional argument but 2 were given
[2024-11-18T09:36:55.548+0000] {helper_functions.py:87} ERROR - Error while extracting data for AON: concat() takes 1 positional argument but 2 were given
[2024-11-18T09:36:56.204+0000] {helper_functions.py:87} ERROR - Error while extracting data for APA: concat() takes 1 positional argument but 2 were given
[2024-11-18T09:36:56.916+0000] {helper_functions.py:87} ERROR - Error while extracting data for AAPL: concat() takes 1 positional argument but 2 were given
[2024-11-18T09:36:57.610+0000] {helper_functions.py:87} ERROR - Error while extracting data for AMAT: concat() takes 1 positional argument but 2 were given
[2024-11-18T09:36:58.274+0000] {helper_functions.py:87} ERROR - Error while extracting data for APTV: concat() takes 1 positional argument but 2 were given
[2024-11-18T09:36:58.963+0000] {helper_functions.py:87} ERROR - Error while extracting data for ACGL: concat() takes 1 positional argument but 2 were given
[2024-11-18T09:36:59.644+0000] {helper_functions.py:87} ERROR - Error while extracting data for ADM: concat() takes 1 positional argument but 2 were given
[2024-11-18T09:37:00.321+0000] {helper_functions.py:87} ERROR - Error while extracting data for ANET: concat() takes 1 positional argument but 2 were given
[2024-11-18T09:37:00.972+0000] {helper_functions.py:87} ERROR - Error while extracting data for AJG: concat() takes 1 positional argument but 2 were given
[2024-11-18T09:37:01.673+0000] {helper_functions.py:87} ERROR - Error while extracting data for AIZ: concat() takes 1 positional argument but 2 were given
[2024-11-18T09:37:03.300+0000] {helper_functions.py:87} ERROR - Error while extracting data for T: concat() takes 1 positional argument but 2 were given
[2024-11-18T09:37:03.954+0000] {helper_functions.py:87} ERROR - Error while extracting data for ATO: concat() takes 1 positional argument but 2 were given
[2024-11-18T09:37:04.656+0000] {helper_functions.py:87} ERROR - Error while extracting data for ADSK: concat() takes 1 positional argument but 2 were given
[2024-11-18T09:37:05.368+0000] {helper_functions.py:87} ERROR - Error while extracting data for ADP: concat() takes 1 positional argument but 2 were given
[2024-11-18T09:37:06.030+0000] {helper_functions.py:87} ERROR - Error while extracting data for AZO: concat() takes 1 positional argument but 2 were given
[2024-11-18T09:37:06.685+0000] {helper_functions.py:87} ERROR - Error while extracting data for AVB: concat() takes 1 positional argument but 2 were given
[2024-11-18T09:37:07.347+0000] {helper_functions.py:87} ERROR - Error while extracting data for AVY: concat() takes 1 positional argument but 2 were given
[2024-11-18T09:37:08.019+0000] {helper_functions.py:87} ERROR - Error while extracting data for AXON: concat() takes 1 positional argument but 2 were given
[2024-11-18T09:37:08.604+0000] {helper_functions.py:87} ERROR - Error while extracting data for BKR: concat() takes 1 positional argument but 2 were given
[2024-11-18T09:37:09.262+0000] {helper_functions.py:87} ERROR - Error while extracting data for BALL: concat() takes 1 positional argument but 2 were given
[2024-11-18T09:37:09.926+0000] {helper_functions.py:87} ERROR - Error while extracting data for BAC: concat() takes 1 positional argument but 2 were given
[2024-11-18T09:37:10.565+0000] {helper_functions.py:87} ERROR - Error while extracting data for BAX: concat() takes 1 positional argument but 2 were given
[2024-11-18T09:37:11.239+0000] {helper_functions.py:87} ERROR - Error while extracting data for BDX: concat() takes 1 positional argument but 2 were given
[2024-11-18T09:37:12.419+0000] {helper_functions.py:87} ERROR - Error while extracting data for BRK.B: Unable to read URL: https://api.tiingo.com/tiingo/daily/BRK.B/prices?startDate=2015-01-01&endDate=2021-01-01&format=json
Response Text:
b'{"detail":"Error: Ticker \'BRK.B\' not found"}'
[2024-11-18T09:37:13.098+0000] {helper_functions.py:87} ERROR - Error while extracting data for BBY: concat() takes 1 positional argument but 2 were given
[2024-11-18T09:37:13.797+0000] {helper_functions.py:87} ERROR - Error while extracting data for TECH: concat() takes 1 positional argument but 2 were given
[2024-11-18T09:37:14.748+0000] {helper_functions.py:87} ERROR - Error while extracting data for BIIB: concat() takes 1 positional argument but 2 were given
[2024-11-18T09:37:15.436+0000] {helper_functions.py:87} ERROR - Error while extracting data for BLK: concat() takes 1 positional argument but 2 were given
[2024-11-18T09:37:16.284+0000] {helper_functions.py:87} ERROR - Error while extracting data for BX: concat() takes 1 positional argument but 2 were given
[2024-11-18T09:37:16.960+0000] {helper_functions.py:87} ERROR - Error while extracting data for BK: concat() takes 1 positional argument but 2 were given
[2024-11-18T09:37:17.685+0000] {helper_functions.py:87} ERROR - Error while extracting data for BA: concat() takes 1 positional argument but 2 were given
[2024-11-18T09:37:18.362+0000] {helper_functions.py:87} ERROR - Error while extracting data for BKNG: concat() takes 1 positional argument but 2 were given
[2024-11-18T09:37:18.994+0000] {helper_functions.py:87} ERROR - Error while extracting data for BWA: concat() takes 1 positional argument but 2 were given
[2024-11-18T09:37:19.671+0000] {helper_functions.py:87} ERROR - Error while extracting data for BSX: concat() takes 1 positional argument but 2 were given
[2024-11-18T09:37:20.339+0000] {helper_functions.py:87} ERROR - Error while extracting data for BMY: concat() takes 1 positional argument but 2 were given
[2024-11-18T09:37:21.035+0000] {helper_functions.py:87} ERROR - Error while extracting data for AVGO: concat() takes 1 positional argument but 2 were given
[2024-11-18T09:37:21.691+0000] {helper_functions.py:87} ERROR - Error while extracting data for BR: concat() takes 1 positional argument but 2 were given
[2024-11-18T09:37:22.396+0000] {helper_functions.py:87} ERROR - Error while extracting data for BRO: concat() takes 1 positional argument but 2 were given
[2024-11-18T09:37:23.539+0000] {helper_functions.py:87} ERROR - Error while extracting data for BF.B: Unable to read URL: https://api.tiingo.com/tiingo/daily/BF.B/prices?startDate=2015-01-01&endDate=2021-01-01&format=json
Response Text:
b'{"detail":"Error: Ticker \'BF.B\' not found"}'
[2024-11-18T09:37:24.206+0000] {helper_functions.py:87} ERROR - Error while extracting data for BLDR: concat() takes 1 positional argument but 2 were given
[2024-11-18T09:37:25.019+0000] {helper_functions.py:87} ERROR - Error while extracting data for BG: concat() takes 1 positional argument but 2 were given
[2024-11-18T09:37:25.686+0000] {helper_functions.py:87} ERROR - Error while extracting data for BXP: concat() takes 1 positional argument but 2 were given
[2024-11-18T09:37:26.327+0000] {helper_functions.py:87} ERROR - Error while extracting data for CHRW: concat() takes 1 positional argument but 2 were given
[2024-11-18T09:37:27.005+0000] {helper_functions.py:87} ERROR - Error while extracting data for CDNS: concat() takes 1 positional argument but 2 were given
[2024-11-18T09:37:27.690+0000] {helper_functions.py:87} ERROR - Error while extracting data for CZR: concat() takes 1 positional argument but 2 were given
[2024-11-18T09:37:28.386+0000] {helper_functions.py:87} ERROR - Error while extracting data for CPT: concat() takes 1 positional argument but 2 were given
[2024-11-18T09:37:29.035+0000] {helper_functions.py:87} ERROR - Error while extracting data for CPB: concat() takes 1 positional argument but 2 were given
[2024-11-18T09:37:29.693+0000] {helper_functions.py:87} ERROR - Error while extracting data for COF: concat() takes 1 positional argument but 2 were given
[2024-11-18T09:37:30.334+0000] {helper_functions.py:87} ERROR - Error while extracting data for CAH: concat() takes 1 positional argument but 2 were given
[2024-11-18T09:37:30.991+0000] {helper_functions.py:87} ERROR - Error while extracting data for KMX: concat() takes 1 positional argument but 2 were given
[2024-11-18T09:37:31.705+0000] {helper_functions.py:87} ERROR - Error while extracting data for CCL: concat() takes 1 positional argument but 2 were given
[2024-11-18T09:37:32.140+0000] {helper_functions.py:87} ERROR - Error while extracting data for CARR: concat() takes 1 positional argument but 2 were given
[2024-11-18T09:37:32.843+0000] {helper_functions.py:87} ERROR - Error while extracting data for CTLT: concat() takes 1 positional argument but 2 were given
[2024-11-18T09:37:33.521+0000] {helper_functions.py:87} ERROR - Error while extracting data for CAT: concat() takes 1 positional argument but 2 were given
[2024-11-18T09:37:34.243+0000] {helper_functions.py:87} ERROR - Error while extracting data for CBOE: concat() takes 1 positional argument but 2 were given
[2024-11-18T09:37:34.904+0000] {helper_functions.py:87} ERROR - Error while extracting data for CBRE: concat() takes 1 positional argument but 2 were given
[2024-11-18T09:37:35.559+0000] {helper_functions.py:87} ERROR - Error while extracting data for CDW: concat() takes 1 positional argument but 2 were given
[2024-11-18T09:37:36.225+0000] {helper_functions.py:87} ERROR - Error while extracting data for CE: concat() takes 1 positional argument but 2 were given
[2024-11-18T09:37:36.894+0000] {helper_functions.py:87} ERROR - Error while extracting data for COR: concat() takes 1 positional argument but 2 were given
[2024-11-18T09:37:37.571+0000] {helper_functions.py:87} ERROR - Error while extracting data for CNC: concat() takes 1 positional argument but 2 were given
[2024-11-18T09:37:38.229+0000] {helper_functions.py:87} ERROR - Error while extracting data for CNP: concat() takes 1 positional argument but 2 were given
[2024-11-18T09:37:38.908+0000] {helper_functions.py:87} ERROR - Error while extracting data for CF: concat() takes 1 positional argument but 2 were given
[2024-11-18T09:37:39.573+0000] {helper_functions.py:87} ERROR - Error while extracting data for CRL: concat() takes 1 positional argument but 2 were given
[2024-11-18T09:37:40.240+0000] {helper_functions.py:87} ERROR - Error while extracting data for SCHW: concat() takes 1 positional argument but 2 were given
[2024-11-18T09:37:40.906+0000] {helper_functions.py:87} ERROR - Error while extracting data for CHTR: concat() takes 1 positional argument but 2 were given
[2024-11-18T09:37:41.595+0000] {helper_functions.py:87} ERROR - Error while extracting data for CVX: concat() takes 1 positional argument but 2 were given
[2024-11-18T09:37:42.253+0000] {helper_functions.py:87} ERROR - Error while extracting data for CMG: concat() takes 1 positional argument but 2 were given
[2024-11-18T09:37:42.912+0000] {helper_functions.py:87} ERROR - Error while extracting data for CB: concat() takes 1 positional argument but 2 were given
[2024-11-18T09:37:43.602+0000] {helper_functions.py:87} ERROR - Error while extracting data for CHD: concat() takes 1 positional argument but 2 were given
[2024-11-18T09:37:44.264+0000] {helper_functions.py:87} ERROR - Error while extracting data for CI: concat() takes 1 positional argument but 2 were given
[2024-11-18T09:37:44.958+0000] {helper_functions.py:87} ERROR - Error while extracting data for CINF: concat() takes 1 positional argument but 2 were given
[2024-11-18T09:37:45.613+0000] {helper_functions.py:87} ERROR - Error while extracting data for CTAS: concat() takes 1 positional argument but 2 were given
[2024-11-18T09:37:46.271+0000] {helper_functions.py:87} ERROR - Error while extracting data for CSCO: concat() takes 1 positional argument but 2 were given
[2024-11-18T09:37:46.976+0000] {helper_functions.py:87} ERROR - Error while extracting data for C: concat() takes 1 positional argument but 2 were given
[2024-11-18T09:37:47.648+0000] {helper_functions.py:87} ERROR - Error while extracting data for CFG: concat() takes 1 positional argument but 2 were given
[2024-11-18T09:37:48.367+0000] {helper_functions.py:87} ERROR - Error while extracting data for CLX: concat() takes 1 positional argument but 2 were given
[2024-11-18T09:37:49.056+0000] {helper_functions.py:87} ERROR - Error while extracting data for CME: concat() takes 1 positional argument but 2 were given
[2024-11-18T09:37:49.743+0000] {helper_functions.py:87} ERROR - Error while extracting data for CMS: concat() takes 1 positional argument but 2 were given
[2024-11-18T09:37:50.385+0000] {helper_functions.py:87} ERROR - Error while extracting data for KO: concat() takes 1 positional argument but 2 were given
[2024-11-18T09:37:51.032+0000] {helper_functions.py:87} ERROR - Error while extracting data for CTSH: concat() takes 1 positional argument but 2 were given
[2024-11-18T09:37:51.745+0000] {helper_functions.py:87} ERROR - Error while extracting data for CL: concat() takes 1 positional argument but 2 were given
[2024-11-18T09:37:52.451+0000] {helper_functions.py:87} ERROR - Error while extracting data for CMCSA: concat() takes 1 positional argument but 2 were given
[2024-11-18T09:37:53.128+0000] {helper_functions.py:87} ERROR - Error while extracting data for CAG: concat() takes 1 positional argument but 2 were given
[2024-11-18T09:37:53.904+0000] {helper_functions.py:87} ERROR - Error while extracting data for COP: concat() takes 1 positional argument but 2 were given
[2024-11-18T09:37:54.564+0000] {helper_functions.py:87} ERROR - Error while extracting data for ED: concat() takes 1 positional argument but 2 were given
[2024-11-18T09:37:55.269+0000] {helper_functions.py:87} ERROR - Error while extracting data for STZ: concat() takes 1 positional argument but 2 were given
[2024-11-18T09:37:55.588+0000] {helper_functions.py:87} ERROR - Error while extracting data for CEG: 'date'
[2024-11-18T09:37:56.287+0000] {helper_functions.py:87} ERROR - Error while extracting data for COO: concat() takes 1 positional argument but 2 were given
[2024-11-18T09:37:56.950+0000] {helper_functions.py:87} ERROR - Error while extracting data for CPRT: concat() takes 1 positional argument but 2 were given
[2024-11-18T09:37:57.756+0000] {helper_functions.py:87} ERROR - Error while extracting data for GLW: concat() takes 1 positional argument but 2 were given
[2024-11-18T09:37:59.613+0000] {local_task_job_runner.py:346} WARNING - State of this instance has been externally set to failed. Terminating instance.
[2024-11-18T09:37:59.623+0000] {local_task_job_runner.py:245} INFO - ::endgroup::
[2024-11-18T09:37:59.631+0000] {process_utils.py:132} INFO - Sending 15 to group 525. PIDs of all processes in the group: [525]
[2024-11-18T09:37:59.635+0000] {process_utils.py:87} INFO - Sending the signal 15 to group 525
[2024-11-18T09:37:59.639+0000] {taskinstance.py:3093} ERROR - Received SIGTERM. Terminating subprocesses.
[2024-11-18T09:37:59.671+0000] {taskinstance.py:340} INFO - ::group::Post task execution logs
[2024-11-18T09:37:59.734+0000] {process_utils.py:80} INFO - Process psutil.Process(pid=525, status='terminated', exitcode=0, started='09:36:27') (525) terminated with exit code 0
