[2023-03-29 16:19:32,405] {taskinstance.py:1032} INFO - Dependencies all met for <TaskInstance: SP_500_DATA_PIPELINE_v1.ingest_to_gcs manual__2023-03-29T16:19:14.052251+00:00 [queued]>
[2023-03-29 16:19:32,456] {taskinstance.py:1032} INFO - Dependencies all met for <TaskInstance: SP_500_DATA_PIPELINE_v1.ingest_to_gcs manual__2023-03-29T16:19:14.052251+00:00 [queued]>
[2023-03-29 16:19:32,460] {taskinstance.py:1238} INFO - 
--------------------------------------------------------------------------------
[2023-03-29 16:19:32,466] {taskinstance.py:1239} INFO - Starting attempt 1 of 3
[2023-03-29 16:19:32,469] {taskinstance.py:1240} INFO - 
--------------------------------------------------------------------------------
[2023-03-29 16:19:32,562] {taskinstance.py:1259} INFO - Executing <Task(PythonOperator): ingest_to_gcs> on 2023-03-29 16:19:14.052251+00:00
[2023-03-29 16:19:32,579] {standard_task_runner.py:52} INFO - Started process 6076 to run task
[2023-03-29 16:19:32,599] {standard_task_runner.py:76} INFO - Running: ['***', 'tasks', 'run', 'SP_500_DATA_PIPELINE_v1', 'ingest_to_gcs', 'manual__2023-03-29T16:19:14.052251+00:00', '--job-id', '138', '--raw', '--subdir', 'DAGS_FOLDER/first_dag.py', '--cfg-path', '/tmp/tmp8k2lkvii', '--error-file', '/tmp/tmplaffn40q']
[2023-03-29 16:19:32,605] {standard_task_runner.py:77} INFO - Job 138: Subtask ingest_to_gcs
[2023-03-29 16:19:32,769] {logging_mixin.py:109} INFO - Running <TaskInstance: SP_500_DATA_PIPELINE_v1.ingest_to_gcs manual__2023-03-29T16:19:14.052251+00:00 [running]> on host ebd786f8513c
[2023-03-29 16:19:33,042] {taskinstance.py:1426} INFO - Exporting the following env vars:
AIRFLOW_CTX_DAG_EMAIL=
AIRFLOW_CTX_DAG_OWNER=me
AIRFLOW_CTX_DAG_ID=SP_500_DATA_PIPELINE_v1
AIRFLOW_CTX_TASK_ID=ingest_to_gcs
AIRFLOW_CTX_EXECUTION_DATE=2023-03-29T16:19:14.052251+00:00
AIRFLOW_CTX_DAG_RUN_ID=manual__2023-03-29T16:19:14.052251+00:00
[2023-03-29 16:19:33,937] {logging_mixin.py:109} INFO - File sp_500_data.csv locally and  uploaded to input-data/sp_500_data.csv in bucket dtc_data_lake_dataengineering-378316.
[2023-03-29 16:19:33,940] {python.py:175} INFO - Done. Returned value was: None
[2023-03-29 16:19:34,020] {taskinstance.py:1277} INFO - Marking task as SUCCESS. dag_id=SP_500_DATA_PIPELINE_v1, task_id=ingest_to_gcs, execution_date=20230329T161914, start_date=20230329T161932, end_date=20230329T161934
[2023-03-29 16:19:34,228] {local_task_job.py:154} INFO - Task exited with return code 0
[2023-03-29 16:19:34,427] {local_task_job.py:264} INFO - 1 downstream tasks scheduled from follow-on schedule check
